<?xml version="1.0" encoding="UTF-8"?>
<!-- Generated by org.testng.reporters.JUnitXMLReporter -->
<testsuite ignored="0" hostname="RahulK-Tech" failures="2" tests="3" name="Surefire test" time="60.357" errors="0" timestamp="2025-05-06T11:41:34 IST">
  <testcase classname="io.cucumber.testng.AbstractTestNGCucumberTests" name="runScenario" time="23.015">
    <failure type="java.lang.AssertionError" message="expected [true] but found [false]">
      <![CDATA[java.lang.AssertionError: expected [true] but found [false]
at StepDefinition.StepDef.user_can_view_dashboard(StepDef.java:178)
at ✽.User can view Dashboard(file:///C:/Users/CSCSPV868/eclipse-workspace/CS_AutomationFramework/BDDCucumberJavaProject/./Features/AddBill.feature:8)
... Removed 4 stack frames]]>
    </failure>
  </testcase> <!-- runScenario -->
  <testcase classname="io.cucumber.testng.AbstractTestNGCucumberTests" name="runScenario" time="26.206"/>
  <testcase classname="io.cucumber.testng.AbstractTestNGCucumberTests" name="runScenario" time="9.771">
    <failure type="java.lang.AssertionError" message="expected [true] but found [false]">
      <![CDATA[java.lang.AssertionError: expected [true] but found [false]
at StepDefinition.StepDef.page_title_should_be(StepDef.java:124)
at ✽.Page Title should be "Invoice Management System"(file:///C:/Users/CSCSPV868/eclipse-workspace/CS_AutomationFramework/BDDCucumberJavaProject/./Features/LoginFeature.feature:9)
... Removed 4 stack frames]]>
    </failure>
  </testcase> <!-- runScenario -->
</testsuite> <!-- Surefire test -->
