<?xml version="1.0" encoding="UTF-8"?>
<testsuite xmlns:xsi="http://www.w3.org/2001/XMLSchema-instance" xsi:noNamespaceSchemaLocation="https://maven.apache.org/surefire/maven-surefire-plugin/xsd/surefire-test-report-3.0.xsd" version="3.0" name="TestRunner.Run" time="42.424" tests="3" errors="0" skipped="0" failures="0">
  <properties>
[...]
</properties>
  <testcase name="runScenario[&quot;Search Bill by Receipt Number&quot;, &quot;Bill&quot;](1)" classname="TestRunner.Run" time="23.456">
    <system-out><![CDATA[[INFO ] 2025-05-01 16:17:03.224 [main] StepDef - Before setup method executed.
[DEBUG] Using WebDriverManager 5.9.2
[DEBUG] Removing resolution chrome=134 from cache (expired on Mon Apr 28 15:54:30 IST 2025)
[DEBUG] ex-0000000001 preparing request execution
[DEBUG] ex-0000000001 target auth state: UNCHALLENGED
[DEBUG] ex-0000000001 proxy auth state: UNCHALLENGED
[DEBUG] ex-0000000001 acquiring connection with route {s}->https://raw.githubusercontent.com:443
[DEBUG] ex-0000000001 acquiring endpoint (3 MINUTES)
[DEBUG] ex-0000000001 endpoint lease request (3 MINUTES) [route: {s}->https://raw.githubusercontent.com:443][total available: 0; route allocated: 0 of 5; total allocated: 0 of 25]
[DEBUG] ex-0000000001 endpoint leased [route: {s}->https://raw.githubusercontent.com:443][total available: 0; route allocated: 1 of 5; total allocated: 1 of 25]
[DEBUG] ex-0000000001 acquired ep-0000000001
[DEBUG] ex-0000000001 acquired endpoint ep-0000000001
[DEBUG] ex-0000000001 opening connection {s}->https://raw.githubusercontent.com:443
[DEBUG] ep-0000000001 connecting endpoint (null)
[DEBUG] ep-0000000001 connecting endpoint to https://raw.githubusercontent.com:443 (30 SECONDS)
[DEBUG] raw.githubusercontent.com resolving remote address
[DEBUG] raw.githubusercontent.com resolved to [raw.githubusercontent.com/185.199.109.133, raw.githubusercontent.com/185.199.111.133, raw.githubusercontent.com/185.199.108.133, raw.githubusercontent.com/185.199.110.133]
[DEBUG] raw.githubusercontent.com:443 connecting null->raw.githubusercontent.com/185.199.109.133:443 (30 SECONDS)
[DEBUG] Connecting socket to raw.githubusercontent.com/185.199.109.133:443 with timeout 30 SECONDS
[DEBUG] Enabled protocols: [TLSv1.3, TLSv1.2]
[DEBUG] Enabled cipher suites: [TLS_AES_256_GCM_SHA384, TLS_AES_128_GCM_SHA256, TLS_CHACHA20_POLY1305_SHA256, TLS_ECDHE_ECDSA_WITH_AES_256_GCM_SHA384, TLS_ECDHE_ECDSA_WITH_AES_128_GCM_SHA256, TLS_ECDHE_ECDSA_WITH_CHACHA20_POLY1305_SHA256, TLS_ECDHE_RSA_WITH_AES_256_GCM_SHA384, TLS_ECDHE_RSA_WITH_CHACHA20_POLY1305_SHA256, TLS_ECDHE_RSA_WITH_AES_128_GCM_SHA256, TLS_DHE_RSA_WITH_AES_256_GCM_SHA384, TLS_DHE_RSA_WITH_CHACHA20_POLY1305_SHA256, TLS_DHE_DSS_WITH_AES_256_GCM_SHA384, TLS_DHE_RSA_WITH_AES_128_GCM_SHA256, TLS_DHE_DSS_WITH_AES_128_GCM_SHA256, TLS_ECDHE_ECDSA_WITH_AES_256_CBC_SHA384, TLS_ECDHE_RSA_WITH_AES_256_CBC_SHA384, TLS_ECDHE_ECDSA_WITH_AES_128_CBC_SHA256, TLS_ECDHE_RSA_WITH_AES_128_CBC_SHA256, TLS_DHE_RSA_WITH_AES_256_CBC_SHA256, TLS_DHE_DSS_WITH_AES_256_CBC_SHA256, TLS_DHE_RSA_WITH_AES_128_CBC_SHA256, TLS_DHE_DSS_WITH_AES_128_CBC_SHA256, TLS_ECDH_ECDSA_WITH_AES_256_GCM_SHA384, TLS_ECDH_RSA_WITH_AES_256_GCM_SHA384, TLS_ECDH_ECDSA_WITH_AES_128_GCM_SHA256, TLS_ECDH_RSA_WITH_AES_128_GCM_SHA256, TLS_ECDH_ECDSA_WITH_AES_256_CBC_SHA384, TLS_ECDH_RSA_WITH_AES_256_CBC_SHA384, TLS_ECDH_ECDSA_WITH_AES_128_CBC_SHA256, TLS_ECDH_RSA_WITH_AES_128_CBC_SHA256, TLS_ECDHE_ECDSA_WITH_AES_256_CBC_SHA, TLS_ECDHE_RSA_WITH_AES_256_CBC_SHA, TLS_ECDHE_ECDSA_WITH_AES_128_CBC_SHA, TLS_ECDHE_RSA_WITH_AES_128_CBC_SHA, TLS_DHE_RSA_WITH_AES_256_CBC_SHA, TLS_DHE_DSS_WITH_AES_256_CBC_SHA, TLS_DHE_RSA_WITH_AES_128_CBC_SHA, TLS_DHE_DSS_WITH_AES_128_CBC_SHA, TLS_ECDH_ECDSA_WITH_AES_256_CBC_SHA, TLS_ECDH_RSA_WITH_AES_256_CBC_SHA, TLS_ECDH_ECDSA_WITH_AES_128_CBC_SHA, TLS_ECDH_RSA_WITH_AES_128_CBC_SHA, TLS_RSA_WITH_AES_256_GCM_SHA384, TLS_RSA_WITH_AES_128_GCM_SHA256, TLS_RSA_WITH_AES_256_CBC_SHA256, TLS_RSA_WITH_AES_128_CBC_SHA256, TLS_RSA_WITH_AES_256_CBC_SHA, TLS_RSA_WITH_AES_128_CBC_SHA, TLS_EMPTY_RENEGOTIATION_INFO_SCSV]
[DEBUG] Starting handshake (null)
[DEBUG] Secure session established
[DEBUG]  negotiated protocol: TLSv1.3
[DEBUG]  negotiated cipher suite: TLS_AES_128_GCM_SHA256
[DEBUG]  peer principal: CN=*.github.io
[DEBUG]  peer alternative names: [*.github.io, *.github.com, *.githubusercontent.com, github.com, github.io, githubusercontent.com, www.github.com]
[DEBUG]  issuer principal: CN=Sectigo RSA Domain Validation Secure Server CA, O=Sectigo Limited, L=Salford, ST=Greater Manchester, C=GB
[DEBUG] http-outgoing-0 set socket timeout to 3 MINUTES
[DEBUG] raw.githubusercontent.com:443 connected null->raw.githubusercontent.com/185.199.109.133:443 as http-outgoing-0
[DEBUG] ep-0000000001 connected http-outgoing-0
[DEBUG] ep-0000000001 endpoint connected
[DEBUG] ex-0000000001 executing GET /bonigarcia/webdrivermanager/master/src/main/resources/commands.properties HTTP/1.1
[DEBUG] ex-0000000001 Cookie spec selected: strict
[DEBUG] ep-0000000001 start execution ex-0000000001
[DEBUG] ep-0000000001 executing exchange ex-0000000001 over http-outgoing-0
[DEBUG] http-outgoing-0 >> GET /bonigarcia/webdrivermanager/master/src/main/resources/commands.properties HTTP/1.1
[DEBUG] http-outgoing-0 >> user-agent: Apache-HttpClient/5.0
[DEBUG] http-outgoing-0 >> accept-encoding: gzip, deflate, br
[DEBUG] http-outgoing-0 >> cache-control: max-age=0
[DEBUG] http-outgoing-0 >> connection: keep-alive
[DEBUG] http-outgoing-0 >> Host: raw.githubusercontent.com
[DEBUG] http-outgoing-0 >> "GET /bonigarcia/webdrivermanager/master/src/main/resources/commands.properties HTTP/1.1[\r][\n]"
[DEBUG] http-outgoing-0 >> "user-agent: Apache-HttpClient/5.0[\r][\n]"
[DEBUG] http-outgoing-0 >> "accept-encoding: gzip, deflate, br[\r][\n]"
[DEBUG] http-outgoing-0 >> "cache-control: max-age=0[\r][\n]"
[DEBUG] http-outgoing-0 >> "connection: keep-alive[\r][\n]"
[DEBUG] http-outgoing-0 >> "Host: raw.githubusercontent.com[\r][\n]"
[DEBUG] http-outgoing-0 >> "[\r][\n]"
[DEBUG] http-outgoing-0 << "HTTP/1.1 200 OK[\r][\n]"
[DEBUG] http-outgoing-0 << "Connection: keep-alive[\r][\n]"
[DEBUG] http-outgoing-0 << "Content-Length: 946[\r][\n]"
[DEBUG] http-outgoing-0 << "Cache-Control: max-age=300[\r][\n]"
[DEBUG] http-outgoing-0 << "Content-Security-Policy: default-src 'none'; style-src 'unsafe-inline'; sandbox[\r][\n]"
[DEBUG] http-outgoing-0 << "Content-Type: text/plain; charset=utf-8[\r][\n]"
[DEBUG] http-outgoing-0 << "ETag: W/"dc0c32cea2dfa86f6cf10513cf8a64e1e8817484a415b658b4eecd962d4deaee"[\r][\n]"
[DEBUG] http-outgoing-0 << "Strict-Transport-Security: max-age=31536000[\r][\n]"
[DEBUG] http-outgoing-0 << "X-Content-Type-Options: nosniff[\r][\n]"
[DEBUG] http-outgoing-0 << "X-Frame-Options: deny[\r][\n]"
[DEBUG] http-outgoing-0 << "X-XSS-Protection: 1; mode=block[\r][\n]"
[DEBUG] http-outgoing-0 << "X-GitHub-Request-Id: BC6F:27DA22:177099:376B02:6808228E[\r][\n]"
[DEBUG] http-outgoing-0 << "Content-Encoding: gzip[\r][\n]"
[DEBUG] http-outgoing-0 << "Accept-Ranges: bytes[\r][\n]"
[DEBUG] http-outgoing-0 << "Date: Thu, 01 May 2025 10:47:05 GMT[\r][\n]"
[DEBUG] http-outgoing-0 << "Via: 1.1 varnish[\r][\n]"
[DEBUG] http-outgoing-0 << "X-Served-By: cache-del21747-DEL[\r][\n]"
[DEBUG] http-outgoing-0 << "X-Cache: HIT[\r][\n]"
[DEBUG] http-outgoing-0 << "X-Cache-Hits: 2[\r][\n]"
[DEBUG] http-outgoing-0 << "X-Timer: S1746096426.680168,VS0,VE0[\r][\n]"
[DEBUG] http-outgoing-0 << "Vary: Authorization,Accept-Encoding,Origin[\r][\n]"
[DEBUG] http-outgoing-0 << "Access-Control-Allow-Origin: *[\r][\n]"
[DEBUG] http-outgoing-0 << "Cross-Origin-Resource-Policy: cross-origin[\r][\n]"
[DEBUG] http-outgoing-0 << "X-Fastly-Request-ID: 2d16f70083f5ada7e3d2b7579be7a0c99c4e9208[\r][\n]"
[DEBUG] http-outgoing-0 << "Expires: Thu, 01 May 2025 10:52:05 GMT[\r][\n]"
[DEBUG] http-outgoing-0 << "Source-Age: 157[\r][\n]"
[DEBUG] http-outgoing-0 << "[\r][\n]"
[DEBUG] http-outgoing-0 << HTTP/1.1 200 OK
[DEBUG] http-outgoing-0 << Connection: keep-alive
[DEBUG] http-outgoing-0 << Content-Length: 946
[DEBUG] http-outgoing-0 << Cache-Control: max-age=300
[DEBUG] http-outgoing-0 << Content-Security-Policy: default-src 'none'; style-src 'unsafe-inline'; sandbox
[DEBUG] http-outgoing-0 << Content-Type: text/plain; charset=utf-8
[DEBUG] http-outgoing-0 << ETag: W/"dc0c32cea2dfa86f6cf10513cf8a64e1e8817484a415b658b4eecd962d4deaee"
[DEBUG] http-outgoing-0 << Strict-Transport-Security: max-age=31536000
[DEBUG] http-outgoing-0 << X-Content-Type-Options: nosniff
[DEBUG] http-outgoing-0 << X-Frame-Options: deny
[DEBUG] http-outgoing-0 << X-XSS-Protection: 1; mode=block
[DEBUG] http-outgoing-0 << X-GitHub-Request-Id: BC6F:27DA22:177099:376B02:6808228E
[DEBUG] http-outgoing-0 << Content-Encoding: gzip
[DEBUG] http-outgoing-0 << Accept-Ranges: bytes
[DEBUG] http-outgoing-0 << Date: Thu, 01 May 2025 10:47:05 GMT
[DEBUG] http-outgoing-0 << Via: 1.1 varnish
[DEBUG] http-outgoing-0 << X-Served-By: cache-del21747-DEL
[DEBUG] http-outgoing-0 << X-Cache: HIT
[DEBUG] http-outgoing-0 << X-Cache-Hits: 2
[DEBUG] http-outgoing-0 << X-Timer: S1746096426.680168,VS0,VE0
[DEBUG] http-outgoing-0 << Vary: Authorization,Accept-Encoding,Origin
[DEBUG] http-outgoing-0 << Access-Control-Allow-Origin: *
[DEBUG] http-outgoing-0 << Cross-Origin-Resource-Policy: cross-origin
[DEBUG] http-outgoing-0 << X-Fastly-Request-ID: 2d16f70083f5ada7e3d2b7579be7a0c99c4e9208
[DEBUG] http-outgoing-0 << Expires: Thu, 01 May 2025 10:52:05 GMT
[DEBUG] http-outgoing-0 << Source-Age: 157
[DEBUG] ex-0000000001 connection can be kept alive for 3 MINUTES
[DEBUG] http-outgoing-0 << "[0x1f][0xffffff8b][0x8][0x0][0x0][0x0][0x0][0x0][0x0][0x3][0xffffffb5]X[0xffffffd1]n[0xffffffda]0[0x14]}[0xffffffe7]+,[0xffffffba]J [0x11][0xffffffb2][0x1][0xffffffeb][0xffffffaa]Jy[0xffffffa0][0x19]e[0xffffffd5][0xffffffa8]`[0xffffffd0]v[0xffffff9b][0xffffffe4][0x17][0xffffff93]8`)[0xffffff89]Q[0xffffff9c]@[0xffffffb7][0xffffffa9][0xfffffffb][0xfffffff6]9NB[0xffffffe3]$[0xc]H[0xffffffe0][0xffffffad][0xffffff8e][0xffffff8f][0xffffffef]97[0xffffffdc]s}[0xffffffd3][0xb][0xffffffa0]S[0xffffffc7]A[0xffffffae][0xffffffc9][0xffffff80][0xffffff89]|4G[0xc][0xffffffd7].[0xffffffc0][0xffffffe3][0xffffff92]0`[0x11][0x1b][0x3][0xffffff83][0xffffffba]>".[0x3][0xfffffffe]2\[0xffffffc4]P[0xffffff9f][0xffffff82]9[0x6][0xfffffff8][0x5][0x1b][0xffffff81][0xffffff8f]M@\[0xffffffb1][0xffffffcd][0xffffff96][0xffffffd8][0xffffffb6][0xffffffc3][0x5][0xfffffff5]L[0xffffffec][0xffffff85] [0x13][0xfffffffb][0xffffffd8][0xfffffff0][0xffffffc5][0xffffffe6][0x1a]{[0xffffff8c]P[0xffffffbe]g[0x1][0xffffffcc][0xffffffff]^x[0x18][0xffffffbb]`[0xffffffee][0xffffffd1][\r][0xffffffe3][0x1b][0xffffff9c][0xffffffb2][0xffffffa1]/=[0xffffffea][0xffffffe0][0x16][0xffffffb8]#[0x1e][0xffffffb6][0xffffffe8]K[0xb][0xffffff8c]W[0xffffffd8]C-00[0x17][0xfffffffc][0xffffffa9][0xffffffd8]%[0xffffff81][0xffffffd3][0xc][0xffffffe3][0xffffff9b][0xffffffc4][0xffffffb2][0xffffffb0][0xffffff87]][0x1f][0xffffffd0][0x10][0xffffffe3][0x13]w[0x1][0xffffffd8]/[0xffffffe6]c[0xffffff87][0xffffff81][0xffffffc6]w[0xffffffe2][0xffffff9a]<j[0xb][0xffffff8c][0xffffff88][0x1b][0xfffffff0]0[0xf][0xffffffc8][0x0][0xffffffe3]Y[0xffffffb3][0xffffffc6]9"[0xffffff8a]Z[0xffffff9c]F[0xffffffdb][0x10][0xffffffcb][0xfffffff6]&:[0xffffffd0]~[0xffffffff]A3[0x1c][0xffffffb3][0xffffffcd][0xffffffb3][0x2][0xffffffaa][0xe]6[0xe]1[0xffffffc4]+[0x11][0xffffffaf]a[0xffffffb3][0xffffffe4]|[0xffffffc0]E[0xe][0xffffffd6][0xffffffea][0xffffff97][0xffffff93][0xffffffe9]x8[0xffffffed]?[0xffffffdc][0xffffffdd][0xffffff8f][0x6][0xffffffb3][0x1b][0xffffffa8]Ax[0x9][0xffffffe1][0xffffff90][0xffffffd2][0xffffff85][0xffffff8d]![0xffffff8c]( [0xffffffec][0xffffffaf]V61[0xffffffb8]4[0xffffffea]B[0x18][0x13][0xfffffff1][0xffffffc8]u[0xffffffb0][0xffffffc0]>x[0xffffff8e][0xffffffdf][0xffffff85][0xffffffba]Fv[0xffffffb0][O[0xffffffa7][0xffffff84][0xffffff9e][0xffffffc6][0xffffff8f][0xffffffeb][0xffffffab][0xffffffe6]9Eu[0xf][0x14]5[0x1a][0xffffffeb][0xfffffffd]Q[0x7f]2[0xfffffff9][0xffffffdc][0x7f][0xffffffec][0xffffff9f]SOO[0xffffff9b][0xe][0xffffff86][0xffffffe0][0xffffffdb][0xffffffd3]`[0xfffffffa][0x13]|[0xfffffff9][0xffffffaa]?[0xffffffc1][0x19][0xffffffb5][0xfffffffc][\r][0xfffffff2]p[0xffffffc2][0x16][0xffffff93][0xffffffdd][0xffffff8e]n12D[0xffffffbc][0xffffffa4][0x16]w[0xffffffc6][0xfffffffc][0xffffffa8][0xffffffad][0xffffffe8][0xffffff86]c[0xffffffc2]z[0x16][0xffffffa9]*[0xffffffb1]I@c[0xffffff88]}[0xffffffe5][0xffffff9e][0x17][0x1a][0xffffffa8][0xffffffbf][0xfffffffb][0xffffff83][0xffffffdd][0xfffffff5]M:[0xffffffcd][0xffffffd7][0xc]e:[0xffffffbd]Tv[0xffffffcd]v[0xffffff9c][0xffffffda][0xffffffbd]k[0xffffffd1][0xfffffff6][0xffffffc4][0xffffffa3]f`[0xfffffff8][0xffffffcf]{$][0x1d].)W[0xe][0xffffffe7][0xffffffd4][0xfffffff5][0xffffffa9][0xffffff9c][0xffffffae]SH[0xffffffca]j[0xffffffb2]C[0xffffffbf][0xffffff87].V[0x3][0xffffffe6][0xffffffa9]s[0xffffffe2][0xffffffaa][0xb][0xffffffc1][0xffffffa1]D[0xfffffffb]@Qv[0xfffffffc][0xffffffee][0xfffffff1][0xffffffc1][0xffffff8e][0xffffffb6][0xb][0xffffff9f]=[0xffffffe0] C[0xfffffff0][0xffffffa4]T35J([0xffffffee]1m[0xffffffb4]Z[0xffffffa9]:[0xffffffef][0xffffff9d][0xffffffbc]I1[0xffffff95][0xffffffb7][0xffffffa0][0xfffffff1]L[0x6][0xffffffa4][0xffffffa3][0xfffffff3][0xffffffce][0x14]7[0xffffffbd]-[0xffffff91][0x15][0xffffffad]O[0xffffffd3][0xffffff9b][0x1e][0xffffffe8]ob[0xffffffdb](![0xffffff81]0[0xffffff89][0xffffffbe][0xffffffcf]k9[0x15][0xffffff95];[0xffffffd2][0xffffffe9][0xffffffa4]tS[0xffffffbe][0xffffffaf][0xffffffcb][0xffffffc6][0xffffff8f]I[0xffffffb2]d[0xfffffff5][0xffffffd0][0xfffffffa]z[0xffffffe0][0xffffff85][0x17]G[0xffffffb6][0xffffffac]s[0xffffffe1]{[0xffffff95][0xfffffffc][0x16]1[0xffffffff][0xfffffffd] [0xffffffa5]w[0xffffff90][0xffffffbf]rB[0xffffff8e][0xffffffe8]E[0xffffffb2][0xffffffc1][0xffffff8e][0xffffffd7][0xffffff90][0x13][0xffffff91]wT[0xffffffbc][0x3][0xffffff94][0xfffffff5].pGKar[0xffffffa0]B[0xffffffe7][0xffffffc4][0xffffffbf]O[0xffffff91]g[0xffffffd2][0xffffffb1][0xffffffb8]M[0xffffffc2]Y`[0x1b][0x13][0xfffffff3]E5[0xffffff83][0xffffffc8][0xffffffa5]I[0xc][0xffffff8f]2^C[0x10][0xffffff86]4[0xffffff99][0xffffffdb][0xffffffc9]a[0xffffff82]n_[0xffffff99][0xffffffca][0xffffff9a][0xffffffca][0xffffffd8][0xffffffe5][0xffffff8c]r[0xffffffba];[0xffffffaf][0xffffffca]72[0xffffffc1][0xfffffff5][0xffffffbf][0xffffffbb]R[0xe]Y[0xffffffd2]&[0xffffffaf]Y[0xffffffc6]tr[0xffffffa9][0xffffffdc][0xe][0xffffffb2][0xffffff8c][0xffffffac][0xffffffa8][0xffffffa4]_[0x12][0xffffffe3]V[0xffffff97]U[0xffffff93][0xffffff85][0xffffffe5]=[0xffffffe4]$[0x1c]J[0x8]([0xffffffb8][0xffffff96][0xffffffd2][0xffffffe7]:[0xffffffda]N[0xffffffb8][0xffffff8c]/t[0xffffffd6]6[0x1d][0xffffffe1][0xffffff9c]"[0xffffff83][0xffffffc9][0x8] ]Jb[0x0][0xffffffdf][0xffffffb2][0xffffff88]Q[0xfffffffb]x[0xffffffbf][0x15][0xffffffcd][0xffffff81][0xfffffffc][0xffffff8d]-<[0xffffffe4]0[0x8][0x5][0x5][0xffffff84]Q[0xffffffec]}[0xffffffd5][0xffffff9c]QP[0xffffffc5]][0xffffffa7]QPe[0x16][0xffffff8e]ym[0x14][0xffffffb8][0x6][0xffffffc7][0x1e]K[0xffffffdd][0xffffffab][0xffffff90]|E[0xffffffea][0xffffffd2]7R[0xffffffc4]+[0xffffffd1][0x1e]d[0xfffffff0][0xc][0xffffffff][0x11][0xffffffa3][0xffffffb0]<[0xffffff9d][0xffffff9f][0xffffff88][0xffffffbf][0xfffffff4][0xffffffc8][0xffffffbb]-[0xffffffba]H[0xffffffc8][[0xffffffc9][0xffffff95]Qq][0xfffffff6]-[0xffffff94]S[0xffffff91][0xffffff91][0xffffff91][0xffffffef]j[0xffffffe2]yA3[0xffffff93][0xfffffff0][0x1d]-[0xb][0xffffffcb][0xffffffe0][\n]"
[DEBUG] http-outgoing-0 << "[0xffffffbb][0xffffff98][0x10]Z[0xffffffd4][0xffffffbc][0xffffffc6][0xffffffd9]`[0xffffffc9]7>[0x9][0x1c]yf[0xffffffe7][0xf]N[0xffffffd3][0xffffffba][0xffffff92][0xfffffff0][0x15]>^%-[0xffffff95]'[0xffffffea]S[0xb]:[0xffffffb4][0xffffffa7][0x15]5[0xffffff96]Sk)=]l[0xffffff85]T[0xfffffffe][0xffffffd4][0xffffff95][0xfffffff4]T[0xffffff9b]-[0xffffffce]$[0xffffffaa]t;[0xffffffac][0xffffffa4]'/([0xffffffdf][0x12][0xffffff92]-%[0xfffffffe]7[0xffffffdf][0xffffffae]/[0xfffffff0][0xffffffd4]in[0xffffff87][0xffffffe3][0xf]u[0xfffffff3][0xffffff94][0x7][0xffffff9c][0xffffffea]i[0x5][0xffffffe0]<[0xffffffba][0xffffffb0]#%[0xffffffaf][0xffffffae][0xffffffa8])[0xffffffe9][0x5]Q/[0xffffffc0][0xc]Y[0xffffffc8]#[0xffffffdb][0xfffffff0]L,[0xffffff8b][0xffffff83]G[0xffffffd0][0xffffffa2][0xffffffd0][0xffffffd1]N*[0xfffffff0]?l[0x1d]d@[0xffffffbe][0x15][0x0][0x0]"
[DEBUG] ep-0000000001 releasing valid endpoint
[DEBUG] ep-0000000001 releasing endpoint
[DEBUG] ep-0000000001 connection http-outgoing-0 can be kept alive for 3 MINUTES
[DEBUG] ep-0000000001 connection released [route: {s}->https://raw.githubusercontent.com:443][total available: 1; route allocated: 1 of 5; total allocated: 1 of 25]
[DEBUG] Detecting chrome version using online commands.properties
[DEBUG] Running command on the shell: [cmd.exe, /C, wmic, datafile, where, name="%PROGRAMFILES:\=\\%\\Google\\Chrome\\Application\\chrome.exe", get, Version, /value]
[DEBUG] Result: Version=134.0.6998.178
[DEBUG] Removing resolution chrome134=134.0.6998.165 from cache (expired on Tue Apr 29 14:54:30 IST 2025)
[DEBUG] ex-0000000002 preparing request execution
[DEBUG] ex-0000000002 target auth state: UNCHALLENGED
[DEBUG] ex-0000000002 proxy auth state: UNCHALLENGED
[DEBUG] ex-0000000002 acquiring connection with route {s}->https://googlechromelabs.github.io:443
[DEBUG] ex-0000000002 acquiring endpoint (3 MINUTES)
[DEBUG] ex-0000000002 endpoint lease request (3 MINUTES) [route: {s}->https://googlechromelabs.github.io:443][total available: 1; route allocated: 0 of 5; total allocated: 1 of 25]
[DEBUG] ex-0000000002 endpoint leased [route: {s}->https://googlechromelabs.github.io:443][total available: 1; route allocated: 1 of 5; total allocated: 2 of 25]
[DEBUG] ex-0000000002 acquired ep-0000000002
[DEBUG] ex-0000000002 acquired endpoint ep-0000000002
[DEBUG] ex-0000000002 opening connection {s}->https://googlechromelabs.github.io:443
[DEBUG] ep-0000000002 connecting endpoint (null)
[DEBUG] ep-0000000002 connecting endpoint to https://googlechromelabs.github.io:443 (30 SECONDS)
[DEBUG] googlechromelabs.github.io resolving remote address
[DEBUG] googlechromelabs.github.io resolved to [googlechromelabs.github.io/185.199.111.153, googlechromelabs.github.io/185.199.110.153, googlechromelabs.github.io/185.199.109.153, googlechromelabs.github.io/185.199.108.153]
[DEBUG] googlechromelabs.github.io:443 connecting null->googlechromelabs.github.io/185.199.111.153:443 (30 SECONDS)
[DEBUG] Connecting socket to googlechromelabs.github.io/185.199.111.153:443 with timeout 30 SECONDS
[DEBUG] Enabled protocols: [TLSv1.3, TLSv1.2]
[DEBUG] Enabled cipher suites: [TLS_AES_256_GCM_SHA384, TLS_AES_128_GCM_SHA256, TLS_CHACHA20_POLY1305_SHA256, TLS_ECDHE_ECDSA_WITH_AES_256_GCM_SHA384, TLS_ECDHE_ECDSA_WITH_AES_128_GCM_SHA256, TLS_ECDHE_ECDSA_WITH_CHACHA20_POLY1305_SHA256, TLS_ECDHE_RSA_WITH_AES_256_GCM_SHA384, TLS_ECDHE_RSA_WITH_CHACHA20_POLY1305_SHA256, TLS_ECDHE_RSA_WITH_AES_128_GCM_SHA256, TLS_DHE_RSA_WITH_AES_256_GCM_SHA384, TLS_DHE_RSA_WITH_CHACHA20_POLY1305_SHA256, TLS_DHE_DSS_WITH_AES_256_GCM_SHA384, TLS_DHE_RSA_WITH_AES_128_GCM_SHA256, TLS_DHE_DSS_WITH_AES_128_GCM_SHA256, TLS_ECDHE_ECDSA_WITH_AES_256_CBC_SHA384, TLS_ECDHE_RSA_WITH_AES_256_CBC_SHA384, TLS_ECDHE_ECDSA_WITH_AES_128_CBC_SHA256, TLS_ECDHE_RSA_WITH_AES_128_CBC_SHA256, TLS_DHE_RSA_WITH_AES_256_CBC_SHA256, TLS_DHE_DSS_WITH_AES_256_CBC_SHA256, TLS_DHE_RSA_WITH_AES_128_CBC_SHA256, TLS_DHE_DSS_WITH_AES_128_CBC_SHA256, TLS_ECDH_ECDSA_WITH_AES_256_GCM_SHA384, TLS_ECDH_RSA_WITH_AES_256_GCM_SHA384, TLS_ECDH_ECDSA_WITH_AES_128_GCM_SHA256, TLS_ECDH_RSA_WITH_AES_128_GCM_SHA256, TLS_ECDH_ECDSA_WITH_AES_256_CBC_SHA384, TLS_ECDH_RSA_WITH_AES_256_CBC_SHA384, TLS_ECDH_ECDSA_WITH_AES_128_CBC_SHA256, TLS_ECDH_RSA_WITH_AES_128_CBC_SHA256, TLS_ECDHE_ECDSA_WITH_AES_256_CBC_SHA, TLS_ECDHE_RSA_WITH_AES_256_CBC_SHA, TLS_ECDHE_ECDSA_WITH_AES_128_CBC_SHA, TLS_ECDHE_RSA_WITH_AES_128_CBC_SHA, TLS_DHE_RSA_WITH_AES_256_CBC_SHA, TLS_DHE_DSS_WITH_AES_256_CBC_SHA, TLS_DHE_RSA_WITH_AES_128_CBC_SHA, TLS_DHE_DSS_WITH_AES_128_CBC_SHA, TLS_ECDH_ECDSA_WITH_AES_256_CBC_SHA, TLS_ECDH_RSA_WITH_AES_256_CBC_SHA, TLS_ECDH_ECDSA_WITH_AES_128_CBC_SHA, TLS_ECDH_RSA_WITH_AES_128_CBC_SHA, TLS_RSA_WITH_AES_256_GCM_SHA384, TLS_RSA_WITH_AES_128_GCM_SHA256, TLS_RSA_WITH_AES_256_CBC_SHA256, TLS_RSA_WITH_AES_128_CBC_SHA256, TLS_RSA_WITH_AES_256_CBC_SHA, TLS_RSA_WITH_AES_128_CBC_SHA, TLS_EMPTY_RENEGOTIATION_INFO_SCSV]
[DEBUG] Starting handshake (null)
[DEBUG] Secure session established
[DEBUG]  negotiated protocol: TLSv1.3
[DEBUG]  negotiated cipher suite: TLS_AES_128_GCM_SHA256
[DEBUG]  peer principal: CN=*.github.io
[DEBUG]  peer alternative names: [*.github.io, *.github.com, *.githubusercontent.com, github.com, github.io, githubusercontent.com, www.github.com]
[DEBUG]  issuer principal: CN=Sectigo RSA Domain Validation Secure Server CA, O=Sectigo Limited, L=Salford, ST=Greater Manchester, C=GB
[DEBUG] http-outgoing-1 set socket timeout to 3 MINUTES
[DEBUG] googlechromelabs.github.io:443 connected null->googlechromelabs.github.io/185.199.111.153:443 as http-outgoing-1
[DEBUG] ep-0000000002 connected http-outgoing-1
[DEBUG] ep-0000000002 endpoint connected
[DEBUG] ex-0000000002 executing GET /chrome-for-testing/known-good-versions-with-downloads.json HTTP/1.1
[DEBUG] ex-0000000002 Cookie spec selected: strict
[DEBUG] ep-0000000002 start execution ex-0000000002
[DEBUG] ep-0000000002 executing exchange ex-0000000002 over http-outgoing-1
[DEBUG] http-outgoing-1 >> GET /chrome-for-testing/known-good-versions-with-downloads.json HTTP/1.1
[DEBUG] http-outgoing-1 >> user-agent: Apache-HttpClient/5.0
[DEBUG] http-outgoing-1 >> accept-encoding: gzip, deflate, br
[DEBUG] http-outgoing-1 >> cache-control: max-age=0
[DEBUG] http-outgoing-1 >> connection: keep-alive
[DEBUG] http-outgoing-1 >> Host: googlechromelabs.github.io
[DEBUG] http-outgoing-1 >> "GET /chrome-for-testing/known-good-versions-with-downloads.json HTTP/1.1[\r][\n]"
[DEBUG] http-outgoing-1 >> "user-agent: Apache-HttpClient/5.0[\r][\n]"
[DEBUG] http-outgoing-1 >> "accept-encoding: gzip, deflate, br[\r][\n]"
[DEBUG] http-outgoing-1 >> "cache-control: max-age=0[\r][\n]"
[DEBUG] http-outgoing-1 >> "connection: keep-alive[\r][\n]"
[DEBUG] http-outgoing-1 >> "Host: googlechromelabs.github.io[\r][\n]"
[DEBUG] http-outgoing-1 >> "[\r][\n]"
[DEBUG] http-outgoing-1 << "HTTP/1.1 200 OK[\r][\n]"
[DEBUG] http-outgoing-1 << "Connection: keep-alive[\r][\n]"
[DEBUG] http-outgoing-1 << "Content-Length: 89594[\r][\n]"
[DEBUG] http-outgoing-1 << "Server: GitHub.com[\r][\n]"
[DEBUG] http-outgoing-1 << "Content-Type: application/json; charset=utf-8[\r][\n]"
[DEBUG] http-outgoing-1 << "permissions-policy: interest-cohort=()[\r][\n]"
[DEBUG] http-outgoing-1 << "x-origin-cache: HIT[\r][\n]"
[DEBUG] http-outgoing-1 << "Last-Modified: Thu, 01 May 2025 10:10:32 GMT[\r][\n]"
[DEBUG] http-outgoing-1 << "Access-Control-Allow-Origin: *[\r][\n]"
[DEBUG] http-outgoing-1 << "Strict-Transport-Security: max-age=31556952[\r][\n]"
[DEBUG] http-outgoing-1 << "ETag: W/"68134898-2b216d"[\r][\n]"
[DEBUG] http-outgoing-1 << "expires: Thu, 01 May 2025 10:23:03 GMT[\r][\n]"
[DEBUG] http-outgoing-1 << "Cache-Control: max-age=600[\r][\n]"
[DEBUG] http-outgoing-1 << "Content-Encoding: gzip[\r][\n]"
[DEBUG] http-outgoing-1 << "x-proxy-cache: HIT[\r][\n]"
[DEBUG] http-outgoing-1 << "X-GitHub-Request-Id: E0B1:3DCA39:DB212:1012BB:68134953[\r][\n]"
[DEBUG] http-outgoing-1 << "Accept-Ranges: bytes[\r][\n]"
[DEBUG] http-outgoing-1 << "Date: Thu, 01 May 2025 10:47:06 GMT[\r][\n]"
[DEBUG] http-outgoing-1 << "Via: 1.1 varnish[\r][\n]"
[DEBUG] http-outgoing-1 << "Age: 151[\r][\n]"
[DEBUG] http-outgoing-1 << "X-Served-By: cache-hyd1100034-HYD[\r][\n]"
[DEBUG] http-outgoing-1 << "X-Cache: HIT[\r][\n]"
[DEBUG] http-outgoing-1 << "X-Cache-Hits: 3[\r][\n]"
[DEBUG] http-outgoing-1 << "X-Timer: S1746096427.687039,VS0,VE1[\r][\n]"
[DEBUG] http-outgoing-1 << "Vary: Accept-Encoding[\r][\n]"
[DEBUG] http-outgoing-1 << "X-Fastly-Request-ID: 4ccafdc860d6af33f11a4e94409aaeb28856ced5[\r][\n]"
[DEBUG] http-outgoing-1 << "[\r][\n]"
[DEBUG] http-outgoing-1 << HTTP/1.1 200 OK
[DEBUG] http-outgoing-1 << Connection: keep-alive
[DEBUG] http-outgoing-1 << Content-Length: 89594
[DEBUG] http-outgoing-1 << Server: GitHub.com
[DEBUG] http-outgoing-1 << Content-Type: application/json; charset=utf-8
[DEBUG] http-outgoing-1 << permissions-policy: interest-cohort=()
[DEBUG] http-outgoing-1 << x-origin-cache: HIT
[DEBUG] http-outgoing-1 << Last-Modified: Thu, 01 May 2025 10:10:32 GMT
[DEBUG] http-outgoing-1 << Access-Control-Allow-Origin: *
[DEBUG] http-outgoing-1 << Strict-Transport-Security: max-age=31556952
[DEBUG] http-outgoing-1 << ETag: W/"68134898-2b216d"
[DEBUG] http-outgoing-1 << expires: Thu, 01 May 2025 10:23:03 GMT
[DEBUG] http-outgoing-1 << Cache-Control: max-age=600
[DEBUG] http-outgoing-1 << Content-Encoding: gzip
[DEBUG] http-outgoing-1 << x-proxy-cache: HIT
[DEBUG] http-outgoing-1 << X-GitHub-Request-Id: E0B1:3DCA39:DB212:1012BB:68134953
[DEBUG] http-outgoing-1 << Accept-Ranges: bytes
[DEBUG] http-outgoing-1 << Date: Thu, 01 May 2025 10:47:06 GMT
[DEBUG] http-outgoing-1 << Via: 1.1 varnish
[DEBUG] http-outgoing-1 << Age: 151
[DEBUG] http-outgoing-1 << X-Served-By: cache-hyd1100034-HYD
[DEBUG] http-outgoing-1 << X-Cache: HIT
[DEBUG] http-outgoing-1 << X-Cache-Hits: 3
[DEBUG] http-outgoing-1 << X-Timer: S1746096427.687039,VS0,VE1
[DEBUG] http-outgoing-1 << Vary: Accept-Encoding
[DEBUG] http-outgoing-1 << X-Fastly-Request-ID: 4ccafdc860d6af33f11a4e94409aaeb28856ced5
[DEBUG] ex-0000000002 connection can be kept alive for 3 MINUTES
[DEBUG] http-outgoing-1 << "[0x1f][0xffffff8b][0x8][0x0][0x0][0x0][0x0][0x0][0x0][0x3][0xffffffcc][0xffffffbd][0xffffffdd][0xffffff8e],Iv^[0xfffffff9].}[0xffffffad].[0xffffff86][0xffffffdb][0xffffff9f][0xffffff9b][0xfffffff1]9t5[0xffffff83][0xffffffb9][0xffffffe8]!{[0xffffffc8][0x6][0xffffff9a]l[0xffffffa2][0xffffff9b][0xffffff92][0x6]#[0xffffffe8][0xffffffdd]'22[0xffffffcf][0xffffffc9],[0xffffffdb]_[0x1c]U[0xfffffff8]i[0xffffffec][0xfffffff5]A[0x10][0x4][0xffffff8a][0xffffff9d][0xffffffe5]Fbaa[0xffffff95][0xffffff87][0xffffffed][0xffffffed][0xffffffff][0xfffffff3]w[0xffffffff][0xfffffff9][0xffffffa7][0x7f][0xfffffffb][0xffffffe3][0xffffffdf][0xfffffffe][0xfffffff3][0xf][0xffffffff][0xfffffff6][0x1f][0xffffffbf][0xfffffffb][0xffffffc7][0xffffffdf][0xffffff95][[0xffffffe9][0xffffffbf][0xffffffbf][0xffffffb5][0xffffffdf][0xffffffd7][0xffffffdb][0x7f]-[0xfffffff5][0x1f]o[0xffffffeb][0x1f][0xffffffeb][0xfffffff8]e[0xffffffb6][0xffffffe3][0xffffffff][0xfffffff8][0xffffffdd][0x7f][0xfffffff9][0xffffffdd][0x7f][0xffffffff][0xffffffe3]_[0xffffffff][0xfffffff6][0xffffffa7][0xffffffbf][0xfffffffc][0xfffffffb][0xffffffdf]~[0xfffffff7][0xffffff8f][0xffffffff][0xffffffe7][0xffffffff][0xfffffffc][0xfffffff6]_[0xffffffdc][0xffffffff][0xffffffe2]8[0xffffffea]/[0xffffffb7]_[0xfffffffa]8[0xffffffcb]/[0xffffffb7][0xfffffffb][0x7f][0xffffffea][0xffffffaf][0x7f][0xfffffffc][0xffffffef][0x7f][0xfffffffa][0xfffffffe][0xffffffdf])G[0xffffffeb][0xfffffffd][0xfffffffe][0xffffffff][0xfffffff9][0xffffffcf][0x7f][0xfffffff9][0x1f][0xffffffff][0xfffffffe][0xffffffe7][0xffffffbf][0xfffffffc][0xffffffe1][0xffffff9f][0xffffffef][0x7f][0xfffffffb]?[0x7f][0xfffffff7]O[0xffffffff][0xfffffffa][0xffffffd7][0xffffffbf][0xfffffffc][0xffffffdb][0x1f][0x1f][0xffffffff][0xffffff94][0xffffffff][0xfffffff8][0xfffffff3][0x1f][0xfffffffe][0xfffffff3][0xffffffff][0xfffffff9][0xffffffcb]_[0xffffffff][0xffffffed][0xfffffffe][0x1f][0xfffffffe][0xfffffff3][0xffffff9f][0xfffffffe][0xfffffffd][0xffffffbf][0xfffffffd][0xffffffbf][0xffffffa3][0xffffffdd][0xffffffff][0xffffffc3][0xffffffff][0xffffffed][0xffffffaf][0x7f][0xffffffbe][0xffffffff][0xffffffd7][0xffffffff][0xfffffffa][0xffffff9f][0xffffffff][0xfffffff9][0x1f][0x7f][0xfffffffb][0xffffffc7][0x7f][0xfffffff8][0xffffff87][0xffffffbf][0xfffffffd][0xffffffe7]_[0xfffffffe][0xfffffffa][0xffffff87][0x7f][0xfffffff9][0xffffffe3]/[0xffffffff][0xfffffff2][0xffffff97][0xffffffbf][0xfffffffc][0xffffffcb][0xffffff9f][0xffffffff][0xfffffff8][0xffffff87][0xffffffff][0xfffffff8][0xffffffd3][0xffffffdf]~[0xfffffff9][0xffffffa7][0xffffffbf][0xfffffffc][0xffffffdb]?[0xffffffbc][0xffffffff]C~[0x7f][0xffffffff][0xffffffe3][0xffffffdf][0xffffffff][0xffffffe7][0xfffffffd][0xfffffff0][0x7f][0xfffffffa][0xfffffff7][0x7f][0xfffffff9][0xfffffffd][0x7f][0xfffffffc][0xffffffb7][0xffffffff][0xfffffffb][0xffffffcf][0x7f][0xfffffffa][0xffffffa7][0x7f][0xfffffff8]z[0xffffff9e][0x7f][0xfffffff8][0xfffffff8][0xffffffa7]~[0xfffffffb][0xffffff8f][0x7f][0xfffffffc][0xffffff97][0xffffffbf][0xfffffffc][0x7f][0x7f][0xfffffffa][0xffffff8f][0xffffffdf][0xfffffffd][0xffffffaf][0xffffffff][0xfffffff2][0xffffffab][0xffffffe7][0xffffffff][0xffffffdb][0x1f][0xfffffffe][0xffffffe9][0xfffffff7][0x7f][0xfffffff8][0xffffffeb][0xffffffbf][0xfffffffd][0xffffffdd]O[0xfffffff0][0xfffffffd][0xffffff9f][0xfffffffb][0xffffffed][0xf][0xffffffbe][0xffffffff][0x7f]<;[0xffffffc5][0xffffffdf][0xffffffff][0x7f][0xb][0x1f][0xffffffff][0xffffffd4][0xffffffaf]'x[0xfffffff2][0xffffffbf][0xffffff85][0xffffffff][0xfffffff1][0xffffffa7][0x7f][0xffffffaf][0xffffffe5][0xffffffef][0xfffffffc][0xfffffff4][0xffffffc7]?[0xfffffff3][0xffffffdb][0x7f][0xfffffff8][0xfffffff1]_<y[0xfffffff2][0xffffffdf][0xfffffffd][0x7f][0xffffffee][0xffffffc7]?[0xfffffff3][0xffffffcb][0xffffff93][0xffffffbf][0xfffffffd][0xffffffcf][0xfffffffc][0x7f][0xfffffffd][0xffffffaf][0xffffffb7][0xffffff87]K[0xffffff84]k7c[0xffffffb8]v[0x1c][0xffffffe2][0xfffffffb][0x11]x[0xffffff8a]?[0xe]Aa|[0x7f]<[0xffffffc5][0xfffffff1][0xfffffffb][0xffffffa3]_[0x5]yT3[0xffffff90]G[0xffffffc5]A[0xffffffbe][0x1f][0xffffff81][0x7][0xfffffff9][0xffffffe3][0x10][0x14][0xffffffc8][0xfffffff7][0xffffffc7]S [0xffffffbf]?[0xfffffffa]7[0xffffff82][0xffffffdc][0x1e][0x7f][0xffffffb5][0xffffff86][0xffffff88][0xffffff8a]Q[0xffffffc6]J[0xffffffe7][0xfffffff8][0xfffffff3]<[0x14][0xffffffc6]_N[0xffffff80]Q[0xffffffbc][0xffffff9d]![0x19][0xffffffe2]/OOf[0xfffffff8][0xffffffd7]O~[0x5][0xffffffe1][0xfffffff3]6[0x5][0xffffffc2][0xffffffb3][0xfffffff6][0xffffff83]A[0xfffffff8]q[0x1e][0x14][0xffffffe1][0xfffffff7][0x13][0xffffffb0][0x8][0x7f][0xffffff9e][0xffffff81]@[0xfffffff8][0xfffffffd][0xffffffe9][0x4][0xffffffc2][0xffffffdf][0xffffff9f][0xfffffffc][0x1a][0xffffffc2]K![0xffffffdc][[0xffffffa3][0x10]^8[0xffffffc2][0xffffffcb][0x0][0xffffffe1][0xffffff85]"[0xffffffbc]0[0xffffff84][0xffffffd7][0x5][0xffffff84][0xffffff8f][0xffffff9b]Bx[0xffffffd6][0x9]![0xfffffffc]v[0x1e][0x16][0xffffffe1][0xffffffc7][0x9]`[0xffffff84][0xffffffbf][0xffffff9f][0x1]A[0xfffffff8][0xfffffff1]t[0x4][0xffffffe1]oO~[\r][0xffffffe1][0xffffffe3][0xffffff97][0xfffffff8][0xffffffef]t[0xffffffeb][0x18]7[\n]"
[DEBUG] http-outgoing-1 << "[0xffffffe1][0xfffffffb]y`[0xffffff84][0xffffffdf]N@#[0xfffffffc][0xffffffed][0xc][0xc][0xffffffc2]oOg[0x10][0xfffffffe]x[0xfffffff2]k[0x8]Wa[0xffffffe1]u[0xe]*$[0xffffffde][0xffffffce][0x3]#\[\r],\Q[0xb]W[0xffffffcc][0xffffffc2][0xfffffff5][0xffffff8a][0xffffff85]{D[0xffffffb8][0xffffffde][0xffffffea][0xffffffac][0x14][0xffffffc2][0x1d]G[0xffffffb8][0x1b] [0xffffffdc]Q[0xffffff84];[0xffffff86]p[0xffffffbf][0xffffff82][0xffffffb0]x#Q[0xffffff8f][0x2][0xffffffbc][0x1c][0xfffffffe]<[0xf][0xffffff8c][0xffffffb0][0xffffffc1][0x1b][0xffffff89][0x3]}#q`o$[0xffffff8e]+o$[0xffffffca][0xffffffed][0xffffff97][0x16][0x11][0xffffff9e][0xffffffb7][0x1]![0xfffffffc]v[0x1e][0x16][0xffffffe1][0xffffffc7][0x9]`[0xffffff84][0xffffffbf][0xffffff9f][0x1]A[0xfffffff8][0xfffffff1]t[0x4][0xffffffe1]oO~[\r]aq_[0xffffffa2][0xffffff96][0xffffffc6]![0xc][0xffffffde][0xffffff97][0xfffffff8]r[0x2][0x1a]a[0xffffffe8][0xffffffbe][0xffffffc4][0xffffff97][0xffffffa7]3[0x8][0xffffffbf]v_[0xffffffe2][0xffffffe3][0xffffff8f][0xffffff9a]@[0xffffffb8][0xffffffde][0xe][0xffffffea][0xffffff8d][0xffffffc4][0xffffffdb]y`[0xffffff84][0xffffff9b][0x1][0xffffffc2][\r]E[0xffffffb8]a[0x8][0xffffffb7]+[0x8][0xffffffab][0x16]n[0xffffffe5][0xffffffa0]~[0xffffff9d]+x[0xb][0x17][0xffffff83][0x16].h[0xb][0x17][0xffffffac][0xffffff85][0xffffffcb][0xffffff95][0x16][0xffffffae]*$Z[[0x5]B[0xffffffb8][0xffffffe2]!Q[\r]B[0xffffffa2][0xffffffa2]!Q[0xffffffb1][0xffffff90][0xffffffa8]WB[0xffffffa2][0xffffff8a][0xfffffff7][0xffffffc2][0xffffffb5][0xffffffcd][0xffffff93]z#Q[0xfffffff1][0xfffffff7][0xffffffc2][0xffffffd5][0xffffffe0][0xffffffbd]pE[0xffffffdf][0xb]W[0xffffffec][0xffffffbd]p[0xffffffbd][0xfffffff2]^[0xffffffb8][0xffffffaa][0x16][0xffffffee][0xffffffc7][\r]C[0x18]o[0xffffffe1]j[0xffffffd0][0xffffffc2][0xffffffdf][0xffffffcf][0xffffffc0] [0xffffff8c][0xffffffb5][0xfffffff0][0xffffffb7]'[0xffffffbf][0xffffff86][0xffffffb0][0xfffffffa]i[0xffffffa3][0xfffffff7][0xffffff93][0xfffffffa][0xffffffd7][0xffffffb9][0xffffff8a][0xffffffff][0xffffffb4]Q[\r]~[0xffffffda][0xffffffa8][0xffffffe8]O[0x1b][0x15][0xfffffffb]i[0xffffffa3]^[0xfffffff9]i[0xffffffe3][0xfffffffe]G[0xffffffc5][0xc][0xffffffe1][0xffffff82]#\[0xc][0x10].([0xffffffc2][0x5]C[0xffffffb8]\A8\[0xfffffff3][0xffffff81][0x11][0xffffff86][0xffffffaf][0xfffffff9]<N[0xffffffc0]#[0xc]^[0xfffffff3]y<[0xffffff9d]B[0xfffffff8][0xfffffff5]k>[0xfffffff7]?[0x1a]f[0x8][0xf][0x1c][0xffffffe1]a[0xffffff80][0xfffffff0]@[0x11][0x1e][0x18][0xffffffc2][0xffffffe3][\n]"
[DEBUG] http-outgoing-1 << "[0xffffffc2][0xffffff87][0x1b][0xffffffc3][0x7][0xf][0xfffffff1][0xffffffe1]@[0xfffffff1][0xffffffc1]b|p[0x1c][0x1f][0xffffff97]@.n [0x17][0x1e][0xffffffe4][0xffffffe2][0x0]raA.[0x1c][0xffffffc8][0xffffffe5][0x12][0xffffffc8]q8[0x1f][0x6][0xffffff99][0x1b][0xffffffce][0xffffffff]z[0x4][0x1e]df8[0xffffffff][0xffffffeb][0xffffffe3])[0xffffff90]_[0x1a][0xffffffce][0xffffffff][0xfffffffe]W[0xffffffcd][\r][0xffffffe4][0xffffffc6][0xffffff83][0xffffffdc][0x1c]@n,[0xffffffc8][0xffffff8d][0x3][0xffffffb9]][0x2]y[0xffffffb9][0xffffffbd]0^[0xfffffffc][0x1b][0xffffffe3][0xfffffffb][0x11]x[0xffffff90]?[0xe]A[0xffffff81][0xffffffbc][0xffffffb8][0xffffff97][0xffffffc6][0xffffffeb][0xffffffd2][[0xffffffe3][0xffffffa3][0xffffffba][0xffffffbd]t[0xffffffbb][0xffffff9f][0x8]G[0xfffffff9][0xffffffed][0xc]<[0xffffffcb][0xffffffdf]NA[0xffffffc1][0xfffffffc][0xfffffff6]|[0xffffff8a][0xffffffe6][0xffffff8f]g[0xffffffff]F[0xffffff9c][0xfffffffb][0xfffffffb][0xffffff9f][0xffffff89]q[0xfffffffd]z[0xffffffde]F[0xfffffffe][0xffffff85][0xffffffa0][0xffffffcf][0xfffffff3]P([0x7f]9[0x1][0x6][0xfffffff2]v[0xffffff86]d[0xffffff8c][0xffffffbf]<=[0x19][0xffffffe2]_?[0xfffffff9]%[0xffffff84][0xffffff9b][0x18][0xffffffd7][0xffffffaf]g[0xffffff9d][0xfffffff9][0xffffffd7]2?[0xffffffcf][0xffffffc3]"[0xffffffdc][0xffffffd0]q[0xfffffffd][0xffffffed][0xc][0x8][0xffffffc2][\r][0x18][0xffffffd7][0xffffffff][0xfffffff5][0xffffff93]_C[0xfffffff8]P[0x8][0xfffffff7][0xffffff96][0xffffff9f][0x14][0xffffff9f][0xffffffe7][0xffffff81][0x11]>[0xc][0x10]>P[0xffffff84][0xf][0xc][0xffffffe1][0xffffffe3][\n]"
[DEBUG] http-outgoing-1 << "[0xffffffc2][0xffffffea]f[0xfffffff1][0xffffffd9][0xffffffd7]I![0xc][0xffffffde],[0xfffffffe]r[0x2][0x1a]a[0xffffffe8]f[0xfffffff1][0xffffff97][0xffffffa7]3[0x8][0xffffffbf]v[0xffffffb3][0xfffffff8][0xffffffe3][0xffffff8f][0xffffffd4][0xffffffcd][0xffffffe2]s[0xffffffb4][0xfffffffc][0x5][0xffffff82][0xffffff9f][0xffffffe7][0xffffff81][0x11]Fo[0x16]og`[0x10][0x6]n[0x16][0xffffffff][0xfffffffa][0xffffffc9][0xffffffaf]![0xffffffdc]$[0xffffffc2]+[0x7f][0xffffffe3][0xffffffc4][0xffffffe7]y`[0xffffff84][0xffffff9b][0x1][0xffffffc2][\r]E[0xffffffb8]a[0x8][0xffffffb7]+[0x8][0xffffff9f][0x2][0xffffffe1]Y[\n]"
[DEBUG] http-outgoing-1 << "[0x16][0x12]'[0xffffff8e][0xfffffff0]i[0xffffff80][0xfffffff0][0xffffff89]"|b[0x8][0xffffff9f]W[0x10]V/[0xffffffd5][0xffffffe6][0xffffffec][0xffffff98][0xffffff85][0xfffffff1][0xffffff97]j[0xffffffcd][0xffffffe0][0xffffffa5]ZC_[0xffffffaa]5[0xffffffec][0xffffffa5]Z[0xffffffbb][0xfffffff2]R[0xffffffad][0xffffffab][0xffffff97]j[0xffffffab][0x1c][0x14][0xffffffc2][0x1d][0x7f][0xffffffa9][0xffffffd6][\r]^[0xffffffaa]u[0xfffffff4][0xffffffa5]Z[0xffffffc7]^[0xffffffaa][0xfffffff5]+/[0xffffffd5][0xffffffba]z[0xffffffa9][0xffffffb6]Z[0xffffffa1]^[0xffffffaa]u[0xfffffffc][0xffffffa5]Z7x[0xffffffa9][0xffffffd6][0xffffffd1][0xffffff97]j[0x1d]{[0xffffffa9][0xffffffd6][0xffffffaf][0xffffffbc]T[0xffffffbb][0xffffffff]Q[0x1c]Qb[0x11][0xffffffc6]F[0xffffff94][0xffffffbe][0xffffff9c][0xffffff80]G[0x18][0x19]Q[0xfffffffa][0xfffffff2]t[\n]"
[DEBUG] http-outgoing-1 << "[0xffffffe1]WF[0xffffff94]>[0xfffffffe][0xffffffa8]([0xffffff84][0xffffffef]]M!\p[0xffffff84][0xffffff8b][0x1][0xffffffc2][0x5]E[0xffffffb8]`[0x8][0xffffff97]+[0x8][0xffffff8b][0xfffffff7][0xffffffc2][0xffffffed]v+[0xfffffff9][0xffffffdb][0xffffffd7]>[0xffffffcf][0x3]#l[0xfffffff0]^[0xffffffb8][0xffffffa3][0xffffffef][0xffffff85];[0xfffffff6]^[0xffffffb8]_y/[0xffffffdc][0xffffffbb]B[0xffffffb8][0x3][0x1b]'>[0xffffffcf][0x3]#[0xffffffdc][\r][0x10][0xffffffee]([0xffffffc2][0x1d]C[0xffffffb8]_AX|[0xffffffde][0xffffffeb][0xffffff8e]0vS[0xffffffad][0xffffff83][0xffffff9f][0xfffffff7][0xfffffffa]r[0x2][0x1a]a[0xffffffe8][0xfffffff3]^_[0xffffff9e][0xffffffce] [0xfffffffc][0xffffffda][0xffffffe7][0xffffffbd]>[0xfffffffe]H[0xfffffffc][0xffffffb4][0xffffffd1]n[0xffffff83][0xffffffb3]0[0xfffffffe][0xffffffd3]F7[0xfffffff8]i[0xffffffa3][0xffffffa3]?mt[0xffffffec][0xffffffa7][0xffffff8d]~[0xffffffe5][0xffffffa7][0xffffff8d].v`[0xffffffde][0x11][0x6]>,[0xfffffff3]y[0x1e][0x18]at[0x7][0xffffffe6]v[0x6][0x6]a`[0x7][0xffffffe6][0xffffffaf][0xffffff9f][0xfffffffc][0x1a][0xffffffc2][0xffffffe2][0xffffffd7][0xffffffb9]v;O[0xffffffea][0xffffffbe]p[0xffffffc7][0x7f][0xffffff9d][0xffffffeb][0x6][0xffffffbf][0xffffffce]u[0xfffffff4][0xffffffd7][0xffffffb9][0xffffff8e][0xfffffffd]:[0xffffffd7][0xffffffaf][0xfffffffc]:7[0xffffffc4]O[0x1b][\r][0xfffffff9]*[0xffffffc7][0xffffffe7]yX[0xffffff84][0xffffff87][0xffffffc1]O[0x1b][0x3][0xfffffffd]ic`?m[0xffffff8c]+?m[0xc]q_[0xffffffb8][0x1d][0xffffffa3]R/[0xffffffd5][0x6]~_x[0x18][0xffffffdc][0x17][0x1e][0xffffffe8]}[0xffffffe1][0xffffff81][0xffffffdd][0x17][0x1e]W[0xffffffee][0xb][0xffffffdf][0xffffffff][0xffffffa8][0xffffff99]![0xffffff8c]}X[0xffffffe6][0xffffffcb][0x9]x[0xffffff84][0xffffff91][0xf][0xffffffcb]|y:[0xffffff85][0xfffffff0]+[0x1f][0xffffff96][0xfffffff9][0xfffffff8]#[0xfffffff5][0xffffffd3][0xffffffc6][0xffffffb1][0x6][0xffffffd5][0xffffffc2][0x3][0xffffffff]ic[0x18][0xfffffffc][0xffffffb4]1[0xffffffd0][0xffffff9f]6[0x6][0xfffffff6][0xffffffd3][0xffffffc6][0xfffffff8][0xffffffe1]O[0x1b][0xffffffff][0xffffffe5][0x3][0xffffffc2][0x7f][0xfffffffe][0xffffffeb][0xffffff9f][0xffffffee] [0x13]([0xffffffbe]?[0xffffffd9][0x1][0xffffffc8][0xffffff8f][0xffffff93][0xffffffe0]X~9[0x7][0x4][0xffffffe7][0xffffffc7][0x9]0D?[0xffffff9f][0xffffffff][0xffffffbf]um[0x17][0xffffffae]-[0x3][0xfffffff8][0xffffffac][0xfffffff8][0xffffffe7]y`[0xffffffd7]v[0x3][0xffffffd7][0xfffffff6][0x0]u&[0xffffffce][0x1d]smwrmD[0xffffff91]q[0xffffffad][0x2][0xffffff92]qm[0xffffffc4]2[0xffffffdf][0xffffffb5];[0xffffff9c][0xffffffd9][0xffffffae][0xffffffdd][0x11]}[0xffffffc1][0xffffffb5][0xffffffea][0xffffff97][0xffffffb6]zL[0xffffffcc][0xffffffb5][0xfffffff8]/m[0xffffffc3][0xffffffe0][0xffffff97][0xffffffb6][0xffffff81][0xfffffffe][0xffffffd2]6[0xffffffb0]_[0xffffffda][0xffffffc6][0xf][0x7f]i[0xffffffcb]vmD[0xffffff91]q[0xffffffad][0x2][0xffffff92]qm[0xffffffc4]2[0xffffffdf][0xffffffb5];[0xffffff9c][0xffffffd9][0xffffffae][0xffffffdd][0x11]}[0xffffffc1][0xffffffb5][0xffffffea]'[0xffffffe1][0xffffffda]+[0xfffffff6]c[0x4][0xfffffffe][0xffffff93][0xfffffff0]0[0xfffffff8]Ix[0xffffffa0]?[0x9][0xf][0xffffffec]'[0xffffffe1][0xfffffff1][0xffffffc3][0xffffff9f][0xffffff84][0xffffffb3]][0x1b]Qd\[0xffffffab][0xffffff80]d\[0x1b][0xffffffb1][0xffffffcc]w[0xffffffed][0xe]g[0xffffffb6]kwD_p[0xffffffad][0xffffffba][0xffffffbb]PG[0xffffffa7]V[0xffffff94][0xc][0xfffffffc][0xffffffee][0xffffffc2]0[0xffffffb8][0xffffffbb]0[0xffffffd0][0xffffffbb][0xb][0x3][0xffffffbb][0xffffffbb]0~xw![0xffffffdb][0xffffffb5][0x11]E[0xffffffc6][0xffffffb5][\n]"
[DEBUG] http-outgoing-1 << "H[0xffffffc6][0xffffffb5][0x11][0xffffffcb]|[0xffffffd7][0xffffffee]pf[0xffffffbb]vG[0xfffffff4][0xffffffb7][0xffffffbb][0xfffffff6][0x14]#[0xfffffff0][0xffffffad][0xffffff9e][0x7]5[0xffffffb9]v[0xffffffe2]#[0xfffffff0][0xffffffa7][0xffffffc1][0x8][0xfffffffc][0xffffff89][0xffffff8e][0xffffffc0][0xffffff9f][0xffffffd8][0x8][0xfffffffc][0xfffffff9][0xffffffc3][0x11][0xfffffff8]d[0xffffffd7][\n]"
[DEBUG] http-outgoing-1 << "[0x14][0x11][0xffffffd7]J [0x11][0xffffffd7][\n]"
[DEBUG] http-outgoing-1 << ",[0xffffffd3]][0x1b][0xffffffe0]Lvm@[0xfffffff4][0x5][0xffffffd7][0xffffffaa][0xb][0xffffff8d][0xfffffff5]^[0xffffffca][0xffffff94]k[0xfffffff1][0xb][0xffffff8d][0xffffffa7][0xffffffc1][0xffffff85][0xffffffc6][0x13][0xffffffbd][0xffffffd0]xb[0x17][0x1a][0xffffffcf][0x1f]^h[0xffffffcc]vmD[0xffffff91]q[0xffffffad][0x2][0xffffff92]qm[0xffffffc4]2[0xffffffdf][0xffffffb5];[0xffffff9c][0xffffffd9][0xffffffae][0xffffffdd][0x11]}[0xffffffc1][0xffffffb5][0xffffffea][0xffffffe6]m[0xffffff9d][0x7]um[0xfffffff1][0xffffffc4]o[0xffffffde][0xffffff9e][0x6]7oO[0xfffffff4][0xffffffe6][0xffffffed][0xffffff89][0xffffffdd][0xffffffbc]=[0x7f]x[0xfffffff3]6[0xffffffdb][0xffffffb5][0x11]E[0xffffffc6][0xffffffb5][\n]"
[DEBUG] http-outgoing-1 << "H[0xffffffc6][0xffffffb5][0x11][0xffffffcb]|[0xffffffd7][0xffffffee]pf[0xffffffbb]vG[0xfffffff4][0x5][0xffffffd7][0xffffffaa][0xfffffffb][0xffffffb5]u[0x1][0xffffffdf][\n]"
[DEBUG] http-outgoing-1 << "[0xfffffffa]<[0xf][0xffffffec]Z[0xffffff83][0xfffffffb][0xffffffb5]g[0xffffffbc][0xffffffc8][0xffffff98][0xffffff89]3v[0xffffffbf][0xfffffff6][0xffffffdc]//[0xffffffa2][0xffffffae]5[0xffffffb9]_+[0xffffff81]d\kp[0xffffffbf]6[0xffffffc0][0xffffff99][0xffffffed][0xffffffda][0xffffffeb][0xfffffff7]k[0xffffffef][0x7f][0xffffffda][0xffffffcc]\[0xb][0xffffff8f][0xffffffe3]<N[0xffffffc0][0xffffffbb][0x16][0x1c][0xffffffc7]y<[0xffffff9d]r[0xffffffed][0xf][0xffffffc6]q[0xfffffff2]][0xffffffbb][0xffffffa3]H[0xffffffb9]6[0x2]I[0xffffffb9]v[0xffffffc7][0xffffff92]pm[0xffffff83]][0xffffffdb][0xffffffae][0xffffffba]V-cj[0xb][[0xf]}[0xffffffe2][0xffffffcb][0xffffff98]N[0xffffff83]eL'[0xffffffba][0xffffff8c][0xffffffe9][0xffffffc4][0xffffff96]1[0xffffff9d]?\[0xffffffc6][0xffffff94][0xffffffed][0xffffffda][0xffffff88]"[0xffffffe3]Z[0x5]$[0xffffffe3][0xffffffda][0xffffff88]e[0xffffffbe]kw8[0xffffffb3]][0xffffffbb]#[0xfffffffa][0xffffff82]k[0xffffffd5],C/[0xffffffd8][0xffffffd7]$N|[0xffffff96][0xffffffe1]4[0xffffff98]e8[0xffffffe3][0xffffffa5][0xfffffff1]L[0xffffff9c][0xffffffb1]Y[0xffffff86]s[0xffffffbf]([0xffffff8e][0xffffffba][0xffffffd6]d[0xffffff96]A[0x2][0xffffffc9][0xffffffb8][0xffffffd6]`[0xffffff96]![0xffffffc0][0xffffff99][0xffffffed][0xffffffda][0xffffffeb][0xffffffb3][0xc]S[0xffffffdd]C[0x18][\r][0xfffffffb][0x4][0xffffffe0][0xffffffc4][0xffffffef]!L[0xffffff83]{[0x8]3[0xfffffffe][0xffffffe0][0xffffff9b][0xffffff88][0xfffffff3][0xffffffc4][0xffffffee]![0xffffffcc][0xfffffffd]G^[0xffffffd2][0xffffffb5][0x2]E[0xffffffc4][0xffffffb5][0x12]H[0xffffffc4][0xffffffb5][0x2][0xffffffcb]t[0xffffffd7][0x6]8[0xffffff93]][0x1b][0x10]}[0xffffffc1][0xffffffb5]][0xffffffb9]v[0xffffff95]F[0xffffffb9][0xffffffb6][0xffffffe3][0xffffffae][0xffffffed][0x6][0xffffffae][0xffffffed][0x1][0xffffffea]L[0xffffff9c];[0xffffffe6][0xffffffda][0xffffffee][0xffffffe4][0xffffffda][0xffffff88]"[0xffffffe3]Z[0x5]$[0xffffffe3][0xffffffda][0xffffff88]e[0xffffffbe]kw8[0xffffffb3]][0xffffffbb]#[0xfffffffa][0xffffff82]k[0xffffffd5][0xffffffdc][0xffffffd8]y[0xffffffff]'R[0xffffffae][0xffffffc5][0xffffffe7][0xffffffc6][0xffffffa6][0xffffffc1][0xffffffdc][0xffffffd8][0xffffff8c][0x3]:[0xffffff99]8cscs[0x1f][0xffffffca]A]k27&[0xffffff81]d\k07[0x16][0xffffffe0][0xffffffcc]v[0xffffffed][0xfffffff5][0xffffffb9][0xffffffb1]u[0xfffffffb][0xffffffa5][0x6][0xffffffd7][0xffffffce][0xfffffffb][0xffffffff][0xffffff85]\[0xfffffffb]v[0x1e][0xffffffd6][0xffffffb5][0xffffff8f][0x13][0xffffffc0][0xffffffae][0xfffffffd]~[0x6][0xffffffc4][0xffffffb5][0xffffff8f][0xffffffa7]#[0xffffffae][0xfffffffd][0xfffffff6]d[0xb][0xffffffd7][\n]"
[DEBUG] http-outgoing-1 << "[0x14][0x11][0xffffffd7]J [0x11][0xffffffd7][\n]"
[DEBUG] http-outgoing-1 << ",[0xffffffd3]][0x1b][0xffffffe0]Lvm@[0xfffffff4]%[0xffffffd7][0x1e]n[0xffffffb2]=x[0xffffffdb][0x1e][0xe][0xffffffba]=X[0xffffffdf][0x1e][0xffffff9c]p[0xf]+[0xffffffe3][0x6][0x1e])[0xffffffe5][\n]"
[DEBUG] http-outgoing-1 << "*)[0xffffffe7][0x6]6[0x9][0xffffffe9][0x1e][0xffffffb4]u[0xffffff8f][0xffffff9f][0xffffffd0][0xffffffee][0xffffffe3]5[0xffffffad][0xffffff93]v[0xb]|[0xffffffd9][0xfffffff6][0xfffffffd][0x8][0xffffffbc]v[0xb]x[0xffffffdd][0xfffffff6][0xfffffffd][0xfffffff1][0xffffff94]v[0xffffff8b][0xffffffcf][0xffffff85][[0xffffffc5]#[0xffffffa5]]A%[0xffffffa5][0xffffffdd][0xffffffc0]&[0xffffffa1][0xffffffdd][0xffffff82]^[0xffffffba][0xffffff8d][0xffffff9c][0xffffffbe][0xffffffa4][0xffffffdd]>[0xffffffcc][0xffffffb4][0xffffffdb][0x7][0xffffffae][0xffffffdd][0xfffffffb][0x11]x[0xffffffed]~[0x1c][0xffffff82][0xffffffd2][0xffffffee][0xfffffffd][0xfffffff1][0xffffff94]v[0xffffffdf][0x1f][0xffffffed][0xffffffa2][0xffffffdd][0xffffffc0]#[0xffffffa5]]A%[0xffffffa5][0xffffffdd][0xffffffc0]&[0xffffffa1][0xffffffdd][0xffffff8d][0xffffffd0]|[0xffffffed]n[0xffffff9c][0xffffffbe][0xffffffa4][0xffffffdd][0xffffffb3][0xffffff9b]i[0xfffffff7][0xffffffec][0xffffffb8]v[0xffffffef]G[0xffffffe0][0xffffffb5][0xfffffffb]q[0x8]J[0xffffffbb][0xfffffff7][0xffffffc7]S[0xffffffda]}[0x7f][0xffffffb4][0xffffff8b]v[0x3][0xffffff8f][0xffffff94]v[0x5][0xffffff95][0xffffff94]v[0x3][0xffffff9b][0xffffff84]v7B[0xfffffff3][0xffffffb5][0xffffffbb]q[0xfffffffa][0xffffff92]vW[0xffffffbc][0xffffffb4][0xffffffc0]jw[0xffffffc1][0xffffffb7][0x16][0xffffffde][0xffffff8f][0xffffffc0]k[0xfffffff7][0xffffffe3][0x10][0xffffff94]v[0x17]tq[0xffffffe1][0xfffffffb][0xffffffa3]][0xffffffb4][0x1b]x[0xffffffa4][0xffffffb4]+[0xffffffa8][0xffffffa4][0xffffffb4][0x1b][0xffffffd8]$[0xffffffb4][0xffffffbb][0xffffffd0][0xffffffdb][0xb][0xffffff91][0xffffffd3][0xffffffd7][0xffffffb4];[0xffffffdd][0xffffffb4];y[0xffffffed]N[0x7][0xffffffed]NV[0xffffffbb][0xffffff93][0xffffffd3][0xffffffee][0xffffffb4][0xffffffd2][0xffffffee][0xffffffce]#[0xffffffa6][0xffffffdd]H%[0xffffffa6][0xffffffdd][0xffffff9d]MD[0xffffffbb][0xffffff93][0xffffffd6][0xffffffee][0xffffffbc][0xffffffae][0xffffffdd][0xffffffe3]V[0xffffffcc][0xffffffbc]{?[0x11].[0xffffffde][0xffffffb7]3[0xfffffff0][0xffffffe6][0xfffffffd]v[\n]"
[DEBUG] http-outgoing-1 << "J[0xffffffbd]o[0xffffffcf][0xffffffa7][0xffffffdc][0xfffffffb][0xfffffff1]l[0x17][0xfffffff9]F()[0xfffffffb]*4)[0xfffffffd]F@[0x9][0xffffffff][0xffffffee][0xffffff98][0xffffffe6][0xb]x[0xffffff87][0xfffffff5]5[0x3][0xffffff9f]n/[0x1c][0xffffffee]'[0xffffffe2][\r]|?[0xffffff83][0xffffff81][0xffffff81]?N[0xffffff81][0x19][0xfffffff8][0xffffffe4]^:|<[0xffffffdb][0xffffffc6][0xffffffc0][0x1]J[0xffffffcc][0xffffffc0][0x2]M[0xffffffcc][0xffffffc0][0x1]P[0xffffffc4][0xffffffc0]'[0xfffffffd][0xffffffe6]a[0xffffff87][0xfffffff5][0xffffffb7][0x18]x[0xffffffbc][0xffffffff][0xffffffb1][0xffffffda][0xffffffbe]0[0xffffffcf][0xffffff9a][0xffffffef][0xffffffdf][0xffffffcf][0xfffffff3]P[0xfffffff6][0xfffffffd]r[0x2][0xffffffcc][0xffffffbd][0xffffffdb][0x19][0xffffff92][0xffffffcd][0xfffffffb][0xffffffe5][0xffffffe9][0xffffffc9][0xffffffde][0xfffffffd][0xfffffff5][0xffffff93]a[0xffffffeb]>E1[0xffffffd9][0xffffffb9]?[0x0]2[0xffffffd9][0xffffffb8]O[0xffffffb1]L[0xfffffff4][0xffffffed][0x13]8[0xffffffd3]l[0xfffffffb][0x4][0xffffffd1][0x17]\[0xffffffab]6[0xffffff93][0xffffffaf]:[\n]"
[DEBUG] http-outgoing-1 << "[0xffffffe5]Zp3[0xfffffff9][0xffffff97][0x13][0xffffffd0][0xffffffae][0xffffff85]6[0xffffff93][0x7f]y:[0xffffffe3]Z[0xffffff8f][0xffffffcd][0xffffffe4]OQd\k[0xffffffb0][0xffffff99][0xfffffffc])[0xffffff96][0xfffffff9][0xffffffae][0xffffffc5]6[0xffffff93]?A[0xfffffff4][0x5][0xffffffd7]6[0xffffffe5][0xffffffda][0xffffffd1][0xfffffff3]7[0xffffff93][0x7f][0xffffff9e][0x7]vm3pm[0xb]Pg[0xffffffe2][0xffffffdc]0[0xffffffd7]6'[0xffffffd7]F[0x14][0x19][0xffffffd7]* [0x19][0xffffffd7]F,[0xfffffff3]][0xffffffbb][0xffffffc3][0xffffff99][0xffffffed][0xffffffda][0x1d][0xffffffd1][0x17]\[0xffffffdb][0xffffff95]k[0xffffffd7][0xffffff81][0xffffffb9][0xffffffb6][0xffffffe3][0xffffffae][0xffffffed][0x6][0xffffffae][0xffffffed][0x1][0xffffffea]L[0xffffff9c];[0xffffffe6][0xffffffda][0xffffffee][0xffffffe4][0xffffffda][0xffffff88]"[0xffffffe3]Z[0x5]$[0xffffffe3][0xffffffda][0xffffff88]e[0xffffffbe]kw8[0xffffffb3]][0xffffffbb]#[0xfffffffa][0xffffff82]kGtm[0xffffffbf][0xffffffdd][0x6][0xffffffe6][0xffffffda][0xffffff81][0xffffffbb]v[0x18][0xffffffb8]v[0x4][0xffffffa8]3q[0x1e][0xffffff98]k[0xffffff87][0xffffff93]k#[0xffffff8a][0xffffff8c]k[0x15][0xffffff90][0xffffff8c]k#[0xffffff96][0xfffffff9][0xffffffae][0xffffffdd][0xffffffe1][0xffffffcc]v[0xffffffed][0xffffff8e][0xffffffe8][0xb][0xffffffae][0x15]_[0xffffff81][0xffffffb8][0xffffffbb]va[0xffffffef]k[0xffffffc1][0xffffffaf]@|9[0x1][0xffffffed]Z[0xffffffe8]+[0x10]_[0xffffff9e][0xffffffce][0xffffffb8][0xffffffd6][0xffffffe3]+[0x10]OQd\k[0xfffffff0][0x15][0xffffff88][0xffffffa7]X[0xffffffe6][0xffffffbb][0x16][0xfffffffb][\n]"
[DEBUG] http-outgoing-1 << "[0xffffffc4][0x13]D_p[0xffffffed]T[0xffffffae]=[0xffffff8e][0xfffffffc][0xffffffaf]@|[0xffffff9e][0x7]v[0xffffffed]4p[0xffffffed][0xc]Pg[0xffffffe2]<1[0xffffffd7]N'[0xffffffd7]F[0x14][0x19][0xffffffd7]* [0x19][0xffffffd7]F,[0xfffffff3]][0xffffffbb][0xffffffc3][0xffffff99][0xffffffed][0xffffffda][0x1d][0xffffffd1][0x17]\+6[0xffffff93][0xffffffdf]][0xb]|[0xffffffdd][0xffffffec][0xfffffff3]<[0xffffffb0]k[0xffffffd1][0xffffffcd][0xffffffe4][0xffffffdb][0x19][0x18][0xffffffd7][0x2][0xffffff9b][0xffffffc9][0x7f][0xfffffffd]d[0xf][0xffffffd7][0xffffffe2][0xffffff9b][0xffffffc9][0x7f][0x0]$[0xffffffe3]Zt3[0xfffffff9][0x13]8[0xffffffb3]]{e3[0xfffffff9][0xffffffe3]O[0xffffffe7][0xffffffed][0xffffffa6]\[*[0xffffffe4][0xffffffda][0xffffffc7]yP[0xffffffd7][0xffffffbe][0xffffff9f][0xffffff80]u[0xffffffed][0xffffffe7][0x19][0x8][0xffffffd7][0xffffffbe]?[0xffffff9d]p[0xffffffed][0xfffffff7]';[0xffffffb8]V[0xffffffa1]H[0xffffffb8]V[0x3]I[0xffffffb8]Va[0xffffff99][0xffffffed][0xffffffda][0x8]g[0xffffffae]k#[0xffffffa2]/[0xffffffb8]V[0xffffffcc]2[0xfffffff4][[0xffffffad][0xffffffd0];[0xffffff84][0xffffffc7]y`[0xffffffd7][0xfffffff2][0xffffffb3][0xc][0xffffff9f]g`\K[0xffffffcd]2|[0x7f][0xffffffb2][0xffffff87]k=f[0x19]4[0xffffff90][0xffffff8c]k[0xfffffff9]Y[0xffffff86][0x8]g[0xffffffb6]k/[0xffffffcf]2[0xffffffcc][Q[0xffffffae]m[0xffffffe3][0xffffffa4]\[p[0xffffffd7][0x16][0x3][0xffffffd7][0xffffff96][0x0]u&[0xffffffce][0x5]smqrmD[0xffffff91]q[0xffffffad][0x2][0xffffff92]qm[0xffffffc4]2[0xffffffdf][0xffffffb5];[0xffffff9c][0xffffffd9][0xffffffae][0xffffffdd][0x11]}[0xffffffc1][0xffffffb5][0xfffffff5][0xffffff97][0xffffffb0][0xffffffa5][0xffffffa6][0xffffffdf]V[0xffffffc1]\{?[0xf][0xffffffec][0xffffffda][0xffffffb7][0x13][0xffffffd0][0xffffffae][0xfffffffd]v[0x6][0xffffffc6][0xffffffb5]oOg\[0xfffffffb][0xfffffff1]d[0xf][0xffffffd7]F[0x14][0x19][0xffffffd7]* [0x19][0xffffffd7]F,[0xfffffff3]][0xffffffbb][0xffffffc3][0xffffff99][0xffffffed][0xffffffda][0x1d][0xffffffd1][0x17]\+[0xffffffe6][0xffffffc6][0xfffffffa]qT[0xffffffcc][0xffffffb5][0xfffffff4][0xffffffdc][0xffffffd8][0xfffffffb][0x9]h[0xffffffd7][0xffffff92]sc[0xffffffef]Og\k47[0xffffffa6]Pd\[0xffffffeb]27[0xffffffa6][0xffffffb0][0xffffffcc]w-;7[0x16][0x11]}[0xffffffc1][0xffffffb5]bn[0xffffffac][0x1f][0xffffffad]O[0xffffffca][0xffffffb5][0xfffffff4][0xffffffdc][0xffffffd8][0xfffffffb][0x9]h[0xffffffd7][0xffffff92]sc[0xffffffef]Og\k47[0xffffffa6]Pd\[0xffffffeb]27[0xffffffa6][0xffffffb0][0xffffffcc]w-;7[0x16][0x11]}[0xffffffc1][0xffffffb5]C[0xffffffb9][0xfffffff6]lX[0xffffffd7][0xe][0xffffffdc][0xffffffb5][0xffffffc3][0xffffffc0][0xffffffb5]#@[0xffffff9d][0xffffff89][0xfffffff3][0xffffffc0]\;[0xffffff9c]\[0x1b]Qd\[0xffffffab][0xffffff80]d\[0x1b][0xffffffb1][0xffffffcc]w[0xffffffed][0xe]g[0xffffffb6]kwD_p[0xffffffad][0xffffff9a][0x1b]+[0xffffffc7][0xffffff89][0xffffffb9][0xffffff96][0xffffff9e][0x1b]{?[0x1][0xffffffed]Zrn[0xffffffec][0xfffffffd][0xffffffe9][0xffffff8c]k[0xffffff8d][0xffffffe6][0xffffffc6][0x14][0xffffff8a][0xffffff8c]k][0xffffffe6][0xffffffc6][0x14][0xffffff96][0xfffffff9][0xffffffae]e[0xffffffe7][0xffffffc6]"[0xffffffa2]/[0xffffffb8]V[0xffffffcd][0xffffff8d][0xffffff95]v[0xffffffc3][0xffffffde]![0xffffffd0]sc[0xffffffef]'[0xffffffa0]]K[0xffffffce][0xffffff8d][0xffffffbd]?[0xffffff9d]q[0xffffffad][0xffffffd1][0xffffffdc][0xffffff98]B[0xffffff91]q[0xffffffad][0xffffffcb][0xffffffdc][0xffffff98][0xffffffc2]2[0xffffffdf][0xffffffb5][0xffffffec][0xffffffdc]XD[0xfffffff4]%[0xffffffd7][0xffffffc6]{[0x8][0xffffffac]k[0xffffffe9]{[0x8][0xffffffd3][0xffffffe0][0x1e][0xffffffc2][0xc]?[0xfffffff8][0xffffffe6][0xffffffe2]L[0xffffffdd]C[0xffffff98]N[0xfffffff7][0x10]"[0xffffff8a][0xffffff94]k][0xffffffee]!D,[0x9][0xffffffd7][0xffffffb2][0xfffffff7][0x10]vD_p[0xffffffad][0xffffff9a][0xffffffd1]-[0xffffffe7][0xffffff89][0xffffffcd]2[0xffffffd0]3[0xffffffba][0xffffffef]'[0xffffffa0]]K[0xffffffce][0xffffffe8][0xffffffbe]?[0xffffff9d]q[0xffffffad][0xffffffd1][0xffffff8c][0xffffffae]B[0xffffff91]q[0xffffffad][0xffffffcb][0xffffff8c][0xffffffae][0xffffffc2]2[0xffffffdf][0xffffffb5][0xffffffec][0xffffff8c]nD[0xfffffff4]%[0xffffffd7][0xffffff8a][0xffffffae]E]Kw[0xffffffed]2[0xffffffe8][0xffffffda][0x15][0x2]"[0x17]g[0xffffffaa]k[0xffffff97]S[0xffffffd7]F[0x14])[0xffffffd7][0xffffffba]tm[0xffffffc4][0xffffff92]p-[0xffffffdb][0xffffffb5];[0xffffffa2][0xffffffbf][0xffffffdd][0xffffffb5][0xffffff87][0xffffffda][0xffffff87]P[0xffffffd6]q@[0xffffffae]=[0xfffffff0]}[0x8][0xffffff87][0xffffffc1]>[0xffffff84]#[0xe][0xffffff9e]'[0xffffffe2]|`[0xfffffffb][0x10][0xffffff8e]}[0xffffffd8][0xffffff9c]t[0xffffffad]@[0x11]q[0xffffffad][0x4][0x12]q[0xffffffad][0xffffffc0]2[0xffffffdd][0xffffffb5][0x1][0xffffffce]d[0xffffffd7][0x6]D_p[0xffffffad][0xffffff9a][0xffffffd1]-k[0x16][0xffffffca][0xffffffb5][0xfffffff8][0xffffff8c][0xffffffee]a0[0xffffffa3]{[0xffffffc4]a[0xffffffc8]L[0xffffff9c][0xffffffb1][0x19][0xffffffdd]c[0x1f][0xffffff80]D]k2[0xffffffa3]+[0xffffff81]d\k0[0xffffffa3][0x1b][0xffffffe0][0xffffffcc]v[0xffffffed][0xfffffff5][0x19][0xffffffdd]C[0xffffffcd]2[0xffffffd4]~[0xffffffeb][0xffffff94]k[0xfffffff1]Y[0xffffff86][0xffffffc3]`[0xffffff96][0xffffffe1][0xffffff88][0xffffff97][0xffffffc6]3q[0xffffffc6]f[0x19][0xffffff8e][0xfffffffd][0xffffffa2]8[0xffffffea]Z[0xffffff93]Y[0x6][0x9]$[0xffffffe3]Z[0xffffff83]Y[0xffffff86][0x0]g[0xffffffb6]k[0xffffffaf][0xffffffcf]2[0xffffffbc][0xfffffffd]?[0xffffffd1][0xffffffb5][0xffffffe7][0xffffffc4][0xffffffde]![0xc][0xffffffdc][0xffffffb5][0xffffffc3][0xffffffc0][0xffffffb5]#@[0xffffff9d][0xffffff89][0xfffffff3][0xffffffc0]\;[0xffffff9c]\[0x1b]Qd\[0xffffffab][0xffffff80]d\[0x1b][0xffffffb1][0xffffffcc]w[0xffffffed][0xe]g[0xffffffb6]kwD_p[0xffffffad][0xffffff9a]ehG[0xffffffc3][0xffffffde]![0xffffffe0][0xffffffb3][0xc][0xffffff87][0xffffffc1],[0xffffffc3][0x11]/[0xffffff8d]g[0xffffffe2][0xffffff8c][0xffffffcd]2[0x1c][0xfffffffb]Eq[0xffffffd4][0xffffffb5]&[0xffffffb3][0xc][0x12]H[0xffffffc6][0xffffffb5][0x6][0xffffffb3][0xc][0x1][0xffffffce]l[0xffffffd7]^[0xffffff9f]e8[0xffffffd4],C[0xffffffab][\r][0xffffffeb]Z|[0xffffff96][0xffffffe1]0[0xffffff98]e8[0xffffffe2][0xffffffa5][0xfffffff1]L[0xffffff9c][0xffffffb1]Y[0xffffff86]c[0xffffffbf]([0xffffff8e][0xffffffba][0xffffffd6]d[0xffffff96]A[0x2][0xffffffc9][0xffffffb8][0xffffffd6]`[0xffffff96]![0xffffffc0][0xffffff99][0xffffffed][0xffffffda][0xffffffeb][0xffffffb3][0xc]E[0xffffffbd][0xffffffaf][0xffffffed][0xffffffab]A[0xffffffdf][0xffffffd1]}[0xffffff9c][0xffffff87]um1x_[[0xffffffe2][0xffffff8b][0xffffffb1]D[0xffffff9c][0xb][0xfffffff6][0xffffffbe][0xffffffb6][0xffffffec]/[0xffffffc3]H[0xffffffd7][\n]"
[DEBUG] http-outgoing-1 << "[0x14][0x11][0xffffffd7]J [0x11][0xffffffd7][\n]"
[DEBUG] http-outgoing-1 << ",[0xffffffd3]][0x1b][0xffffffe0]Lvm@[0xfffffff4][0x5][0xffffffd7][0xffffffaa]w[0x8][0xffffffe3]F}[0xffffffdb][0xfffffff1]q[0x1e][0xffffffd8][0xffffffb5][0x6][0xffffffef][0x10]J[0xfffffffc][0xffffff97][0xffffffb5]L[0xffffff9c][0xffffffb1]w[0x8]e[0xffffffff][0x17]4[0xffffffd4][0xffffffb5]&[0xffffffef][0x10]$[0xffffff90][0xffffff8c]k[\r][0xffffffde]![0x4]8[0xffffffb3]]{[0xfffffffd][0x1d]BQ[0xffffffef][0x10][0xffffffc6][0xffffff81]}o[0xffffffac][0xffffffe0][0xffffffef][0x10][0xffffff8a][0xffffffc1];[0xffffff84][0x12][0xffffffff]e-[0x13]g[0xffffffec][0x1d]B[0xffffffd9][0xffffffff][0x5][\r]u[0xffffffad][0xffffffc9];[0x4][0x9]$[0xffffffe3]Z[0xffffff83]w[0x8][0x1][0xffffffce]l[0xffffffd7][0xfffffffe][0xffffffc4];[0x4]5[0xffffffa3];[0xffffffda][0xffffffd9]([0xffffffd7][0xffffffe2]3[0xffffffba][0xffffffc5]`F[0xffffffb7][0xffffffc4]a[0xffffffc8]L[0xffffff9c][0xffffffb1][0x19][0xffffffdd][0xffffffb2][0xf]@[0xffffffa2][0xffffffae]5[0xffffff99][0xffffffd1][0xffffff95]@2[0xffffffae]5[0xffffff98][0xffffffd1][\r]pf[0xffffffbb][0xfffffff6][0xfffffffa][0xffffff8c]nU[0xffffffb3][0xc]g[0xffffffeb][0xffffff94]k+>[0xffffffcb]P[\r]f[0x19]j[0xffffffbc]4[0xffffff9e][0xffffff88]s[0xffffffc5]f[0x19][0xffffffea]~Q[0xffffff9c]t[0xffffffad]@[0x11]q[0xffffffad][0x4][0x12]q[0xffffffad][0xffffffc0]2[0xffffffdd][0xffffffb5][0x1][0xffffffce]d[0xffffffd7][0x6]D_p[0xffffffad][0xfffffffa]ml[0xffffffb6][0xffffff93]z[0xffffff87]P[0xfffffff1][0xffffffdf][0xffffffc6][0xffffffaa][0xffffffc1]oc5[0xfffffffe][0x8][0xffffff91][0xffffff89]3[0xfffffff6][0xffffffdb]X[0xffffffdd][0x7f]x@]k[0xfffffff2][0xffffffdb][0xffffff98][0x4][0xffffff92]q[0xffffffad][0xffffffc1]oc[0x1][0xffffffce]l[0xffffffd7]^[0xffffffff]m[0xffffffac][0xffffffaa]w[0x8][0xffffffab]Vj[0xffffffa7]b[0xffffffc5][0xffffffdf]!T[0xffffff83]w[0x8]5[0xfffffffe][0xffffffcb]Z&[0xffffffce][0xffffffd8];[0xffffff84][0xffffffba][0xffffffff][0xb][0x1a][0xffffffea]Z[0xffffff93]w[0x8][0x12]H[0xffffffc6][0xffffffb5][0x6][0xffffffef][0x10][0x2][0xffffff9c][0xffffffd9][0xffffffae][0xffffffbd][0xfffffffe][0xe][0xffffffa1][0xffffffa9][0xffffffdd]3[0xffffffab]bsc[\r][0xffffffdf]=[0xffffffd3][0xc]v[0xffffffcf][0xffffffb4][0xffffffb8][0xffffffe4]#[0x11][0xffffffe7][0xffffff86][0xffffffed][0xffffff9e]i[0xfffffffb]b[0xf][0xffffffd2][0xffffffb5][0x2]E[0xffffffc4][0xffffffb5][0x12]H[0xffffffc4][0xffffffb5][0x2][0xffffffcb]t[0xffffffd7][0x6]8[0xffffff93]][0x1b][0x10]}[0xffffffc1][0xffffffb5][0xffffff87]rm;[0xffffffa8]o[0xffffffe0][0xffffffbc][0xffffff9d][0x7]v[0xffffffed]a[0xffffffe0][0xffffffda]#@[0xffffff9d][0xffffff89][0xfffffff3][0xffffff81][0xffffffb9][0xfffffff6]prmD[0xffffff91]q[0xffffffad][0x2][0xffffff92]qm[0xffffffc4]2[0xffffffdf][0xffffffb5];[0xffffff9c][0xffffffd9][0xffffffae][0xffffffdd][0x11]}[0xffffffc1][0xffffffb5][0xffffffea][0xffffffb7][0xffffffb1][0xffffffd5]+u[0xffffffbf][0xffffffb6][0xffffffe1][0xffffffbf][0xffffff8d]5[0xffffff83][0xffffffdf][0xffffffc6]Z[0xfffffffc][0x11]"[0x13]g[0xffffffec][0xffffffb7][0xffffffb1][0xffffffb6][0xffffffff][0xfffffff0][0xffffff80][0xffffffba][0xffffffd6][0xffffffe4][0xffffffb7]1[0x9]$[0xffffffe3]Z[0xffffff83][0xffffffdf][0xffffffc6][0x2][0xffffff9c][0xffffffd9][0xffffffae][0xffffffbd][0xfffffffe][0xffffffdb]X[0xffffffab][0xffffffca][0xffffffb5]'[0xffffffb6][0xf][0xffffffe1][0xffffffed]<[0xffffffb0]k[0xffffffab][0xffffff81]kk[0xffffff80]:[0x13][0xffffffe7][0xffffff8a][0xffffffb9][0xffffffb6]:[0xffffffb9]6[0xffffffa2][0xffffffc8][0xffffffb8]V[0x1][0xffffffc9][0xffffffb8]6b[0xffffff99][0xffffffef][0xffffffda][0x1d][0xffffffce]l[0xffffffd7][0xffffffee][0xffffff88][0xffffffbe][0xffffffe0][0xffffffda][0xffffffa6]\[0xffffffbb][0x1a][0xffffffd6][0xffffffb5][\r]wm3pm[0xb]Pg[0xffffffe2][0xffffffdc]0[0xffffffd7]6'[0xffffffd7]F[0x14][0x19][0xffffffd7]* [0x19][0xffffffd7]F,[0xfffffff3]][0xffffffbb][0xffffffc3][0xffffff99][0xffffffed][0xffffffda][0x1d][0xffffffd1][0x17]\+[0xffffffee]|[0xffffff8d][-[0xffffffd8]oc[0xfffffff8][0xffffff9d][0xffffffaf]fp[0xffffffe7][0xffffffab][0xffffffc5][0xffffffcb]5[0xffffff99]8cw[0xffffffbe][0xffffffda]~[0xffffffa1][0x6]u[0xffffffad][0xffffffc9][0xffffff9d]/[0x9]$[0xffffffe3]Z[0xffffff83];_[0x1][0xffffffce]l[0xffffffd7]^[0xffffffbf][0xfffffff3]u[0xffffffff][0xffffffd3]b[0xffffffe6]Z[0xfffffff8]{c[0xffffff8f][0x13][0xfffffff0][0xffffffae][0x5][0xffffffbf]7[0xfffffff6]x:[0xffffffe5]Z[0xffffff9f][0xffffffef][0xffffff8d][0x9][0x14])[0xffffffd7][0xffffff9a]|oL`I[0xffffffb8][0x16][0xfffffffd][0xffffffde]X@[0xfffffff4]%[0xffffffd7]V3[0xffffffd7]V[0xffffffdc][0xffffffb5][0xffffffd5][0xffffffc0][0xffffffb5][0x15]um[0xffffffc5]\[[0xffffff9d]\[0xffffffbb][0xffffffa3]H[0xffffffb9]6[0x2]I[0xffffffb9]v[0xffffffc7][0xffffff92]pm[0xffffff85]][[0xffffffaf][0xffffffbb][0xffffffb6][0xffffff99][0xffffffb9][0xffffffb6][0xffffffe1][0xffffffae]m[0x6][0xffffffae]m[0xffffffa8]k[0x1b][0xffffffe6][0xffffffda][0xffffffe6][0xffffffe4][0xffffffda][0x1d]E[0xffffffca][0xffffffb5][0x11]H[0xffffffca][0xffffffb5];[0xffffff96][0xffffff84]k[0x1b][0xffffffec][0xffffffda]v[0xffffffdd][0xffffffb5][0xffffff87][0xffffff9b]l[0xf][0xffffffde][0xffffffb6][0xffffff87][0xffffff83]n[0xf][0xffffffd6][0xffffffb7][0x7]'[0xffffffdc][0xffffffc3][0xffffffca][0xffffffb8][0xffffff81]GJ[0xffffffb9][0xffffff82]J[0xffffffca][0xffffffb9][0xffffff81]MB[0xffffffba][0x7]m[0xffffffdd][0xffffffe3]'[0xffffffb4][[0xffffffdd][0xffffffde][0xffffffdd]V[0xfffffffe][0xffffffe5]mux{[[0xffffffd9][0xffffffd7][0xffffffb7][0xffffff95]{[0x7f][[0xffffffad]^[0xffffffe0][0x6][0x1e])[0xffffffed][\n]"
[DEBUG] http-outgoing-1 << "*)[0xffffffed][0x6]6[0x9][0xffffffed]V[0xfffffffa]%n[0xfffffffd][0xffffff89][0xffffffb7][0xffffffb8][0xffffffcd]M[0xffffffbb][0xffffff8d][0xffffffd7]ns[0xffffffd0]nc[0xffffffb5][0xffffffdb]8[0xffffffed]6+[0xffffffed][0x6][0x1e])[0xffffffed][\n]"
[DEBUG] http-outgoing-1 << "*)[0xffffffed][0x6]6[0x9][0xffffffed]6Z[0xffffffbb][0xffffffed]g[0xffffffb4][0xffffffbb][0xffffffdc][0xffffffb4][0xffffffbb]x[0xffffffed].[0x7][0xffffffed].V[0xffffffbb][0xffffff8b][0xffffffd3][0xffffffee][0xffffffb2][0xffffffd2][0xffffffee][0xffffffce]#[0xffffffa6][0xffffffdd]H%[0xffffffa6][0xffffffdd][0xffffff9d]MD[0xffffffbb][0xffffff8b][0xffffffd6][0xffffffee][0xffffffba][0xffffffae][0xffffffdd][0xffffffe1]V[0xffffffbb][0xffffff83][0xffffffaf][0xffffffdd][0xffffffe1]P[0xffffffbb][0xffffff83][0xffffffad][0xffffffdd][0xffffffc1][0xffffffd5][0xffffffee][0xffffffb0][0xffffffaa][0xffffffdd][0xffffffc0]#[0xffffffa5]]A%[0xffffffa5][0xffffffdd][0xffffffc0]&[0xffffffa1][0xffffffdd]A[0xffffffd7][0xffffffee][0xfffffff8][0xffffff89][0xffffffda][0xffffff9d]n[0xffffffda][0xffffff9d][0xffffffbc]v[0xffffffa7][0xffffff83]v'[0xffffffab][0xffffffdd][0xffffffc9]iwZi7[0xfffffff0]HiWPIi7[0xffffffb0]Ihw[0xffffffd2][0xffffffda][0xffffff9d]?[0xffffffa1][0xffffffdd]5[0xffffffcc][0xffffffb4][0xffffffbb][0x6][0xffffffae][0xffffffdd][0xfffffffb][0x11]x[0xffffffed]~[0x1c][0xffffff82][0xffffffd2][0xffffffee][0xfffffffd][0xfffffff1][0xffffff94]v[0xffffffdf][0x1f][0xffffffed][0xffffffa2][0xffffffdd][0xffffffc0]#[0xffffffa5]]A%[0xffffffa5][0xffffffdd][0xffffffc0]&[0xffffffa1][0xffffffdd][0xffffff8d][0xffffffd0]|[0xffffffed]n[0xffffff9c][0xfffffffe][0x16][0xffffffed][0xffffff9e][0xffffffef][0x7f];[0xffffffd4][0xffffffc0][0xffffffef]*-[0xffffffdd][0xffffffba][0xffffff9f][0xffffffe7][0xffffffa1][0xffffffa4][0xfffffffb][0xffffffe5][0x4][0xffffff98]s[0xffffffb7]3$+[0xfffffff7][0xffffffcb][0xffffffd3][0xffffff93][0xffffff8d][0xfffffffb][0xffffffeb]'[0xffffffc3][0xffffffc2]}[0xffffff8a]b[0xffffffb2]o[0x7f][0x0]d[0xffffffb2]n[0xffffff9f]b[0xffffff99]h[0xffffffdb]'p[0xffffffa6][0xffffffc9][0xfffffff6][0x9][0xffffffa2]/[0xffffffb8]V|[0x0]}[0x1c][0x7][0xffffffb0][0xffffffa0][0xfffffff1][0xfffffff3]<[0xffffffb0]k[0xffffffd1][0xf][0xffffffa0]og`\[0xb]|[0x0][0xfffffffd][0xffffffd7]O[0xfffffff6]p-[0xfffffffe][0x1][0xfffffff4][0x1f][0x0][0xffffffc9][0xffffffb8][0x16][0xfffffffd][0x0][0xfffffffa][0x13]8[0xffffffb3]][0xffffffbb]#[0xfffffffa][0xffffff82]k[0xffffffa7]X[0xffffffae]p[0xffffffb4][0xffffff92][0xffffffff]A[0xffffff9d][0xffffffcf][0xfffffff3][0xffffffc0][0xffffffae][0xffffff9d][0xffffffe4]r[0xffffff85][0xffffffed][0xc][0xffffff8c]kg[0xfffffffe]r[0xffffff85]_?[0xffffffd9][0xffffffc3][0xffffffb5][0x11]E[0xffffffc6][0xffffffb5][\n]"
[DEBUG] http-outgoing-1 << "H[0xffffffc6][0xffffffb5][0x11][0xffffffcb]|[0xffffffd7][0xffffffee]pf[0xffffffbb]vG[0xfffffff4][0x5][0xffffffd7].[0xffffffe5][0xffffffda]q[0xffffffe6][0x7f][0xffffffe4][0xffffffe1][0xfffffff3]<[0xffffffb0]k[0xffffff97][0xffffff81]kW[0xffffff80]:[0x13][0xffffffe7][0xffffff85][0xffffffb9]v9[0xffffffb9]6[0xffffffa2][0xffffffc8][0xffffffb8]V[0x1][0xffffffc9][0xffffffb8]6b[0xffffff99][0xffffffef][0xffffffda][0x1d][0xffffffce]l[0xffffffd7][0xffffffee][0xffffff88][0xfffffffe]v[0xffffffd7]v[0xfffffff1]A[0xffffff9d]Qn+[0xffffffff]W[0xffffffb2][0xffffffcf][0xfffffff3][0xffffffb0][0xffffffae][0xffffffed][0xffffffe8][0x7]u[0xffffffb6]3 [0xffffffae][0xffffffed][0xffffffc0][0x7]u~[0xfffffffd]d[0xb][0xffffffd7][\n]"
[DEBUG] http-outgoing-1 << "[0x14][0x11][0xffffffd7]J [0x11][0xffffffd7][\n]"
[DEBUG] http-outgoing-1 << ",[0xffffffd3]][0x1b][0xffffffe0]Lvm@[0xfffffff4][0x5][0xffffffd7][0xffffff8a][0xffffff8f]<[0xffffff8c]r[0xc][0xffffffea]}m[0x7]?[0xfffffff2][0xfffffff0][0xffffffe5][0x4][0xffffffb4]k[0xffffffa1][0xffffff8f]<|y:[0xffffffe3]Z[0xffffff8f][0xffffff8f]<<E[0xffffff91]q[0xffffffad][0xffffffc1]G[0x1e][0xffffff9e]b[0xffffff99][0xffffffef]Z[0xffffffec]#[0xf]O[0x10]}[0xffffffc1][0xffffffb5][0xffffffe2]#[0xf][0xffffffa3][0xffffff94][[0xffffffa5]\[0xb]~[0xffffffe4][0xffffffe1][0xffffffcb][0x9]h[0xffffffd7]B[0x1f]y[0xfffffff8][0xfffffff2]t[0xffffffc6][0xffffffb5][0x1e][0x1f]yx[0xffffff8a]"[0xffffffe3]Z[0xffffff83][0xffffff8f]<<[0xffffffc5]2[0xffffffdf][0xffffffb5][0xffffffd8]G[0x1e][0xffffff9e] [0xfffffffa][0xffffff82]k[0xffffffd5]G[0x1e]J[0xffffffbd]a][0xb]~[0xffffffe4][0xffffffe1][0xffffffcb][0x9]h[0xffffffd7]B[0x1f]y[0xfffffff8][0xfffffff2]t[0xffffffc6][0xffffffb5][0x1e][0x1f]yx[0xffffff8a]"[0xffffffe3]Z[0xffffff83][0xffffff8f]<<[0xffffffc5]2[0xffffffdf][0xffffffb5][0xffffffd8]G[0x1e][0xffffff9e] [0xfffffffa][0xffffff82]kO[0xffffffe5][0xffffffda]9:[0xffffffe5][0xffffffda][0x13]w[0xffffffed]i[0xffffffe0][0xffffffda]3@[0xffffff9d][0xffffff89][0xfffffff3][0xffffff89][0xffffffb9][0xfffffff6]trmD[0xffffff91]q[0xffffffad][0x2][0xffffff92]qm[0xffffffc4]2[0xffffffdf][0xffffffb5];[0xffffff9c][0xffffffd9][0xffffffae][0xffffffdd][0x11]}[0xffffffc9][0xffffffb5][0xfffffff1][0x1e][0x2][0xffffffeb]Z[0xfffffff8][0x1e][0xffffffc2][0xffffffe3][0x4][0xffffffbc]k[0xffffffc1]{[0x8][0xffffff8f][0xffffffa7]S[0xffffffae][0xfffffff5][0xffffffb9][0xffffff87] P[0xffffffa4]\kr[0xf]A`I[0xffffffb8][0x16][0xffffffbd][0xffffff87][0x10][0x10]}[0xffffffc1][0xffffffb5]Stm-'[0xfffffff6][0xffffffbe]v[0xffffffe2]];[\r][0xffffffba]v[0xffffff86][0xffffff80][0xffffffc8][0xffffffc4]yb];[0xffffff9d][0xffffffba]6[0xffffffa2][0xffffffc8][0xffffffb8]V[0x1][0xffffffc9][0xffffffb8]6b[0xffffff99][0xffffffef][0xffffffda][0x1d][0xffffffce]l[0xffffffd7][0xffffffee][0xffffff88][0xffffffbe][0xffffffe0][0xffffffda][0xffffffa5]\[0xffffffdb][0xffffffce]B[0xffffffb9]v[0xffffffe1][0xffffffae]][0x6][0xffffffae]][0x1][0xffffffea]L[0xffffff9c][0x17][0xffffffe6][0xffffffda][0xffffffe5][0xffffffe4][0xffffffda][0xffffff88]"[0xffffffe3]Z[0x5]$[0xffffffe3][0xffffffda][0xffffff88]e[0xffffffbe]kw8[0xffffffb3]][0xffffffbb]#[0xfffffffa][0xffffffdb]];n[0xffffffe2][0x1d]B=[0xffffffb1][0xffffffb9][0xffffffb1][0xffffffb7][0xfffffff3][0xffffffb0][0xffffffae]}[0xffffff9c][0x0]v[0xffffffed][0xfffffff7]3 [0xffffffae]}<[0x1d]q[0xffffffed][0xffffffb7]'[[0xffffffb8]V[0xffffffa0][0xffffff88][0xffffffb8]V[0x2][0xffffff89][0xffffffb8]V`[0xffffff99][0xffffffee][0xffffffda][0x0]g[0xffffffb2]k[0x3][0xffffffa2]/[0xffffffb8]V[0xffffffdd][0xffffffaf]m[0x1d][0xffffffeb][0xffffffda][0xffffff81][0xffffffdf][0xffffffaf][0x1d][0x6][0xfffffff7]kG[0xffffffbc][0xffffffc8][0xffffff98][0xffffff89]3v[0xffffffbf]v[0xffffffec][0xffffff97][0x17]Q[0xffffffd7][0xffffff9a][0xffffffdc][0xffffffaf][0xffffff95]@2[0xffffffae]5[0xffffffb8]_[0x1b][0xffffffe0][0xffffffcc]v[0xffffffed][0xfffffff5][0xfffffffb][0xffffffb5]C[0xffffffdd][0xffffffaf]m[0xffffffab]`[0xffffffae][0xffffffc5][0xffffffef][0xffffffd7][0xe][0xffffff83][0xfffffffb][0xffffffb5]#^d[0xffffffcc][0xffffffc4][0x19][0xffffffbb]_;[0xfffffff6][0xffffffcb][0xffffff8b][0xffffffa8]kM[0xffffffee][0xffffffd7]J [0x19][0xffffffd7][0x1a][0xffffffdc][0xffffffaf][\r]pf[0xffffffbb][0xfffffff6][0xfffffffa][0xfffffffd][0xffffffda][0xffffffa1][0xffffffee][0xffffffd7][0xfffffff6][[0x1d][0xffffff94]k[0xfffffff1][0xfffffffb][0xffffffb5][0xffffffc3][0xffffffe0]~[0xffffffed][0xffffff88][0x17][0x19]3q[0xffffffc6][0xffffffee][0xffffffd7][0xffffff8e][0xfffffffd][0xfffffff2]"[0xffffffea]Z[0xffffff93][0xfffffffb][0xffffffb5][0x12]H[0xffffffc6][0xffffffb5][0x6][0xfffffff7]k[0x3][0xffffff9c][0xffffffd9][0xffffffae][0xffffffbd]~[0xffffffbf]v[0xffffffa8][0xfffffffd][0xffffffb5][0xfffffffd]6[0xffffffa9]}[0x8][0x3][0xffffffdf]_;[0xc][0xfffffff6][0xffffffd7][0xffffff8e][0xffffffb8](4[0x13]gl[0x7f][0xffffffed][0xffffffd8][0xffffff97][0xffffff83][0xffffffa2][0xffffffae]5[0xffffffd9]_+[0xffffff81]d\k[0xffffffb0][0xffffffbf]6[0xffffffc0][0xffffff99][0xffffffed][0xffffffda][0xffffffeb][0xfffffffb]k[0xffffffc7][0xffffffa9]\{[0xffffffdc][0xffffffa8]=_o[0xffffffe7][0xffffff81]]{[0x1a][0xffffffb8][0xfffffff6][0xc]Pg[0xffffffe2]|b[0xffffffae]=[0xffffff9d]\[0x1b]Qd\[0xffffffab][0xffffff80]d\[0x1b][0xffffffb1][0xffffffcc]w[0xffffffed][0xe]g[0xffffffb6]kwD_p[0xffffffad][0xffffffba][0xfffffff3][0xffffffd5]K[0xffffffc7][0xffffffde]![0xffffffe0]w[0xffffffbe][0xffffff86][0xffffffc1][0xffffff9d][0xffffffaf][0x11]/[0xffffffd7]d[0xffffffe2][0xffffff8c][0xffffffdd][0xfffffff9][0x1a][0xfffffffb][0xffffff85][0x1a][0xffffffd4][0xffffffb5]&w[0xffffffbe]$[0xffffff90][0xffffff8c]k[\r][0xffffffee]|[0x5]8[0xffffffb3]]{[0xfffffffd][0xffffffce][0xffffffd7]yS[0xffffffae]m[0xffffffd8]>[0xffffff84][0xffffffb7][0xfffffff3][0xffffffb0][0xffffffae]}[0xffffff9c][0x0]v[0xffffffed][0xfffffff7]3 [0xffffffae]}<[0x1d]q[0xffffffed][0xffffffb7]'[[0xffffffb8]V[0xffffffa0][0xffffff88][0xffffffb8]V[0x2][0xffffff89][0xffffffb8]V`[0xffffff99][0xffffffee][0xffffffda][0x0]g[0xffffffb2]k[0x3][0xffffffa2]/[0xffffffb8]V[0xffffffed][0xffffffaf][0xffffffed][0xffffffbd]Rsc'[0xffffffbe][0xffffffbf][0xfffffff6]4[0xffffffd8]_{[0xffffffc6]E[0xffffffa1][0xffffff99]8c[0xfffffffb]k[0xffffffcf]}9([0xffffffea]Z[0xffffff93][0xfffffffd][0xffffffb5][0x12]H[0xffffffc6][0xffffffb5][0x6][0xfffffffb]k[0x3][0xffffff9c][0xffffffd9][0xffffffae][0xffffffbd][0xffffffbe][0xffffffbf][0xfffffff6],[0xffffffca][0xffffffb5][0xffffffe7][0xffffff8d][0xfffffffa]m[0xffffffec][0xffffffed]<[0xffffffb0]k[0xffffff8b][0xffffff81]kK[0xffffff80]:[0x13][0xffffffe7][0xffffff82][0xffffffb9][0xffffffb6]8[0xffffffb9]6[0xffffffa2][0xffffffc8][0xffffffb8]V[0x1][0xffffffc9][0xffffffb8]6b[0xffffff99][0xffffffef][0xffffffda][0x1d][0xffffffce]l[0xffffffd7][0xffffffee][0xffffff88][0xffffffbe][0xffffffe0]Z5[0xffffffcb][0xffffffd0][0xffffffe7][0xffffffc0][0xffffffba][0x16][0xffffff9f]e8[\r]f[0x19][0xffffffce]xi<[0x13]gl[0xffffff96][0xffffffe1][0xffffffdc]/[0xffffff8a][0xffffffa3][0xffffffae]5[0xffffff99]e[0xffffff90]@2[0xffffffae]5[0xffffff98]e[0x8]pf[0xffffffbb][0xfffffff6][0xfffffffa],[0xffffffc3][0xffffffa9]f[0x19]Fi7[0xffffffca][0xffffffb5][0xfffffff8],[0xffffffc3]i0[0xffffffcb]p[0xffffffc6]K[0xffffffe3][0xffffff99]8c[0xffffffb3][0xc][0xffffffe7]~Q[0x1c]u[0xffffffad][0xffffffc9],[0xffffff83][0x4][0xffffff92]q[0xffffffad][0xffffffc1],C[0xffffff80]3[0xffffffdb][0xffffffb5][0xffffffd7]g[0x19]N5[0xffffffcb]0[0xffffffea][0xffffffa4][0xfffffff6]![0xffffff9c][0xfffffff8],[0xffffffc3]i0[0xffffffcb]p[0xffffffc6]K[0xffffffe3][0xffffff99]8c[0xffffffb3][0xc][0xffffffe7]~Q[0x1c]u[0xffffffad][0xffffffc9],[0xffffff83][0x4][0xffffff92]q[0xffffffad][0xffffffc1],C[0xffffff80]3[0xffffffdb][0xffffffb5][0xffffffd7]g[0x19]N5[0xffffffcb]0[0xffffffce]N[0xffffffdd][0xffffffaf]=[0xfffffff1]Y[0xffffff86][0xffffffd3]`[0xffffff96][0xffffffe1][0xffffff8c][0xffffff97][0xffffffc6]3q[0xffffffc6]f[0x19][0xffffffce][0xfffffffd][0xffffffa2]8[0xffffffea]Z[0xffffff93]Y[0x6][0x9]$[0xffffffe3]Z[0xffffff83]Y[0xffffff86][0x0]g[0xffffffb6]k[0xffffffaf][0xffffffcf]2[0xffffff9c][0xffffffa7]p[0xffffffed]Y9[0xffffffd7][0xffffff9e][0xffffffb8]kO[0x3][0xffffffd7][0xffffff9e][0x1][0xffffffea]L[0xffffff9c]O[0xffffffcc][0xffffffb5][0xffffffa7][0xffffff93]k#[0xffffff8a][0xffffff8c]k[0x15][0xffffff90][0xffffff8c]k#[0xffffff96][0xfffffff9][0xffffffae][0xffffffdd][0xffffffe1][0xffffffcc]v[0xffffffed][0xffffff8e][0xffffffe8][0xb][0xffffffae]U[0xffffffbb][0xffffffc2][0xffffffcf][0xffffffd1][0xffffffa8]Y[0xffffff86][0x13][0xffffffdf][0x15]~[0x1a][0xffffffec][\n]"
[DEBUG] http-outgoing-1 << "?[0xffffffe3]R[0xffffffe6]L[0xffffff9c][0xffffffb1]][0xffffffe1][0xffffffe7][0xffffffbe][0xffffff88][0x19]u[0xffffffad][0xffffffc9][0xffffffae]p[0x9]$[0xffffffe3]Z[0xffffff83]][0xffffffe1][0x1][0xffffffce]l[0xffffffd7]^[0xffffffdf][0x15]~[0xffffffaa][0xffffffb9][0xffffffb1][0xfffffff3][0xffffffec][0xffffffd8]oc[0xfffffff8][0xffffffdc][0xffffffd8]i07v[0xffffffc6][0x1][0xffffff9d]L[0xffffff9c][0xffffffb1][0xffffffb9][0xffffffb1]s[0x1f][0xffffffca]A]k27&[0xffffff81]d\k07[0x16][0xffffffe0][0xffffffcc]v[0xffffffed][0xfffffff5][0xffffffb9][0xffffffb1]y[0xfffffffb][0xffffffa5]E[0xffffffd7]N[0xffffffec]~[0xffffffed][0xffffffdb]yX[0xffffffd7]>N[0x0][0xffffffbb][0xfffffff6][0xfffffffb][0x19][0x10][0xffffffd7]>[0xffffff9e][0xffffff8e][0xffffffb8][0xfffffff6][0xffffffdb][0xffffff93]-\+PD\+[0xffffff81]D\+[0xffffffb0]Lwm[0xffffff80]3[0xffffffd9][0xffffffb5][0x1][0xffffffd1][0x17]\[0xffffffab][0xffffffe6][0xffffffc6][0xffffffce][0xffffffd5]1[0xffffffd7][0xffffffe2]sc[0xffffffd3]`nl[0xffffffc6][0x1][0xffffff9d]L[0xffffff9c][0xffffffb1][0xffffffb9][0xffffffb1][0xffffffb9][0xf][0xffffffe5][0xffffffa0][0xffffffae]5[0xffffff99][0x1b][0xffffff93]@2[0xffffffae]5[0xffffff98][0x1b][0xb]pf[0xffffffbb][0xfffffff6][0xfffffffa][0xffffffdc][0xffffffd8]Tsc[0xffffffb3]L[0xffffffea];[0xffffffba][0x13][0xffffff9f][0x1b][0xffffff9b][0x6]sc3[0xe][0xffffffe8]d[0xffffffe2][0xffffff8c][0xffffffcd][0xffffff8d][0xffffffcd]}([0x7]u[0xffffffad][0xffffffc9][0xffffffdc][0xffffff98][0x4][0xffffff92]q[0xffffffad][0xffffffc1][0xffffffdc]X[0xffffff80]3[0xffffffdb][0xffffffb5][0xffffffd7][0xffffffe7][0xffffffc6][0xffffffa6][0xffffff9a][0x1b][0xffffff9b]}Q[0xffffffbb]g&>76[\r][0xffffffe6][0xffffffc6]f[0x1c][0xffffffd0][0xffffffc9][0xffffffc4][0x19][0xffffff9b][0x1b][0xffffff9b][0xfffffffb]P[0xe][0xffffffea]Z[0xffffff93][0xffffffb9]1[0x9]$[0xffffffe3]Z[0xffffff83][0xffffffb9][0xffffffb1][0x0]g[0xffffffb6]k[0xffffffaf][0xffffffcf][0xffffff8d]M576W[0xffffffa3]ft'>76[\r][0xffffffe6][0xffffffc6]f[0x1c][0xffffffd0][0xffffffc9][0xffffffc4][0x19][0xffffff9b][0x1b][0xffffff9b][0xfffffffb]P[0xe][0xffffffea]Z[0xffffff93][0xffffffb9]1[0x9]$[0xffffffe3]Z[0xffffff83][0xffffffb9][0xffffffb1][0x0]g[0xffffffb6]k[0xffffffaf][0xffffffcf][0xffffff8d]M57[0xffffffb6][0xffffffca]A[0xffffffcd][0xffffff8d]M|nl[0x1a][0xffffffcc][0xffffff8d][0xffffffcd]8[0xffffffa0][0xffffff93][0xffffff89]3676[0xfffffff7][0xffffffa1][0x1c][0xffffffd4][0xffffffb5]&sc[0x12]H[0xffffffc6][0xffffffb5][0x6]sc[0x1][0xffffffce]l[0xffffffd7]^[0xffffff9f][0x1b][0xffffff9b]jnl5[0xffffffec][0xffffffce][0xffffffd7][0xffffffc4][0xffffffe7][0xffffffc6][0xffffffa6][0xffffffc1][0xffffffdc][0xffffffd8][0xffffff8c][0x3]:[0xffffff99]8cscs[0x1f][0xffffffca]A]k27&[0xffffff81]d\k07[0x16][0xffffffe0][0xffffffcc]v[0xffffffed][0xfffffff5][0xffffffb9][0xffffffb1]y*[0xffffffd7][0xffffffce]J[0xffffffcd][0xffffff8d][0xffffffbd][0xffffff9d][0x7]v[0xffffffed]i[0xffffffe0][0xffffffda]3@[0xffffff9d][0xffffff89][0xfffffff3][0xffffff89][0xffffffb9][0xfffffff6]trmD[0xffffff91]q[0xffffffad][0x2][0xffffff92]qm[0xffffffc4]2[0xffffffdf][0xffffffb5];[0xffffff9c][0xffffffd9][0xffffffae][0xffffffdd][0x11]}[0xffffffc1][0xffffffb5]bn[0xffffffec][0xffffffbc][0xffffffdd][0x6]v[0xffffffe7][0xb][0xffffff9f][0x1b][0xffffff9b][0x6]sc3[0xe][0xffffffe8]d[0xffffffe2][0xffffff8c][0xffffffcd][0xffffff8d][0xffffffcd]}([0x7]u[0xffffffad][0xffffffc9][0xffffffdc][0xffffff98][0x4][0xffffff92]q[0xffffffad][0xffffffc1][0xffffffdc]X[0xffffff80]3[0xffffffdb][0xffffffb5][0xffffffd7][0xffffffe7][0xffffffc6][0xffffffa6][0xffffff98][0x1b];o[0xffffff95][0xffffffbb][0xfffffff3][0xffffff85][0xffffffcf][0xffffff8d]M[0xffffff83][0xffffffb9][0xffffffb1][0x19][0x7]t2q[0xffffffc6][0xffffffe6][0xffffffc6][0xffffffe6]>[0xffffff94][0xffffff83][0xffffffba][0xffffffd6]dnL[0x2][0xffffffc9][0xffffffb8][0xffffffd6]`n,[0xffffffc0][0xffffff99][0xffffffed][0xffffffda][0xffffffeb]scK|o[0xffffffec][0xffffffbc][\r]lW[0xfffffff8][0xffffffc2][0xffffffbf]7[0xffffffb6][0xc][0xffffffbe]7[0xffffffb6][0xffffffe2][0xffffff87][0xffffff9d][0x12]q^[0xffffffd8][0xfffffff7][0xffffffc6][0xffffffd6][0xfffffffe]1'[0xffffffd2][0xffffffb5][0x2]E[0xffffffc4][0xffffffb5][0x12]H[0xffffffc4][0xffffffb5][0x2][0xffffffcb]t[0xffffffd7][0x6]8[0xffffff93]][0x1b][0x10]}[0xffffffc1][0xffffffb5]b[0xffffff96][0xffffffe1][0xffffffbc][0xffffffad][0xffffff82][0xffffffb9][0x16][0xffffff9f]eX[0x6][0xffffffb3][0xc]+^[0x1a][0xffffffcf][0xffffffc4][0x19][0xffffff9b]eX[0xfffffffb]Eq[0xffffffd4][0xffffffb5]&[0xffffffb3][0xc][0x12]H[0xffffffc6][0xffffffb5][0x6][0xffffffb3][0xc][0x1][0xffffffce]l[0xffffffd7]^[0xffffff9f]eXb[0xffffff96][0xffffffe1][0xffffffee]ZlW[0xfffffff8][0xffffffc2]g[0x19][0xffffff96][0xffffffc1],[0xffffffc3][0xffffff8a][0xffffff97][0xffffffc6]3q[0xffffffc6]f[0x19][0xffffffd6]~Q[0x1c]u[0xffffffad][0xffffffc9],[0xffffff83][0x4][0xffffff92]q[0xffffffad][0xffffffc1],C[0xffffff80]3[0xffffffdb][0xffffffb5][0xffffffd7]g[0x19][0xffffff96][0xffffff98]e8[0xffffff8f][0xffffffe3][0xffffffd6]([0xffffffd7][0xffffffe2][0xffffffb3][0xc][0xffffffcb]`[0xffffff96]a[0xffffffc5]K[0xffffffe3][0xffffff99]8c[0xffffffb3][0xc]k[0xffffffbf]([0xffffff8e][0xffffffba][0xffffffd6]d[0xffffff96]A[0x2][0xffffffc9][0xffffffb8][0xffffffd6]`[0xffffff96]![0xffffffc0][0xffffff99][0xffffffed][0xffffffda][0xffffffeb][0xffffffb3][0xc]K[0xffffffcc]2[0xffffff9c]G=[\n]"
[...]
[DEBUG] http-outgoing-1 << "I[0xffffff89][0xffffff90][0xffffff89]*[0x1b]H[0xffffff86][0x12][0x1][0x13]U[0x12][0xffffffce]jJ[0x4]OT[0xffffffb9][0xfffffff2]d)[0xffffff91]7Q[0xffffffe5][0xffffffaa][0xffffff95][0xffffffa3]D[0xffffffca]D[0xffffff95][0x16][0xffffffef][0x6]%[0x1e]G[0xffffff89][0xfffffff3][0x19][0x14]%[0x1e][0xffffff9c][0x12]O[0x0]%[0x1e][0xffffffcd]{a[0xffffffc0][0x1f][0xffffff8c][0x12]O[0x12]%4[0xffffff8a][0xc]%\ [0x19]Jh,[0xffffffeb])[0xffffffb1][0xffffff86][0xffffffb3][0xffffff9a][0x12]kD[0xffffff93](a[0xffffffca][0xffffff93][0xffffffa5][0xffffff84][0xffffffed]R[0xffffff96][0x12][0xffffffa6]Z9JH[0xffffffd3]R[0xffffff94][0xffffff90][0xffffffe2][0xfffffffd]sJ[0xffffffcc][0xfffffff6][0x7f]c[0xffffffa5][0xffffffc4][0xfffffff1]j[0xfffffff7][0xffffff84]([0xfffffff1]y?,%[0xffffffbe][0xffffffee][0x0][0xffffffa6][0xffffffc4][0xffffffbf][0xfffffff7][0xffffff80]P[0xffffffe2][0xffffffeb][0xffffffea][0x8]%[0xfffffffe][0xffffffb9]r[0x4]%L[0x14][0x11]J[0xffffffd8]@"[0xffffff94]0[0xffffffb1],[0xffffffa7][0xffffff84][0xffffff84][0xffffffb3][0xffffff98][0x12][0x12][0xffffffd1] J[0xffffffb8][0xfffffff2]D)[0xffffffe1][0xffffffbb][0x14][0xffffffa5][0xffffff84][0xffffffab]V[0xffffff8c][0x12][0xffffffda][0xffffffb4][0x10]%[0xffffffb4]x7(a&[0xffffffaa][0xffffff8e][0xffffffd7][0xffffffbc][0xffffffa8][0xffffffb5][0xffffffcb][0xffffff89]OT[0xffffffcd][0xffffff80][0xffffff89][0xffffffaa]ivT[\n]"
[DEBUG] http-outgoing-1 << "[0x3][0xffffff8e]MTMYJ!)[0x11]2Qe[0x3][0xffffffc9]P"`[0xffffffa2]J[0xffffffc2]YM[0xffffff89][0xffffffe0][0xffffff89]*W[0xffffff9e],%[0xfffffff2]&[0xffffffaa]\[0xffffffb5]r[0xffffff94]H[0xffffff99][0xffffffa8][0xffffffd2][0xffffffe2][0xffffffdd][0xffffffa0][0xffffff84][0xffffff99][0xffffffa8]:^O[0xffffffeb][0x14]%[0xfffffff0][0xffffff89][0xffffffaa][0x19]0Q5[0xffffffcd][0xffffff8e]Ja[0xffffffc0][0xffffffb1][0xffffff89][0xffffffaa])K)$%B&[0xffffffaa]l [0x19]J[0x4]LTI8[0xffffffab])[0x11]<Q[0xffffffe5][0xffffffca][0xffffff93][0xffffffa5]D[0xffffffde]D[0xffffff95][0xffffffab]V[0xffffff8e][0x12])[0x13]UZ[0xffffffbc][0x1b][0xffffff94]0[0x13]UG{[0xffffff9d][0xffffffd4][0xffffffbb][0x12][0x13][0xffffff9f][0xffffffa8][0xffffff9a][0x1][0x13]U[0xffffffd3][0xffffffec][0xffffffa8][0x14][0x6][0x1c][0xffffff9b][0xffffffa8][0xffffff9a][0xffffffb2][0xffffff94]BR"d[0xffffffa2][0xffffffca][0x6][0xffffff92][0xffffffa1]D[0xffffffc0]D[0xffffff95][0xffffff84][0xffffffb3][0xffffff9a][0x12][0xffffffc1][0x13]U[0xffffffae]<YJ[0xffffffe4]MT[0xffffffb9]j[0xffffffe5]([0xffffff91]2Q[0xffffffa5][0xffffffc5][0xffffffbb]A[0x9]3Qu[0xffffffb4][0xfffffff3][0xffffffa4]v%&>Q5[0x3]&[0xffffffaa][0xffffffa6][0xffffffd9]Q)[0xc]86Q5e)[0xffffff85][0xffffffa4]D[0xffffffc8]D[0xffffff95][\r]$C[0xffffff89][0xffffff80][0xffffff89]*[0x9]g5%[0xffffff82]'[0xffffffaa]\y[0xffffffb2][0xffffff94][0xffffffc8][0xffffff9b][0xffffffa8]r[0xffffffd5][0xffffffca]Q"e[0xffffffa2]J[0xffffff8b]w[0xffffff83][0x12]f[0xffffffa2][0xffffffea][0xffffffe8][0xffffffbd][0xffffffbd](J[0xffffffe0][0x13]U3`[0xffffffa2]j[0xffffff9a][0x1d][0xffffff95][0xffffffc2][0xffffff80]c[0x13]US[0xffffff96]RHJ[0xffffff84]LT[0xffffffd9]@2[0xffffff94][0x8][0xffffff98][0xffffffa8][0xffffff92]pVS"x[0xffffffa2][0xffffffca][0xffffff95]'K[0xffffff89][0xffffffbc][0xffffff89]*W[0xffffffad][0x1c]%R&[0xffffffaa][0xffffffb4]x7(qYJ\[0xffffff93][0xffffffa2][0xffffffc4][0xffffff85]S[0xffffffe2][\n]"
[DEBUG] http-outgoing-1 << "[0xffffffa0][0xffffffc4][0xffffffa5]y/[0xc][0xfffffff8][0xffffff85]Q[0xffffffe2]J[0xffffffa2][0xffffff84]F[0xffffff91][0xffffffa1][0xffffff84][0xb]$C[0x9][0xffffff8d]e=%[0xffffffd6]pVSb[0xffffff8d]h[0x12]%Ly[0xffffffb2][0xffffff94][0xffffffb0]][0xffffffca]R[0xffffffc2]T+G[0x9]iZ[0xffffff8a][0x12]R[0xffffffbc][0x1b][0xffffff94]0[0x13]UG[0x1f][0xffffff9d][0xffffff9a][0xffffffa8][0xffffff9a][0xfffffff8]D[0xffffffd5][0xc][0xffffff98][0xffffffa8][0xffffff9a]fG[0xffffffa5]0[0xffffffe0][0xffffffd8]D[0xffffffd5][0xffffff94][0xffffffa5][0x14][0xffffff92][0x12]![0x13]U6[0xffffff90][0xc]%[0x2]&[0xffffffaa]$[0xffffff9c][0xffffffd5][0xffffff94][0x8][0xffffff9e][0xffffffa8]r[0xffffffe5][0xffffffc9]R"o[0xffffffa2][0xffffffca]U+G[0xffffff89][0xffffff94][0xffffff89]*-[0xffffffde][\r]J[0xffffff98][0xffffff89][0xffffffaa][0xf]J[0xffffff9c][0xffffffd4]q^[0x13][0xffffff9f][0xffffffa8][0xffffff9a][0x1][0x13]U[0xffffffd3][0xffffffec][0xffffffa8][0x14][0x6][0x1c][0xffffff9b][0xffffffa8][0xffffff9a][0xffffffb2][0xffffff94]BR"d[0xffffffa2][0xffffffca][0x6][0xffffff92][0xffffffa1]D[0xffffffc0]D[0xffffff95][0xffffff84][0xffffffb3][0xffffff9a][0x12][0xffffffc1][0x13]U[0xffffffae]<YJ[0xffffffe4]MT[0xffffffb9]j[0xffffffe5]([0xffffff91]2Q[0xffffffa5][0xffffffc5][0xfffffffb][0xffffffe7][0xffffff94]8^[0xffffff8e][0x12][0xfffffff3][0xffffffbe] J|[0xffffffde][0xf]K[0xffffff89][0xffffffaf];[0xffffff80])[0xfffffff1][0xffffffef]= [0xffffff94][0xfffffff8][0xffffffba]:B[0xffffff89][0x7f][0xffffffae][0x1c]A[0x9][0x13]E[0xffffff84][0x12]6[0xffffff90][0x8]%L,[0xffffffcb])![0xffffffe1],[0xffffffa6][0xffffff84]D4[0xffffff88][0x12][0xffffffae]<QJ[0xfffffff8].E)[0xffffffe1][0xffffffaa][0x15][0xffffffa3][0xffffff84]6-D[0x9]-[0xffffffde][\r]J4C[0xffffff89][0xfffffff1][0xffffffc2][0xffffffce][0xffffffe0][0xfffffff8][0xffffffbc][0x1f][0xffffff98][0x12]-[0xffffff80][0x12]M[0xfffffff3]^[0x18][0xfffffff0][0xffffff86]Q[0xffffffa2]%QB[0xffffffa3][0xffffffc8]P[0xffffffc2][0x5][0xffffff92][0xffffffa1][0xffffff84][0xffffffc6][0xffffffb2][0xffffff9e][0x12]k8[0xffffffab])[0xffffffb1]F4[0xffffff89][0x12][0xffffffa6]<YJ[0xffffffd8].e)a[0xffffffaa][0xffffff95][0xffffffa3][0xffffff84]4-E[0x9])[0xffffffde]-J[0xffffffe8]p6K[0x9]x8[0xfffffffb][0x8][0x18][0xffffffce]>[0xffffffcc][0xffffffba]ki[0xffffffc0][0xffffffa1][0xffffffe1][0xffffffec]C[0xfffffff6][YJD[0xc]g[0xffffffdb]@R[0xffffff94][0xffffffc0][0xffffff87][0xffffffb3]%[0xffffff9c][0xfffffff5][0xffffff94][0xffffff88][0x1d][0xffffffce]v[0xffffffe5]IS"m8[0xffffffdb]U+I[0xffffff89][0xffffff8c][0xffffffe1]l-[0xffffffde]-J[0x1c]a[0xffffff94]8pJ[0x1c][0x1][0xffffff94]8PJ[0x1c][0x18]%[0xffffff8e]$J[0xffffffac]Q[0xffffffa4]([0xffffffa1][0xffffff81][0xffffffa4]([0xffffffb1][0xffffffc6][0xffffff92][0xffffffa0][0xffffffc4][0x1]S[0xffffffe2][0x8][0xffffffa6][0xffffff84][0xffffff94]'M[0x9][0xffffffd3][0xffffffa5]4%[0xffffffa4]ZIJ[0x1c])[0xffffff94]8[0xfffffff6])q[0x7f][0xffffffff][\r]w[0x6][0xffffffc7]8[0xffffffdb],[0xffffffa7][0xffffffc4][0xffffffcf][0xfffffffb][0xffffffa1]([0xfffffff1][0xffffffcb][0x1d]`[0xffffff94]X[0xffffffee][0xffffffa1][0xffffff98][0x12][0xffffffbf]\[0xffffffbd][0xffffff98][0x12][0xffffffff]{e[0xffffff98][0x12]o[0xffffffa3]XL[0xffffff89][0xffffffdf][0x4][0xffffffb2][0xffffff98][0x12]ocYH[0xffffff89]7[0xffffffe1],[0xffffffa3][0xffffffc4][0xffffff9b][0xffffff88]FP[0xffffffe2]}yB[0xffffff94][0xfffffff8]][0xffffff97]B[0xffffff94]x_[0xffffffad][0x0]%[0xffffffde]5m9%[0xffffffde][0x15][0xffffffef][0x6]%[0xffffffdc][0x19][0x1c][0xffffffe3]:[0xffffffeb][0xffffff8f][0xfffffff3][0xfffffffa]y?0%[0xffffffd0]38[0xffffff96]{`([0x1][0xffffff9c][0xffffffc1][0xfffffff1][0xffffffbf]W[0xffffffce][0xffffffa0][0x4]~[0x6][0xffffffc7]o[0x2][0xffffffc9]P[0x2]=[0xffffff83][0xffffffe3]M8[0xffffffab])[0x11]y[0x6][0xffffffc7][0xfffffffb][0xfffffff2]d)[0xffffff91]t[0x6][0xffffffc7][0xfffffffb]j[0xffffffe5]([0xffffffc1][0xffffff9f][0xffffffc1][0xfffffff1][0xffffffae]x[0x7f]K[0xffffff89][0xffffffff][0xfffffff7][0xffffffff][0xfffffffb][0x7f][0xfffffffe][0x7f][0xffffffc1]_[0xffffffc1][0xffffffd8]m!+[0x0]"
[DEBUG] ep-0000000002 releasing valid endpoint
[DEBUG] ep-0000000002 releasing endpoint
[DEBUG] ep-0000000002 connection http-outgoing-1 can be kept alive for 3 MINUTES
[DEBUG] ep-0000000002 connection released [route: {s}->https://googlechromelabs.github.io:443][total available: 2; route allocated: 1 of 5; total allocated: 2 of 25]
[INFO] Using chromedriver 134.0.6998.165 (resolved driver for Chrome 134)
[DEBUG] Storing resolution chrome=134 in cache (valid until 17:17:05 01/05/2025 IST)
[DEBUG] Storing resolution chrome134=134.0.6998.165 in cache (valid until 16:17:05 02/05/2025 IST)
[DEBUG] Driver chromedriver 134.0.6998.165 found in cache
[INFO] Exporting webdriver.chrome.driver as C:\Users\CSCSPV868\.cache\selenium\chromedriver\win64\134.0.6998.165\chromedriver.exe
[INFO ] 2025-05-01 16:17:09.898 [main] StepDef - launched chrome browser.
[INFO ] 2025-05-01 16:17:13.656 [main] StepDef - Opened url
[INFO ] 2025-05-01 16:17:13.875 [main] StepDef - EmailAddress and password entered.
[INFO ] 2025-05-01 16:17:13.958 [main] StepDef - clicked on login button.
[WARN ] 2025-05-01 16:17:21.199 [main] StepDef - Test Passed : User can view dashboard page title matched.
[INFO ] 2025-05-01 16:17:21.366 [main] StepDef - clicked on bills.
[INFO ] 2025-05-01 16:17:22.267 [main] StepDef - Clicked on view & updated bills.
[INFO ] 2025-05-01 16:17:22.343 [main] StepDef - Entered receipt number on the search page.
[INFO ] 2025-05-01 16:17:22.422 [main] StepDef - Clicked on search button.
[WARN ] 2025-05-01 16:17:24.505 [main] StepDef - Test Passed : User should found Receipt Number in the Search table.
[INFO ] 2025-05-01 16:17:25.919 [main] StepDef - browser closed.
]]></system-out>
    <system-err><![CDATA[May 01, 2025 4:17:09 PM org.openqa.selenium.devtools.CdpVersionFinder findNearestMatch
WARNING: Unable to find an exact match for CDP version 134, returning the closest version; found: 132; Please update to a Selenium version that supports CDP version 134
May 01, 2025 4:17:24 PM org.openqa.selenium.remote.http.WebSocket$Listener onError
WARNING: Connection reset
java.net.SocketException: Connection reset
	at java.base/sun.nio.ch.SocketChannelImpl.throwConnectionReset(SocketChannelImpl.java:394)
	at java.base/sun.nio.ch.SocketChannelImpl.read(SocketChannelImpl.java:426)
	at java.net.http/jdk.internal.net.http.SocketTube.readAvailable(SocketTube.java:1170)
	at java.net.http/jdk.internal.net.http.SocketTube$InternalReadPublisher$InternalReadSubscription.read(SocketTube.java:833)
	at java.net.http/jdk.internal.net.http.SocketTube$SocketFlowTask.run(SocketTube.java:181)
	at java.net.http/jdk.internal.net.http.common.SequentialScheduler$SchedulableTask.run(SequentialScheduler.java:230)
	at java.net.http/jdk.internal.net.http.common.SequentialScheduler.runOrSchedule(SequentialScheduler.java:303)
	at java.net.http/jdk.internal.net.http.common.SequentialScheduler.runOrSchedule(SequentialScheduler.java:256)
	at java.net.http/jdk.internal.net.http.SocketTube$InternalReadPublisher$InternalReadSubscription.signalReadable(SocketTube.java:774)
	at java.net.http/jdk.internal.net.http.SocketTube$InternalReadPublisher$ReadEvent.signalEvent(SocketTube.java:957)
	at java.net.http/jdk.internal.net.http.SocketTube$SocketFlowEvent.handle(SocketTube.java:253)
	at java.net.http/jdk.internal.net.http.HttpClientImpl$SelectorManager.handleEvent(HttpClientImpl.java:979)
	at java.net.http/jdk.internal.net.http.HttpClientImpl$SelectorManager.lambda$run$3(HttpClientImpl.java:934)
	at java.base/java.util.ArrayList.forEach(ArrayList.java:1511)
	at java.net.http/jdk.internal.net.http.HttpClientImpl$SelectorManager.run(HttpClientImpl.java:934)

]]></system-err>
  </testcase>
  <testcase name="runScenario[&quot;Search Bill by Department Name&quot;, &quot;Bill&quot;](2)" classname="TestRunner.Run" time="10.741">
    <system-out><![CDATA[[INFO ] 2025-05-01 16:17:25.935 [main] StepDef - Before setup method executed.
[DEBUG] Using WebDriverManager 5.9.2
[DEBUG] Resolution chrome=134 in cache (valid until 17:17:05 01/05/2025 IST)
[DEBUG] Resolution chrome134=134.0.6998.165 in cache (valid until 16:17:05 02/05/2025 IST)
[INFO] Using chromedriver 134.0.6998.165 (resolved driver for Chrome 134)
[DEBUG] Driver chromedriver 134.0.6998.165 found in cache
[INFO] Exporting webdriver.chrome.driver as C:\Users\CSCSPV868\.cache\selenium\chromedriver\win64\134.0.6998.165\chromedriver.exe
[INFO ] 2025-05-01 16:17:27.830 [main] StepDef - launched chrome browser.
[INFO ] 2025-05-01 16:17:28.690 [main] StepDef - Opened url
[INFO ] 2025-05-01 16:17:28.904 [main] StepDef - EmailAddress and password entered.
[INFO ] 2025-05-01 16:17:30.528 [main] StepDef - clicked on login button.
[WARN ] 2025-05-01 16:17:30.540 [main] StepDef - Test Passed : User can view dashboard page title matched.
[INFO ] 2025-05-01 16:17:30.682 [main] StepDef - clicked on bills.
[INFO ] 2025-05-01 16:17:31.265 [main] StepDef - Clicked on view & updated bills.
[INFO ] 2025-05-01 16:17:31.374 [main] StepDef - Selected department from dropdown as e-Mobility.
[INFO ] 2025-05-01 16:17:31.498 [main] StepDef - Selected status of bill from dropdown menu as In-Process.
[INFO ] 2025-05-01 16:17:31.584 [main] StepDef - Clicked on search button.
[WARN ] 2025-05-01 16:17:34.659 [main] StepDef - Test Passed : Department name founded in the search table as e-Mobility.
[INFO ] 2025-05-01 16:17:36.667 [main] StepDef - browser closed.
]]></system-out>
    <system-err><![CDATA[May 01, 2025 4:17:27 PM org.openqa.selenium.devtools.CdpVersionFinder findNearestMatch
WARNING: Unable to find an exact match for CDP version 134, returning the closest version; found: 132; Please update to a Selenium version that supports CDP version 134
May 01, 2025 4:17:34 PM org.openqa.selenium.remote.http.WebSocket$Listener onError
WARNING: Connection reset
java.net.SocketException: Connection reset
	at java.base/sun.nio.ch.SocketChannelImpl.throwConnectionReset(SocketChannelImpl.java:394)
	at java.base/sun.nio.ch.SocketChannelImpl.read(SocketChannelImpl.java:426)
	at java.net.http/jdk.internal.net.http.SocketTube.readAvailable(SocketTube.java:1170)
	at java.net.http/jdk.internal.net.http.SocketTube$InternalReadPublisher$InternalReadSubscription.read(SocketTube.java:833)
	at java.net.http/jdk.internal.net.http.SocketTube$SocketFlowTask.run(SocketTube.java:181)
	at java.net.http/jdk.internal.net.http.common.SequentialScheduler$SchedulableTask.run(SequentialScheduler.java:230)
	at java.net.http/jdk.internal.net.http.common.SequentialScheduler.runOrSchedule(SequentialScheduler.java:303)
	at java.net.http/jdk.internal.net.http.common.SequentialScheduler.runOrSchedule(SequentialScheduler.java:256)
	at java.net.http/jdk.internal.net.http.SocketTube$InternalReadPublisher$InternalReadSubscription.signalReadable(SocketTube.java:774)
	at java.net.http/jdk.internal.net.http.SocketTube$InternalReadPublisher$ReadEvent.signalEvent(SocketTube.java:957)
	at java.net.http/jdk.internal.net.http.SocketTube$SocketFlowEvent.handle(SocketTube.java:253)
	at java.net.http/jdk.internal.net.http.HttpClientImpl$SelectorManager.handleEvent(HttpClientImpl.java:979)
	at java.net.http/jdk.internal.net.http.HttpClientImpl$SelectorManager.lambda$run$3(HttpClientImpl.java:934)
	at java.base/java.util.ArrayList.forEach(ArrayList.java:1511)
	at java.net.http/jdk.internal.net.http.HttpClientImpl$SelectorManager.run(HttpClientImpl.java:934)

]]></system-err>
  </testcase>
  <testcase name="runScenario[&quot;Successful Login with Valid Credentials&quot;, &quot;Login&quot;](3)" classname="TestRunner.Run" time="6.266">
    <system-out><![CDATA[[INFO ] 2025-05-01 16:17:36.683 [main] StepDef - Before setup method executed.
[DEBUG] Using WebDriverManager 5.9.2
[DEBUG] Resolution chrome=134 in cache (valid until 17:17:05 01/05/2025 IST)
[DEBUG] Resolution chrome134=134.0.6998.165 in cache (valid until 16:17:05 02/05/2025 IST)
[INFO] Using chromedriver 134.0.6998.165 (resolved driver for Chrome 134)
[DEBUG] Driver chromedriver 134.0.6998.165 found in cache
[INFO] Exporting webdriver.chrome.driver as C:\Users\CSCSPV868\.cache\selenium\chromedriver\win64\134.0.6998.165\chromedriver.exe
[INFO ] 2025-05-01 16:17:38.592 [main] StepDef - launched chrome browser.
[INFO ] 2025-05-01 16:17:39.062 [main] StepDef - Opened url
[INFO ] 2025-05-01 16:17:39.244 [main] StepDef - EmailAddress and password entered.
[INFO ] 2025-05-01 16:17:40.744 [main] StepDef - clicked on login button.
[WARN ] 2025-05-01 16:17:40.757 [main] StepDef - Test Passed : Page title matched.
[INFO ] 2025-05-01 16:17:41.523 [main] StepDef - clicked on logout button.
[WARN ] 2025-05-01 16:17:41.531 [main] StepDef - Test Passed : Page title matched.
[INFO ] 2025-05-01 16:17:42.932 [main] StepDef - browser closed.
]]></system-out>
    <system-err><![CDATA[May 01, 2025 4:17:38 PM org.openqa.selenium.devtools.CdpVersionFinder findNearestMatch
WARNING: Unable to find an exact match for CDP version 134, returning the closest version; found: 132; Please update to a Selenium version that supports CDP version 134
May 01, 2025 4:17:41 PM org.openqa.selenium.remote.http.WebSocket$Listener onError
WARNING: Connection reset
java.net.SocketException: Connection reset
	at java.base/sun.nio.ch.SocketChannelImpl.throwConnectionReset(SocketChannelImpl.java:394)
	at java.base/sun.nio.ch.SocketChannelImpl.read(SocketChannelImpl.java:426)
	at java.net.http/jdk.internal.net.http.SocketTube.readAvailable(SocketTube.java:1170)
	at java.net.http/jdk.internal.net.http.SocketTube$InternalReadPublisher$InternalReadSubscription.read(SocketTube.java:833)
	at java.net.http/jdk.internal.net.http.SocketTube$SocketFlowTask.run(SocketTube.java:181)
	at java.net.http/jdk.internal.net.http.common.SequentialScheduler$SchedulableTask.run(SequentialScheduler.java:230)
	at java.net.http/jdk.internal.net.http.common.SequentialScheduler.runOrSchedule(SequentialScheduler.java:303)
	at java.net.http/jdk.internal.net.http.common.SequentialScheduler.runOrSchedule(SequentialScheduler.java:256)
	at java.net.http/jdk.internal.net.http.SocketTube$InternalReadPublisher$InternalReadSubscription.signalReadable(SocketTube.java:774)
	at java.net.http/jdk.internal.net.http.SocketTube$InternalReadPublisher$ReadEvent.signalEvent(SocketTube.java:957)
	at java.net.http/jdk.internal.net.http.SocketTube$SocketFlowEvent.handle(SocketTube.java:253)
	at java.net.http/jdk.internal.net.http.HttpClientImpl$SelectorManager.handleEvent(HttpClientImpl.java:979)
	at java.net.http/jdk.internal.net.http.HttpClientImpl$SelectorManager.lambda$run$3(HttpClientImpl.java:934)
	at java.base/java.util.ArrayList.forEach(ArrayList.java:1511)
	at java.net.http/jdk.internal.net.http.HttpClientImpl$SelectorManager.run(HttpClientImpl.java:934)

]]></system-err>
  </testcase>
</testsuite>