<?xml version="1.0" encoding="UTF-8"?>
<testng-results ignored="0" total="3" passed="1" failed="2" skipped="0">
  <reporter-output>
  </reporter-output>
  <suite started-at="2025-05-06T11:40:34 IST" name="Surefire suite" finished-at="2025-05-06T11:41:34 IST" duration-ms="60357">
    <groups>
      <group name="cucumber">
        <method signature="AbstractTestNGCucumberTests.runScenario(io.cucumber.testng.PickleWrapper, io.cucumber.testng.FeatureWrapper)[pri:0, instance:TestRunner.Run@38c5cc4c]" name="runScenario" class="io.cucumber.testng.AbstractTestNGCucumberTests"/>
      </group> <!-- cucumber -->
    </groups>
    <test started-at="2025-05-06T11:40:34 IST" name="Surefire test" finished-at="2025-05-06T11:41:34 IST" duration-ms="60357">
      <class name="TestRunner.Run">
        <test-method is-config="true" signature="setUpClass(org.testng.ITestContext)[pri:0, instance:TestRunner.Run@38c5cc4c]" started-at="2025-05-06T11:40:34 IST" name="setUpClass" finished-at="2025-05-06T11:40:34 IST" duration-ms="705" status="PASS">
          <params>
            <param index="0">
              <value>
                <![CDATA[org.testng.TestRunner@3ba3f40d]]>
              </value>
            </param>
          </params>
          <reporter-output>
          </reporter-output>
        </test-method> <!-- setUpClass -->
        <test-method signature="runScenario(io.cucumber.testng.PickleWrapper, io.cucumber.testng.FeatureWrapper)[pri:0, instance:TestRunner.Run@38c5cc4c]" started-at="2025-05-06T11:40:34 IST" name="runScenario" description="Runs Cucumber Scenarios" data-provider="scenarios" finished-at="2025-05-06T11:40:57 IST" duration-ms="23015" status="FAIL">
          <params>
            <param index="0">
              <value>
                <![CDATA["Search Bill by Receipt Number"]]>
              </value>
            </param>
            <param index="1">
              <value>
                <![CDATA["Bill"]]>
              </value>
            </param>
          </params>
          <exception class="java.lang.AssertionError">
            <message>
              <![CDATA[expected [true] but found [false]]]>
            </message>
            <full-stacktrace>
              <![CDATA[java.lang.AssertionError: expected [true] but found [false]
at org.testng.Assert.fail(Assert.java:99)
at org.testng.Assert.failNotEquals(Assert.java:1037)
at org.testng.Assert.assertTrue(Assert.java:45)
at org.testng.Assert.assertTrue(Assert.java:55)
at StepDefinition.StepDef.user_can_view_dashboard(StepDef.java:178)
at ✽.User can view Dashboard(file:///C:/Users/CSCSPV868/eclipse-workspace/CS_AutomationFramework/BDDCucumberJavaProject/./Features/AddBill.feature:8)
]]>
            </full-stacktrace>
          </exception> <!-- java.lang.AssertionError -->
          <reporter-output>
          </reporter-output>
        </test-method> <!-- runScenario -->
        <test-method signature="runScenario(io.cucumber.testng.PickleWrapper, io.cucumber.testng.FeatureWrapper)[pri:0, instance:TestRunner.Run@38c5cc4c]" started-at="2025-05-06T11:40:57 IST" name="runScenario" description="Runs Cucumber Scenarios" data-provider="scenarios" finished-at="2025-05-06T11:41:23 IST" duration-ms="26206" status="PASS">
          <params>
            <param index="0">
              <value>
                <![CDATA["Search Bill by Department Name"]]>
              </value>
            </param>
            <param index="1">
              <value>
                <![CDATA["Bill"]]>
              </value>
            </param>
          </params>
          <reporter-output>
          </reporter-output>
        </test-method> <!-- runScenario -->
        <test-method signature="runScenario(io.cucumber.testng.PickleWrapper, io.cucumber.testng.FeatureWrapper)[pri:0, instance:TestRunner.Run@38c5cc4c]" started-at="2025-05-06T11:41:23 IST" name="runScenario" description="Runs Cucumber Scenarios" data-provider="scenarios" finished-at="2025-05-06T11:41:33 IST" duration-ms="9771" status="FAIL">
          <params>
            <param index="0">
              <value>
                <![CDATA["Successful Login with Valid Credentials"]]>
              </value>
            </param>
            <param index="1">
              <value>
                <![CDATA["Login"]]>
              </value>
            </param>
          </params>
          <exception class="java.lang.AssertionError">
            <message>
              <![CDATA[expected [true] but found [false]]]>
            </message>
            <full-stacktrace>
              <![CDATA[java.lang.AssertionError: expected [true] but found [false]
at org.testng.Assert.fail(Assert.java:99)
at org.testng.Assert.failNotEquals(Assert.java:1037)
at org.testng.Assert.assertTrue(Assert.java:45)
at org.testng.Assert.assertTrue(Assert.java:55)
at StepDefinition.StepDef.page_title_should_be(StepDef.java:124)
at ✽.Page Title should be "Invoice Management System"(file:///C:/Users/CSCSPV868/eclipse-workspace/CS_AutomationFramework/BDDCucumberJavaProject/./Features/LoginFeature.feature:9)
]]>
            </full-stacktrace>
          </exception> <!-- java.lang.AssertionError -->
          <reporter-output>
          </reporter-output>
        </test-method> <!-- runScenario -->
        <test-method is-config="true" signature="tearDownClass()[pri:0, instance:TestRunner.Run@38c5cc4c]" started-at="2025-05-06T11:41:33 IST" name="tearDownClass" finished-at="2025-05-06T11:41:34 IST" duration-ms="619" status="PASS">
          <reporter-output>
          </reporter-output>
        </test-method> <!-- tearDownClass -->
      </class> <!-- TestRunner.Run -->
    </test> <!-- Surefire test -->
  </suite> <!-- Surefire suite -->
</testng-results>
