<?xml version="1.0" encoding="UTF-8"?>
<testsuite xmlns:xsi="http://www.w3.org/2001/XMLSchema-instance" xsi:noNamespaceSchemaLocation="https://maven.apache.org/surefire/maven-surefire-plugin/xsd/surefire-test-report-3.0.xsd" version="3.0" name="TestRunner.Run" time="35.639" tests="3" errors="0" skipped="0" failures="0">
  <properties>
[...]
</properties>
  <testcase name="runScenario[&quot;Search Bill by Receipt Number&quot;, &quot;Bill&quot;](1)" classname="TestRunner.Run" time="19.487">
    <system-out><![CDATA[
@Sanity
Scenario: Search Bill by Receipt Number                                 # Features/AddBill.feature:27
[INFO ] 2025-04-16 15:38:07.163 [main] StepDef - Before setup method executed.
[DEBUG] Using WebDriverManager 5.9.2
[DEBUG] Removing resolution chrome=134 from cache (expired on Wed Apr 16 12:01:15 IST 2025)
[DEBUG] ex-0000000001 preparing request execution
[DEBUG] ex-0000000001 target auth state: UNCHALLENGED
[DEBUG] ex-0000000001 proxy auth state: UNCHALLENGED
[DEBUG] ex-0000000001 acquiring connection with route {s}->https://raw.githubusercontent.com:443
[DEBUG] ex-0000000001 acquiring endpoint (3 MINUTES)
[DEBUG] ex-0000000001 endpoint lease request (3 MINUTES) [route: {s}->https://raw.githubusercontent.com:443][total available: 0; route allocated: 0 of 5; total allocated: 0 of 25]
[DEBUG] ex-0000000001 endpoint leased [route: {s}->https://raw.githubusercontent.com:443][total available: 0; route allocated: 1 of 5; total allocated: 1 of 25]
[DEBUG] ex-0000000001 acquired ep-0000000001
[DEBUG] ex-0000000001 acquired endpoint ep-0000000001
[DEBUG] ex-0000000001 opening connection {s}->https://raw.githubusercontent.com:443
[DEBUG] ep-0000000001 connecting endpoint (null)
[DEBUG] ep-0000000001 connecting endpoint to https://raw.githubusercontent.com:443 (30 SECONDS)
[DEBUG] raw.githubusercontent.com resolving remote address
[DEBUG] raw.githubusercontent.com resolved to [raw.githubusercontent.com/185.199.110.133, raw.githubusercontent.com/185.199.111.133, raw.githubusercontent.com/185.199.108.133, raw.githubusercontent.com/185.199.109.133]
[DEBUG] raw.githubusercontent.com:443 connecting null->raw.githubusercontent.com/185.199.110.133:443 (30 SECONDS)
[DEBUG] Connecting socket to raw.githubusercontent.com/185.199.110.133:443 with timeout 30 SECONDS
[DEBUG] Enabled protocols: [TLSv1.3, TLSv1.2]
[DEBUG] Enabled cipher suites: [TLS_AES_256_GCM_SHA384, TLS_AES_128_GCM_SHA256, TLS_CHACHA20_POLY1305_SHA256, TLS_ECDHE_ECDSA_WITH_AES_256_GCM_SHA384, TLS_ECDHE_ECDSA_WITH_AES_128_GCM_SHA256, TLS_ECDHE_ECDSA_WITH_CHACHA20_POLY1305_SHA256, TLS_ECDHE_RSA_WITH_AES_256_GCM_SHA384, TLS_ECDHE_RSA_WITH_CHACHA20_POLY1305_SHA256, TLS_ECDHE_RSA_WITH_AES_128_GCM_SHA256, TLS_DHE_RSA_WITH_AES_256_GCM_SHA384, TLS_DHE_RSA_WITH_CHACHA20_POLY1305_SHA256, TLS_DHE_DSS_WITH_AES_256_GCM_SHA384, TLS_DHE_RSA_WITH_AES_128_GCM_SHA256, TLS_DHE_DSS_WITH_AES_128_GCM_SHA256, TLS_ECDHE_ECDSA_WITH_AES_256_CBC_SHA384, TLS_ECDHE_RSA_WITH_AES_256_CBC_SHA384, TLS_ECDHE_ECDSA_WITH_AES_128_CBC_SHA256, TLS_ECDHE_RSA_WITH_AES_128_CBC_SHA256, TLS_DHE_RSA_WITH_AES_256_CBC_SHA256, TLS_DHE_DSS_WITH_AES_256_CBC_SHA256, TLS_DHE_RSA_WITH_AES_128_CBC_SHA256, TLS_DHE_DSS_WITH_AES_128_CBC_SHA256, TLS_ECDH_ECDSA_WITH_AES_256_GCM_SHA384, TLS_ECDH_RSA_WITH_AES_256_GCM_SHA384, TLS_ECDH_ECDSA_WITH_AES_128_GCM_SHA256, TLS_ECDH_RSA_WITH_AES_128_GCM_SHA256, TLS_ECDH_ECDSA_WITH_AES_256_CBC_SHA384, TLS_ECDH_RSA_WITH_AES_256_CBC_SHA384, TLS_ECDH_ECDSA_WITH_AES_128_CBC_SHA256, TLS_ECDH_RSA_WITH_AES_128_CBC_SHA256, TLS_ECDHE_ECDSA_WITH_AES_256_CBC_SHA, TLS_ECDHE_RSA_WITH_AES_256_CBC_SHA, TLS_ECDHE_ECDSA_WITH_AES_128_CBC_SHA, TLS_ECDHE_RSA_WITH_AES_128_CBC_SHA, TLS_DHE_RSA_WITH_AES_256_CBC_SHA, TLS_DHE_DSS_WITH_AES_256_CBC_SHA, TLS_DHE_RSA_WITH_AES_128_CBC_SHA, TLS_DHE_DSS_WITH_AES_128_CBC_SHA, TLS_ECDH_ECDSA_WITH_AES_256_CBC_SHA, TLS_ECDH_RSA_WITH_AES_256_CBC_SHA, TLS_ECDH_ECDSA_WITH_AES_128_CBC_SHA, TLS_ECDH_RSA_WITH_AES_128_CBC_SHA, TLS_RSA_WITH_AES_256_GCM_SHA384, TLS_RSA_WITH_AES_128_GCM_SHA256, TLS_RSA_WITH_AES_256_CBC_SHA256, TLS_RSA_WITH_AES_128_CBC_SHA256, TLS_RSA_WITH_AES_256_CBC_SHA, TLS_RSA_WITH_AES_128_CBC_SHA, TLS_EMPTY_RENEGOTIATION_INFO_SCSV]
[DEBUG] Starting handshake (null)
[DEBUG] Secure session established
[DEBUG]  negotiated protocol: TLSv1.3
[DEBUG]  negotiated cipher suite: TLS_AES_128_GCM_SHA256
[DEBUG]  peer principal: CN=*.github.io
[DEBUG]  peer alternative names: [*.github.io, *.github.com, *.githubusercontent.com, github.com, github.io, githubusercontent.com, www.github.com]
[DEBUG]  issuer principal: CN=Sectigo RSA Domain Validation Secure Server CA, O=Sectigo Limited, L=Salford, ST=Greater Manchester, C=GB
[DEBUG] http-outgoing-0 set socket timeout to 3 MINUTES
[DEBUG] raw.githubusercontent.com:443 connected null->raw.githubusercontent.com/185.199.110.133:443 as http-outgoing-0
[DEBUG] ep-0000000001 connected http-outgoing-0
[DEBUG] ep-0000000001 endpoint connected
[DEBUG] ex-0000000001 executing GET /bonigarcia/webdrivermanager/master/src/main/resources/commands.properties HTTP/1.1
[DEBUG] ex-0000000001 Cookie spec selected: strict
[DEBUG] ep-0000000001 start execution ex-0000000001
[DEBUG] ep-0000000001 executing exchange ex-0000000001 over http-outgoing-0
[DEBUG] http-outgoing-0 >> GET /bonigarcia/webdrivermanager/master/src/main/resources/commands.properties HTTP/1.1
[DEBUG] http-outgoing-0 >> user-agent: Apache-HttpClient/5.0
[DEBUG] http-outgoing-0 >> accept-encoding: gzip, deflate, br
[DEBUG] http-outgoing-0 >> cache-control: max-age=0
[DEBUG] http-outgoing-0 >> connection: keep-alive
[DEBUG] http-outgoing-0 >> Host: raw.githubusercontent.com
[DEBUG] http-outgoing-0 >> "GET /bonigarcia/webdrivermanager/master/src/main/resources/commands.properties HTTP/1.1[\r][\n]"
[DEBUG] http-outgoing-0 >> "user-agent: Apache-HttpClient/5.0[\r][\n]"
[DEBUG] http-outgoing-0 >> "accept-encoding: gzip, deflate, br[\r][\n]"
[DEBUG] http-outgoing-0 >> "cache-control: max-age=0[\r][\n]"
[DEBUG] http-outgoing-0 >> "connection: keep-alive[\r][\n]"
[DEBUG] http-outgoing-0 >> "Host: raw.githubusercontent.com[\r][\n]"
[DEBUG] http-outgoing-0 >> "[\r][\n]"
[DEBUG] http-outgoing-0 << "HTTP/1.1 200 OK[\r][\n]"
[DEBUG] http-outgoing-0 << "Connection: keep-alive[\r][\n]"
[DEBUG] http-outgoing-0 << "Content-Length: 946[\r][\n]"
[DEBUG] http-outgoing-0 << "Cache-Control: max-age=300[\r][\n]"
[DEBUG] http-outgoing-0 << "Content-Security-Policy: default-src 'none'; style-src 'unsafe-inline'; sandbox[\r][\n]"
[DEBUG] http-outgoing-0 << "Content-Type: text/plain; charset=utf-8[\r][\n]"
[DEBUG] http-outgoing-0 << "ETag: W/"dc0c32cea2dfa86f6cf10513cf8a64e1e8817484a415b658b4eecd962d4deaee"[\r][\n]"
[DEBUG] http-outgoing-0 << "Strict-Transport-Security: max-age=31536000[\r][\n]"
[DEBUG] http-outgoing-0 << "X-Content-Type-Options: nosniff[\r][\n]"
[DEBUG] http-outgoing-0 << "X-Frame-Options: deny[\r][\n]"
[DEBUG] http-outgoing-0 << "X-XSS-Protection: 1; mode=block[\r][\n]"
[DEBUG] http-outgoing-0 << "X-GitHub-Request-Id: 0E22:3686A4:148369:3184DE:67E612ED[\r][\n]"
[DEBUG] http-outgoing-0 << "Content-Encoding: gzip[\r][\n]"
[DEBUG] http-outgoing-0 << "Accept-Ranges: bytes[\r][\n]"
[DEBUG] http-outgoing-0 << "Date: Wed, 16 Apr 2025 10:08:07 GMT[\r][\n]"
[DEBUG] http-outgoing-0 << "Via: 1.1 varnish[\r][\n]"
[DEBUG] http-outgoing-0 << "X-Served-By: cache-del21750-DEL[\r][\n]"
[DEBUG] http-outgoing-0 << "X-Cache: HIT[\r][\n]"
[DEBUG] http-outgoing-0 << "X-Cache-Hits: 2[\r][\n]"
[DEBUG] http-outgoing-0 << "X-Timer: S1744798088.879795,VS0,VE0[\r][\n]"
[DEBUG] http-outgoing-0 << "Vary: Authorization,Accept-Encoding,Origin[\r][\n]"
[DEBUG] http-outgoing-0 << "Access-Control-Allow-Origin: *[\r][\n]"
[DEBUG] http-outgoing-0 << "Cross-Origin-Resource-Policy: cross-origin[\r][\n]"
[DEBUG] http-outgoing-0 << "X-Fastly-Request-ID: edd5943860159df3aae281ef62291ded5886f1d6[\r][\n]"
[DEBUG] http-outgoing-0 << "Expires: Wed, 16 Apr 2025 10:13:07 GMT[\r][\n]"
[DEBUG] http-outgoing-0 << "Source-Age: 131[\r][\n]"
[DEBUG] http-outgoing-0 << "[\r][\n]"
[DEBUG] http-outgoing-0 << HTTP/1.1 200 OK
[DEBUG] http-outgoing-0 << Connection: keep-alive
[DEBUG] http-outgoing-0 << Content-Length: 946
[DEBUG] http-outgoing-0 << Cache-Control: max-age=300
[DEBUG] http-outgoing-0 << Content-Security-Policy: default-src 'none'; style-src 'unsafe-inline'; sandbox
[DEBUG] http-outgoing-0 << Content-Type: text/plain; charset=utf-8
[DEBUG] http-outgoing-0 << ETag: W/"dc0c32cea2dfa86f6cf10513cf8a64e1e8817484a415b658b4eecd962d4deaee"
[DEBUG] http-outgoing-0 << Strict-Transport-Security: max-age=31536000
[DEBUG] http-outgoing-0 << X-Content-Type-Options: nosniff
[DEBUG] http-outgoing-0 << X-Frame-Options: deny
[DEBUG] http-outgoing-0 << X-XSS-Protection: 1; mode=block
[DEBUG] http-outgoing-0 << X-GitHub-Request-Id: 0E22:3686A4:148369:3184DE:67E612ED
[DEBUG] http-outgoing-0 << Content-Encoding: gzip
[DEBUG] http-outgoing-0 << Accept-Ranges: bytes
[DEBUG] http-outgoing-0 << Date: Wed, 16 Apr 2025 10:08:07 GMT
[DEBUG] http-outgoing-0 << Via: 1.1 varnish
[DEBUG] http-outgoing-0 << X-Served-By: cache-del21750-DEL
[DEBUG] http-outgoing-0 << X-Cache: HIT
[DEBUG] http-outgoing-0 << X-Cache-Hits: 2
[DEBUG] http-outgoing-0 << X-Timer: S1744798088.879795,VS0,VE0
[DEBUG] http-outgoing-0 << Vary: Authorization,Accept-Encoding,Origin
[DEBUG] http-outgoing-0 << Access-Control-Allow-Origin: *
[DEBUG] http-outgoing-0 << Cross-Origin-Resource-Policy: cross-origin
[DEBUG] http-outgoing-0 << X-Fastly-Request-ID: edd5943860159df3aae281ef62291ded5886f1d6
[DEBUG] http-outgoing-0 << Expires: Wed, 16 Apr 2025 10:13:07 GMT
[DEBUG] http-outgoing-0 << Source-Age: 131
[DEBUG] ex-0000000001 connection can be kept alive for 3 MINUTES
[DEBUG] http-outgoing-0 << "[0x1f][0xffffff8b][0x8][0x0][0x0][0x0][0x0][0x0][0x0][0x3][0xffffffb5]X[0xffffffd1]n[0xffffffda]0[0x14]}[0xffffffe7]+,[0xffffffba]J [0x11][0xffffffb2][0x1][0xffffffeb][0xffffffaa]Jy[0xffffffa0][0x19]e[0xffffffd5][0xffffffa8]`[0xffffffd0]v[0xffffff9b][0xffffffe4][0x17][0xffffff93]8`)[0xffffff89]Q[0xffffff9c]@[0xffffffb7][0xffffffa9][0xfffffffb][0xfffffff6]9NB[0xffffffe3]$[0xc]H[0xffffffe0][0xffffffad][0xffffff8e][0xffffff8f][0xffffffef]97[0xffffffdc]s}[0xffffffd3][0xb][0xffffffa0]S[0xffffffc7]A[0xffffffae][0xffffffc9][0xffffff80][0xffffff89]|4G[0xc][0xffffffd7].[0xffffffc0][0xffffffe3][0xffffff92]0`[0x11][0x1b][0x3][0xffffff83][0xffffffba]>".[0x3][0xfffffffe]2\[0xffffffc4]P[0xffffff9f][0xffffff82]9[0x6][0xfffffff8][0x5][0x1b][0xffffff81][0xffffff8f]M@\[0xffffffb1][0xffffffcd][0xffffff96][0xffffffd8][0xffffffb6][0xffffffc3][0x5][0xfffffff5]L[0xffffffec][0xffffff85] [0x13][0xfffffffb][0xffffffd8][0xfffffff0][0xffffffc5][0xffffffe6][0x1a]{[0xffffff8c]P[0xffffffbe]g[0x1][0xffffffcc][0xffffffff]^x[0x18][0xffffffbb]`[0xffffffee][0xffffffd1][\r][0xffffffe3][0x1b][0xffffff9c][0xffffffb2][0xffffffa1]/=[0xffffffea][0xffffffe0][0x16][0xffffffb8]#[0x1e][0xffffffb6][0xffffffe8]K[0xb][0xffffff8c]W[0xffffffd8]C-00[0x17][0xfffffffc][0xffffffa9][0xffffffd8]%[0xffffff81][0xffffffd3][0xc][0xffffffe3][0xffffff9b][0xffffffc4][0xffffffb2][0xffffffb0][0xffffff87]][0x1f][0xffffffd0][0x10][0xffffffe3][0x13]w[0x1][0xffffffd8]/[0xffffffe6]c[0xffffff87][0xffffff81][0xffffffc6]w[0xffffffe2][0xffffff9a]<j[0xb][0xffffff8c][0xffffff88][0x1b][0xfffffff0]0[0xf][0xffffffc8][0x0][0xffffffe3]Y[0xffffffb3][0xffffffc6]9"[0xffffff8a]Z[0xffffff9c]F[0xffffffdb][0x10][0xffffffcb][0xfffffff6]&:[0xffffffd0]~[0xffffffff]A3[0x1c][0xffffffb3][0xffffffcd][0xffffffb3][0x2][0xffffffaa][0xe]6[0xe]1[0xffffffc4]+[0x11][0xffffffaf]a[0xffffffb3][0xffffffe4]|[0xffffffc0]E[0xe][0xffffffd6][0xffffffea][0xffffff97][0xffffff93][0xffffffe9]x8[0xffffffed]?[0xffffffdc][0xffffffdd][0xffffff8f][0x6][0xffffffb3][0x1b][0xffffffa8]Ax[0x9][0xffffffe1][0xffffff90][0xffffffd2][0xffffff85][0xffffff8d]![0xffffff8c]( [0xffffffec][0xffffffaf]V61[0xffffffb8]4[0xffffffea]B[0x18][0x13][0xfffffff1][0xffffffc8]u[0xffffffb0][0xffffffc0]>x[0xffffff8e][0xffffffdf][0xffffff85][0xffffffba]Fv[0xffffffb0][O[0xffffffa7][0xffffff84][0xffffff9e][0xffffffc6][0xffffff8f][0xffffffeb][0xffffffab][0xffffffe6]9Eu[0xf][0x14]5[0x1a][0xffffffeb][0xfffffffd]Q[0x7f]2[0xfffffff9][0xffffffdc][0x7f][0xffffffec][0xffffff9f]SOO[0xffffff9b][0xe][0xffffff86][0xffffffe0][0xffffffdb][0xffffffd3]`[0xfffffffa][0x13]|[0xfffffff9][0xffffffaa]?[0xffffffc1][0x19][0xffffffb5][0xfffffffc][\r][0xfffffff2]p[0xffffffc2][0x16][0xffffff93][0xffffffdd][0xffffff8e]n12D[0xffffffbc][0xffffffa4][0x16]w[0xffffffc6][0xfffffffc][0xffffffa8][0xffffffad][0xffffffe8][0xffffff86]c[0xffffffc2]z[0x16][0xffffffa9]*[0xffffffb1]I@c[0xffffff88]}[0xffffffe5][0xffffff9e][0x17][0x1a][0xffffffa8][0xffffffbf][0xfffffffb][0xffffff83][0xffffffdd][0xfffffff5]M:[0xffffffcd][0xffffffd7][0xc]e:[0xffffffbd]Tv[0xffffffcd]v[0xffffff9c][0xffffffda][0xffffffbd]k[0xffffffd1][0xfffffff6][0xffffffc4][0xffffffa3]f`[0xfffffff8][0xffffffcf]{$][0x1d].)W[0xe][0xffffffe7][0xffffffd4][0xfffffff5][0xffffffa9][0xffffff9c][0xffffffae]SH[0xffffffca]j[0xffffffb2]C[0xffffffbf][0xffffff87].V[0x3][0xffffffe6][0xffffffa9]s[0xffffffe2][0xffffffaa][0xb][0xffffffc1][0xffffffa1]D[0xfffffffb]@Qv[0xfffffffc][0xffffffee][0xfffffff1][0xffffffc1][0xffffff8e][0xffffffb6][0xb][0xffffff9f]=[0xffffffe0] C[0xfffffff0][0xffffffa4]T35J([0xffffffee]1m[0xffffffb4]Z[0xffffffa9]:[0xffffffef][0xffffff9d][0xffffffbc]I1[0xffffff95][0xffffffb7][0xffffffa0][0xfffffff1]L[0x6][0xffffffa4][0xffffffa3][0xfffffff3][0xffffffce][0x14]7[0xffffffbd]-[0xffffff91][0x15][0xffffffad]O[0xffffffd3][0xffffff9b][0x1e][0xffffffe8]ob[0xffffffdb](![0xffffff81]0[0xffffff89][0xffffffbe][0xffffffcf]k9[0x15][0xffffff95];[0xffffffd2][0xffffffe9][0xffffffa4]tS[0xffffffbe][0xffffffaf][0xffffffcb][0xffffffc6][0xffffff8f]I[0xffffffb2]d[0xfffffff5][0xffffffd0][0xfffffffa]z[0xffffffe0][0xffffff85][0x17]G[0xffffffb6][0xffffffac]s[0xffffffe1]{[0xffffff95][0xfffffffc][0x16]1[0xffffffff][0xfffffffd] [0xffffffa5]w[0xffffff90][0xffffffbf]rB[0xffffff8e][0xffffffe8]E[0xffffffb2][0xffffffc1][0xffffff8e][0xffffffd7][0xffffff90][0x13][0xffffff91]wT[0xffffffbc][0x3][0xffffff94][0xfffffff5].pGKar[0xffffffa0]B[0xffffffe7][0xffffffc4][0xffffffbf]O[0xffffff91]g[0xffffffd2][0xffffffb1][0xffffffb8]M[0xffffffc2]Y`[0x1b][0x13][0xfffffff3]E5[0xffffff83][0xffffffc8][0xffffffa5]I[0xc][0xffffff8f]2^C[0x10][0xffffff86]4[0xffffff99][0xffffffdb][0xffffffc9]a[0xffffff82]n_[0xffffff99][0xffffffca][0xffffff9a][0xffffffca][0xffffffd8][0xffffffe5][0xffffff8c]r[0xffffffba];[0xffffffaf][0xffffffca]72[0xffffffc1][0xfffffff5][0xffffffbf][0xffffffbb]R[0xe]Y[0xffffffd2]&[0xffffffaf]Y[0xffffffc6]tr[0xffffffa9][0xffffffdc][0xe][0xffffffb2][0xffffff8c][0xffffffac][0xffffffa8][0xffffffa4]_[0x12][0xffffffe3]V[0xffffff97]U[0xffffff93][0xffffff85][0xffffffe5]=[0xffffffe4]$[0x1c]J[0x8]([0xffffffb8][0xffffff96][0xffffffd2][0xffffffe7]:[0xffffffda]N[0xffffffb8][0xffffff8c]/t[0xffffffd6]6[0x1d][0xffffffe1][0xffffff9c]"[0xffffff83][0xffffffc9][0x8] ]Jb[0x0][0xffffffdf][0xffffffb2][0xffffff88]Q[0xfffffffb]x[0xffffffbf][0x15][0xffffffcd][0xffffff81][0xfffffffc][0xffffff8d]-<[0xffffffe4]0[0x8][0x5][0x5][0xffffff84]Q[0xffffffec]}[0xffffffd5][0xffffff9c]QP[0xffffffc5]][0xffffffa7]QPe[0x16][0xffffff8e]ym[0x14][0xffffffb8][0x6][0xffffffc7][0x1e]K[0xffffffdd][0xffffffab][0xffffff90]|E[0xffffffea][0xffffffd2]7R[0xffffffc4]+[0xffffffd1][0x1e]d[0xfffffff0][0xc][0xffffffff][0x11][0xffffffa3][0xffffffb0]<[0xffffff9d][0xffffff9f][0xffffff88][0xffffffbf][0xfffffff4][0xffffffc8][0xffffffbb]-[0xffffffba]H[0xffffffc8][[0xffffffc9][0xffffff95]Qq][0xfffffff6]-[0xffffff94]S[0xffffff91][0xffffff91][0xffffff91][0xffffffef]j[0xffffffe2]yA3[0xffffff93][0xfffffff0][0x1d]-[0xb][0xffffffcb][0xffffffe0][\n]"
[DEBUG] http-outgoing-0 << "[0xffffffbb][0xffffff98][0x10]Z[0xffffffd4][0xffffffbc][0xffffffc6][0xffffffd9]`[0xffffffc9]7>[0x9][0x1c]yf[0xffffffe7][0xf]N[0xffffffd3][0xffffffba][0xffffff92][0xfffffff0][0x15]>^%-[0xffffff95]'[0xffffffea]S[0xb]:[0xffffffb4][0xffffffa7][0x15]5[0xffffff96]Sk)=]l[0xffffff85]T[0xfffffffe][0xffffffd4][0xffffff95][0xfffffff4]T[0xffffff9b]-[0xffffffce]$[0xffffffaa]t;[0xffffffac][0xffffffa4]'/([0xffffffdf][0x12][0xffffff92]-%[0xfffffffe]7[0xffffffdf][0xffffffae]/[0xfffffff0][0xffffffd4]in[0xffffff87][0xffffffe3][0xf]u[0xfffffff3][0xffffff94][0x7][0xffffff9c][0xffffffea]i[0x5][0xffffffe0]<[0xffffffba][0xffffffb0]#%[0xffffffaf][0xffffffae][0xffffffa8])[0xffffffe9][0x5]Q/[0xffffffc0][0xc]Y[0xffffffc8]#[0xffffffdb][0xfffffff0]L,[0xffffff8b][0xffffff83]G[0xffffffd0][0xffffffa2][0xffffffd0][0xffffffd1]N*[0xfffffff0]?l[0x1d]d@[0xffffffbe][0x15][0x0][0x0]"
[DEBUG] ep-0000000001 releasing valid endpoint
[DEBUG] ep-0000000001 releasing endpoint
[DEBUG] ep-0000000001 connection http-outgoing-0 can be kept alive for 3 MINUTES
[DEBUG] ep-0000000001 connection released [route: {s}->https://raw.githubusercontent.com:443][total available: 1; route allocated: 1 of 5; total allocated: 1 of 25]
[DEBUG] Detecting chrome version using online commands.properties
[DEBUG] Running command on the shell: [cmd.exe, /C, wmic, datafile, where, name="%PROGRAMFILES:\=\\%\\Google\\Chrome\\Application\\chrome.exe", get, Version, /value]
[DEBUG] Result: Version=134.0.6998.178
[DEBUG] Removing resolution chrome134=134.0.6998.165 from cache (expired on Wed Apr 16 12:12:00 IST 2025)
[DEBUG] ex-0000000002 preparing request execution
[DEBUG] ex-0000000002 target auth state: UNCHALLENGED
[DEBUG] ex-0000000002 proxy auth state: UNCHALLENGED
[DEBUG] ex-0000000002 acquiring connection with route {s}->https://googlechromelabs.github.io:443
[DEBUG] ex-0000000002 acquiring endpoint (3 MINUTES)
[DEBUG] ex-0000000002 endpoint lease request (3 MINUTES) [route: {s}->https://googlechromelabs.github.io:443][total available: 1; route allocated: 0 of 5; total allocated: 1 of 25]
[DEBUG] ex-0000000002 endpoint leased [route: {s}->https://googlechromelabs.github.io:443][total available: 1; route allocated: 1 of 5; total allocated: 2 of 25]
[DEBUG] ex-0000000002 acquired ep-0000000002
[DEBUG] ex-0000000002 acquired endpoint ep-0000000002
[DEBUG] ex-0000000002 opening connection {s}->https://googlechromelabs.github.io:443
[DEBUG] ep-0000000002 connecting endpoint (null)
[DEBUG] ep-0000000002 connecting endpoint to https://googlechromelabs.github.io:443 (30 SECONDS)
[DEBUG] googlechromelabs.github.io resolving remote address
[DEBUG] googlechromelabs.github.io resolved to [googlechromelabs.github.io/185.199.109.153, googlechromelabs.github.io/185.199.108.153, googlechromelabs.github.io/185.199.111.153, googlechromelabs.github.io/185.199.110.153]
[DEBUG] googlechromelabs.github.io:443 connecting null->googlechromelabs.github.io/185.199.109.153:443 (30 SECONDS)
[DEBUG] Connecting socket to googlechromelabs.github.io/185.199.109.153:443 with timeout 30 SECONDS
[DEBUG] Enabled protocols: [TLSv1.3, TLSv1.2]
[DEBUG] Enabled cipher suites: [TLS_AES_256_GCM_SHA384, TLS_AES_128_GCM_SHA256, TLS_CHACHA20_POLY1305_SHA256, TLS_ECDHE_ECDSA_WITH_AES_256_GCM_SHA384, TLS_ECDHE_ECDSA_WITH_AES_128_GCM_SHA256, TLS_ECDHE_ECDSA_WITH_CHACHA20_POLY1305_SHA256, TLS_ECDHE_RSA_WITH_AES_256_GCM_SHA384, TLS_ECDHE_RSA_WITH_CHACHA20_POLY1305_SHA256, TLS_ECDHE_RSA_WITH_AES_128_GCM_SHA256, TLS_DHE_RSA_WITH_AES_256_GCM_SHA384, TLS_DHE_RSA_WITH_CHACHA20_POLY1305_SHA256, TLS_DHE_DSS_WITH_AES_256_GCM_SHA384, TLS_DHE_RSA_WITH_AES_128_GCM_SHA256, TLS_DHE_DSS_WITH_AES_128_GCM_SHA256, TLS_ECDHE_ECDSA_WITH_AES_256_CBC_SHA384, TLS_ECDHE_RSA_WITH_AES_256_CBC_SHA384, TLS_ECDHE_ECDSA_WITH_AES_128_CBC_SHA256, TLS_ECDHE_RSA_WITH_AES_128_CBC_SHA256, TLS_DHE_RSA_WITH_AES_256_CBC_SHA256, TLS_DHE_DSS_WITH_AES_256_CBC_SHA256, TLS_DHE_RSA_WITH_AES_128_CBC_SHA256, TLS_DHE_DSS_WITH_AES_128_CBC_SHA256, TLS_ECDH_ECDSA_WITH_AES_256_GCM_SHA384, TLS_ECDH_RSA_WITH_AES_256_GCM_SHA384, TLS_ECDH_ECDSA_WITH_AES_128_GCM_SHA256, TLS_ECDH_RSA_WITH_AES_128_GCM_SHA256, TLS_ECDH_ECDSA_WITH_AES_256_CBC_SHA384, TLS_ECDH_RSA_WITH_AES_256_CBC_SHA384, TLS_ECDH_ECDSA_WITH_AES_128_CBC_SHA256, TLS_ECDH_RSA_WITH_AES_128_CBC_SHA256, TLS_ECDHE_ECDSA_WITH_AES_256_CBC_SHA, TLS_ECDHE_RSA_WITH_AES_256_CBC_SHA, TLS_ECDHE_ECDSA_WITH_AES_128_CBC_SHA, TLS_ECDHE_RSA_WITH_AES_128_CBC_SHA, TLS_DHE_RSA_WITH_AES_256_CBC_SHA, TLS_DHE_DSS_WITH_AES_256_CBC_SHA, TLS_DHE_RSA_WITH_AES_128_CBC_SHA, TLS_DHE_DSS_WITH_AES_128_CBC_SHA, TLS_ECDH_ECDSA_WITH_AES_256_CBC_SHA, TLS_ECDH_RSA_WITH_AES_256_CBC_SHA, TLS_ECDH_ECDSA_WITH_AES_128_CBC_SHA, TLS_ECDH_RSA_WITH_AES_128_CBC_SHA, TLS_RSA_WITH_AES_256_GCM_SHA384, TLS_RSA_WITH_AES_128_GCM_SHA256, TLS_RSA_WITH_AES_256_CBC_SHA256, TLS_RSA_WITH_AES_128_CBC_SHA256, TLS_RSA_WITH_AES_256_CBC_SHA, TLS_RSA_WITH_AES_128_CBC_SHA, TLS_EMPTY_RENEGOTIATION_INFO_SCSV]
[DEBUG] Starting handshake (null)
[DEBUG] Secure session established
[DEBUG]  negotiated protocol: TLSv1.3
[DEBUG]  negotiated cipher suite: TLS_AES_128_GCM_SHA256
[DEBUG]  peer principal: CN=*.github.io
[DEBUG]  peer alternative names: [*.github.io, *.github.com, *.githubusercontent.com, github.com, github.io, githubusercontent.com, www.github.com]
[DEBUG]  issuer principal: CN=Sectigo RSA Domain Validation Secure Server CA, O=Sectigo Limited, L=Salford, ST=Greater Manchester, C=GB
[DEBUG] http-outgoing-1 set socket timeout to 3 MINUTES
[DEBUG] googlechromelabs.github.io:443 connected null->googlechromelabs.github.io/185.199.109.153:443 as http-outgoing-1
[DEBUG] ep-0000000002 connected http-outgoing-1
[DEBUG] ep-0000000002 endpoint connected
[DEBUG] ex-0000000002 executing GET /chrome-for-testing/known-good-versions-with-downloads.json HTTP/1.1
[DEBUG] ex-0000000002 Cookie spec selected: strict
[DEBUG] ep-0000000002 start execution ex-0000000002
[DEBUG] ep-0000000002 executing exchange ex-0000000002 over http-outgoing-1
[DEBUG] http-outgoing-1 >> GET /chrome-for-testing/known-good-versions-with-downloads.json HTTP/1.1
[DEBUG] http-outgoing-1 >> user-agent: Apache-HttpClient/5.0
[DEBUG] http-outgoing-1 >> accept-encoding: gzip, deflate, br
[DEBUG] http-outgoing-1 >> cache-control: max-age=0
[DEBUG] http-outgoing-1 >> connection: keep-alive
[DEBUG] http-outgoing-1 >> Host: googlechromelabs.github.io
[DEBUG] http-outgoing-1 >> "GET /chrome-for-testing/known-good-versions-with-downloads.json HTTP/1.1[\r][\n]"
[DEBUG] http-outgoing-1 >> "user-agent: Apache-HttpClient/5.0[\r][\n]"
[DEBUG] http-outgoing-1 >> "accept-encoding: gzip, deflate, br[\r][\n]"
[DEBUG] http-outgoing-1 >> "cache-control: max-age=0[\r][\n]"
[DEBUG] http-outgoing-1 >> "connection: keep-alive[\r][\n]"
[DEBUG] http-outgoing-1 >> "Host: googlechromelabs.github.io[\r][\n]"
[DEBUG] http-outgoing-1 >> "[\r][\n]"
[DEBUG] http-outgoing-1 << "HTTP/1.1 200 OK[\r][\n]"
[DEBUG] http-outgoing-1 << "Connection: keep-alive[\r][\n]"
[DEBUG] http-outgoing-1 << "Content-Length: 87438[\r][\n]"
[DEBUG] http-outgoing-1 << "Server: GitHub.com[\r][\n]"
[DEBUG] http-outgoing-1 << "Content-Type: application/json; charset=utf-8[\r][\n]"
[DEBUG] http-outgoing-1 << "permissions-policy: interest-cohort=()[\r][\n]"
[DEBUG] http-outgoing-1 << "x-origin-cache: HIT[\r][\n]"
[DEBUG] http-outgoing-1 << "Last-Modified: Wed, 16 Apr 2025 09:10:34 GMT[\r][\n]"
[DEBUG] http-outgoing-1 << "Access-Control-Allow-Origin: *[\r][\n]"
[DEBUG] http-outgoing-1 << "Strict-Transport-Security: max-age=31556952[\r][\n]"
[DEBUG] http-outgoing-1 << "ETag: W/"67ff740a-2a0f62"[\r][\n]"
[DEBUG] http-outgoing-1 << "expires: Wed, 16 Apr 2025 09:23:18 GMT[\r][\n]"
[DEBUG] http-outgoing-1 << "Cache-Control: max-age=600[\r][\n]"
[DEBUG] http-outgoing-1 << "Content-Encoding: gzip[\r][\n]"
[DEBUG] http-outgoing-1 << "x-proxy-cache: HIT[\r][\n]"
[DEBUG] http-outgoing-1 << "X-GitHub-Request-Id: BF5D:1DB5F5:34B2D5:3EAEB1:67FF74C1[\r][\n]"
[DEBUG] http-outgoing-1 << "Accept-Ranges: bytes[\r][\n]"
[DEBUG] http-outgoing-1 << "Date: Wed, 16 Apr 2025 10:08:08 GMT[\r][\n]"
[DEBUG] http-outgoing-1 << "Via: 1.1 varnish[\r][\n]"
[DEBUG] http-outgoing-1 << "Age: 228[\r][\n]"
[DEBUG] http-outgoing-1 << "X-Served-By: cache-hyd1100024-HYD[\r][\n]"
[DEBUG] http-outgoing-1 << "X-Cache: HIT[\r][\n]"
[DEBUG] http-outgoing-1 << "X-Cache-Hits: 18[\r][\n]"
[DEBUG] http-outgoing-1 << "X-Timer: S1744798089.543518,VS0,VE1[\r][\n]"
[DEBUG] http-outgoing-1 << "Vary: Accept-Encoding[\r][\n]"
[DEBUG] http-outgoing-1 << "X-Fastly-Request-ID: 8d18f692fc10b49af3548e197463a50da5baa822[\r][\n]"
[DEBUG] http-outgoing-1 << "[\r][\n]"
[DEBUG] http-outgoing-1 << HTTP/1.1 200 OK
[DEBUG] http-outgoing-1 << Connection: keep-alive
[DEBUG] http-outgoing-1 << Content-Length: 87438
[DEBUG] http-outgoing-1 << Server: GitHub.com
[DEBUG] http-outgoing-1 << Content-Type: application/json; charset=utf-8
[DEBUG] http-outgoing-1 << permissions-policy: interest-cohort=()
[DEBUG] http-outgoing-1 << x-origin-cache: HIT
[DEBUG] http-outgoing-1 << Last-Modified: Wed, 16 Apr 2025 09:10:34 GMT
[DEBUG] http-outgoing-1 << Access-Control-Allow-Origin: *
[DEBUG] http-outgoing-1 << Strict-Transport-Security: max-age=31556952
[DEBUG] http-outgoing-1 << ETag: W/"67ff740a-2a0f62"
[DEBUG] http-outgoing-1 << expires: Wed, 16 Apr 2025 09:23:18 GMT
[DEBUG] http-outgoing-1 << Cache-Control: max-age=600
[DEBUG] http-outgoing-1 << Content-Encoding: gzip
[DEBUG] http-outgoing-1 << x-proxy-cache: HIT
[DEBUG] http-outgoing-1 << X-GitHub-Request-Id: BF5D:1DB5F5:34B2D5:3EAEB1:67FF74C1
[DEBUG] http-outgoing-1 << Accept-Ranges: bytes
[DEBUG] http-outgoing-1 << Date: Wed, 16 Apr 2025 10:08:08 GMT
[DEBUG] http-outgoing-1 << Via: 1.1 varnish
[DEBUG] http-outgoing-1 << Age: 228
[DEBUG] http-outgoing-1 << X-Served-By: cache-hyd1100024-HYD
[DEBUG] http-outgoing-1 << X-Cache: HIT
[DEBUG] http-outgoing-1 << X-Cache-Hits: 18
[DEBUG] http-outgoing-1 << X-Timer: S1744798089.543518,VS0,VE1
[DEBUG] http-outgoing-1 << Vary: Accept-Encoding
[DEBUG] http-outgoing-1 << X-Fastly-Request-ID: 8d18f692fc10b49af3548e197463a50da5baa822
[DEBUG] ex-0000000002 connection can be kept alive for 3 MINUTES
[DEBUG] http-outgoing-1 << "[0x1f][0xffffff8b][0x8][0x0][0x0][0x0][0x0][0x0][0x0][0x3][0xffffffcc][0xffffffbd][0xffffffdd][0xffffff8e],Iv^[0xfffffff9].}[0xffffffad].[0xffffff86][0xffffffdb][0xffffff9f][0xffffff9b][0xfffffff1]9t5[0xffffff83][0xffffffb9][0xffffffe8]!{[0xffffffc8][0x6][0xffffff9a]l[0xffffffa2][0xffffff9b][0xffffff92][0x6]#[0xffffffe8][0xffffffdd]'22[0xffffffcf][0xffffffc9],[0xffffffdb]_[0x1c]U[0xfffffff8]i[0xffffffec][0xfffffff5]A[0x12][0x8]J[0xffffff9d][0xffffffe5]&baa[0xffffff95][0xffffff87][0xffffffed][0xffffffed][0xffffffff][0xfffffff3]w[0xffffffff][0xfffffff9][0xffffffa7][0x7f][0xfffffffb][0xffffffe3][0xffffffdf][0xfffffffe][0xfffffff3][0xf][0xffffffff][0xfffffff6][0x1f][0xffffffbf][0xfffffffb][0xffffffc7][0xffffffdf][0xffffff95][[0xffffffe9][0xffffffbf][0xffffffbf][0xffffffb5][0xffffffdf][0x1f][0xffffffe3][0xffffffbf][0xffffffde][0xffffffd6]?[0xffffffde][0xffffffff]w[0xffffffeb][0xffffffbf][0xffffffd4][0xffffffdb][0xffffffed][0xffffffff][0xfffffff8][0xffffffdd][0x7f][0xfffffff9][0xffffffdd][0x7f][0xffffffff][0xffffffe3]_[0xffffffff][0xfffffff6][0xffffffa7][0xffffffbf][0xfffffffc][0xfffffffb][0xffffffdf]~[0xfffffff7][0xffffff8f][0xffffffff][0xffffffe7][0xffffffff][0xfffffffc][0xfffffff6][0xffffffdf][0xffffffdc][0xffffffff][0xffffffe2]8[0xffffffea]/[0xffffffb7]_[0xfffffffa]8[0xffffffcb]/[0xffffffb7][0xfffffffb][0x7f][0xffffffea][0xffffffaf][0x7f][0xfffffffc][0xffffffef][0x7f][0xfffffffa][0xfffffffe][0xffffffff]R[0xffffff8e][0xffffffd6][0xfffffffb][0xfffffffd][0xffffffff][0xfffffff2][0xffffff9f][0xffffffff][0xfffffff2]?[0xfffffffe][0xfffffffd][0xffffffcf][0x7f][0xfffffff9][0xffffffc3]?[0xffffffdf][0xffffffff][0xfffffff6][0x7f][0xfffffffe][0xffffffee][0xffffff9f][0xfffffffe][0xfffffff5][0xffffffaf][0x7f][0xfffffff9][0xffffffb7]?>[0xfffffffe])[0xffffffff][0xfffffff1][0xffffffe7]?[0xfffffffc][0xffffffe7][0xffffffff][0xfffffff3][0xffffff97][0xffffffbf][0xfffffffe][0xffffffdb][0xfffffffd]?[0xfffffffc][0xffffffe7]?[0xfffffffd][0xfffffffb][0x7f][0xfffffffb][0x7f]G[0xffffffbb][0xffffffff][0xffffff87][0xffffffff][0xffffffdb]_[0xffffffff]|[0xffffffff][0xffffffef][0xffffffff][0xfffffff5]?[0xffffffff][0xfffffff3]?[0xfffffffe][0xfffffff6][0xffffff8f][0xffffffff][0xfffffff0][0xf][0x7f][0xfffffffb][0xffffffcf][0xffffffbf][0xfffffffc][0xfffffff5][0xf][0xffffffff][0xfffffff2][0xffffffc7]_[0xfffffffe][0xffffffe5]/[0x7f][0xfffffff9][0xffffff97]?[0xffffffff][0xfffffff1][0xf][0xffffffff][0xfffffff1][0xffffffa7][0xffffffbf][0xfffffffd][0xfffffff2]O[0x7f][0xfffffff9][0xffffffb7][0x7f]x[0xffffffff][0xffffff87][0xfffffffc][0xfffffffe][0xfffffffe][0xffffffc7][0xffffffbf][0xffffffff][0xffffffcf][0xfffffffb][0xffffffe1][0xffffffff][0xfffffff4][0xffffffef][0xffffffff][0xfffffff2][0xfffffffb][0xffffffff][0xfffffff8]o[0xffffffff][0xfffffff7][0xffffff9f][0xffffffff][0xfffffff4]O[0xffffffff][0xfffffff0][0xfffffff5]<[0xffffffff][0xfffffff0][0xfffffff1]O[0xfffffffd][0xfffffff6][0x1f][0xffffffff][0xfffffff8]o[0x7f][0xfffffff9][0xffffffff][0xfffffffe][0xfffffff4][0x1f][0xffffffbf][0xfffffffb]_[0xffffffff][0xffffffe5]W[0xffffffcf][0xffffffff][0xffffffb7]?[0xfffffffc][0xffffffd3][0xffffffef][0xffffffff][0xfffffff0][0xffffffd7][0x7f][0xfffffffb][0xffffffbb][0xffffff9f][0xffffffe0][0xfffffffb]?[0xfffffff7][0xffffffdb][0x1f]|[0xffffffff][0xffffffbf]xv[0xffffff8a][0xffffffbf][0xffffffff][0xffffffff][0x14]>[0xfffffffe][0xffffffa9]_O[0xfffffff0][0xffffffe4][0x7f][\n]"
[DEBUG] http-outgoing-1 << "[0xffffffff][0xffffffe3]O[0xffffffff]^[0xffffffcb][0xffffffdf][0xfffffff9][0xffffffe9][0xffffff8f][0x7f][0xffffffe6][0xffffffb7][0xffffffff][0xfffffff0][0xffffffe3][0xffffffbf]y[0xfffffff2][0xffffffe4][0xffffffbf][0xfffffffb][0xffffffff][0xffffffbf][0x1f][0xffffffff][0xffffffcc]/O[0xfffffffe][0xfffffff6][0xffffffff][0xffffffe7][0xffffffff][0xffffffeb][0x7f][0xffffffbd]=\"\[0xffffffbb][0x19][0xffffffc3][0xffffffb5][0xffffffe3][0x10][0xffffffdf][0xffffff8f][0xffffffc0]S[0xfffffffc]q[0x8][\n]"
[DEBUG] http-outgoing-1 << "[0xffffffe3][0xfffffffb][0xffffffe3])[0xffffff8e][0xffffffdf][0x1f][0xfffffffd]*[0xffffffc8][0xffffffa3][0xffffff9a][0xffffff81]<*[0xe][0xfffffff2][0xfffffffd][0x8]<[0xffffffc8][0x1f][0xffffff87][0xffffffa0]@[0xffffffbe]?[0xffffff9e][0x2][0xfffffff9][0xfffffffd][0xffffffd1][0xffffffbf][0x11][0xffffffe4][0xfffffff6][0xfffffff8][0xffffffab]5DT[0xffffff8c]2V:[0xffffffc7][0xffffff9f][0xffffffe7][0xffffffa1]0[0xfffffffe]r[0x2][0xffffff8c][0xffffffe2][0xffffffed][0xc][0xffffffc9][0x10][0x7f]yz2[0xffffffc3][0xffffffbf]~[0xfffffff2]+[0x8][0xffffff9f][0xffffffb7])[0x10][0xffffff9e][0xffffffb5][0x1f][0xc][0xffffffc2][0xffffff8f][0xfffffff3][0xffffffa0][0x8][0xffffffbf][0xffffff9f][0xffffff80]E[0xfffffff8][0xfffffff3][0xc][0x4][0xffffffc2][0xffffffef]O'[0x10][0xfffffffe][0xfffffffe][0xffffffe4][0xffffffd7][0x10]^[\n]"
[DEBUG] http-outgoing-1 << "[0xffffffe1][0xffffffde][0x1a][0xffffff85][0xfffffff0][0xffffffc2][0x11]^[0x6][0x8]/[0x14][0xffffffe1][0xffffff85]![0xffffffbc]. |[0xffffffdc][0x14][0xffffffc2][0xffffffb3]N[0x8][0xffffffe1][0xffffffb7][0xfffffff3][0xffffffb0][0x8]?N[0x0]#[0xfffffffc][0xfffffffd][0xc][0x8][0xffffffc2][0xffffff8f][0xffffffa7]#[0x8][0x7f]{[0xfffffff2]k[0x8][0x1f][0xffffffbf][0xffffffc4][0x7f][0xffffffa7][[0xffffffc7][0xffffffb8]Q[0x8][0xffffffdf][0xffffffcf][0x3]#[0xfffffffc]v[0x2][0x1a][0xffffffe1]og`[0x10]~{:[0xffffff83][0xfffffff0][0xffffffc7][0xffffff93]_C[0xffffffb8][\n]"
[DEBUG] http-outgoing-1 << "[0xb][0xffffffaf]sP![0xfffffff1]v[0x1e][0x18][0xffffffe1]j`[0xffffffe1][0xffffff8a]Z[0xffffffb8]b[0x16][0xffffffae]W,[0xffffffdc]#[0xffffffc2][0xfffffff5]Vg[0xffffffa5][0x10][0xffffffee]8[0xffffffc2][0xffffffdd][0x0][0xffffffe1][0xffffff8e]"[0xffffffdc]1[0xffffff84][0xfffffffb][0x15][0xffffff84][0xffffffc5][0x1b][0xffffff89]z[0x14][0xffffffe0][0xffffffe5][0xfffffff0][0xffffffe7]y`[0xffffff84][\r][0xffffffde]H[0x1c][0xffffffe8][0x1b][0xffffff89][0x3]{#q\y#Qn[0xffffffbf][0xffffffb4][0xffffff88][0xfffffff0][0xffffffbc][\r][0x8][0xffffffe1][0xffffffb7][0xfffffff3][0xffffffb0][0x8]?N[0x0]#[0xfffffffc][0xfffffffd][0xc][0x8][0xffffffc2][0xffffff8f][0xffffffa7]#[0x8][0x7f]{[0xfffffff2]k[0x8][0xffffff8b][0xfffffffb][0x12][0xffffffb5]4[0xe]a[0xfffffff0][0xffffffbe][0xffffffc4][0xffffff97][0x13][0xffffffd0][0x8]C[0xfffffff7]%[0xffffffbe]<[0xffffff9d]A[0xfffffff8][0xffffffb5][0xfffffffb][0x12][0x1f][0x7f][0xffffffd4][0x4][0xffffffc2][0xfffffff5]vPo$[0xffffffde][0xffffffce][0x3]#[0xffffffdc][0xc][0x10]n([0xffffffc2][\r]C[0xffffffb8]]AX[0xffffffb5]p+[0x7][0xfffffff5][0xffffffeb]\[0xffffffc1][[0xffffffb8][0x18][0xffffffb4]pA[[0xffffffb8]`-\[0xffffffae][0xffffffb4]pU![0xffffffd1][0xffffffda]*[0x10][0xffffffc2][0x15][0xf][0xffffff89]j[0x10][0x12][0x15][\r][0xffffff89][0xffffff8a][0xffffff85]D[0xffffffbd][0x12][0x12]U[0xffffffbc][0x17][0xffffffae]m[0xffffff9e][0xffffffd4][0x1b][0xffffff89][0xffffff8a][0xffffffbf][0x17][0xffffffae][0x6][0xffffffef][0xffffff85]+[0xfffffffa]^[0xffffffb8]b[0xffffffef][0xffffff85][0xffffffeb][0xffffff95][0xfffffff7][0xffffffc2]U[0xffffffb5]p?n[0x18][0xffffffc2]x[0xb]W[0xffffff83][0x16][0xfffffffe]~[0x6][0x6]a[0xffffffac][0xffffff85][0xffffffbf]=[0xfffffff9]5[0xffffff84][0xffffffd5]O[0x1b][0xffffffbd][0xffffff9f][0xffffffd4][0xffffffbf][0xffffffce]U[0xfffffffc][0xffffffa7][0xffffff8d]j[0xfffffff0][0xffffffd3]FE[0x7f][0xffffffda][0xffffffa8][0xffffffd8]O[0x1b][0xfffffff5][0xffffffca]O[0x1b][0xfffffff7]?*f[0x8][0x17][0x1c][0xffffffe1]b[0xffffff80]pA[0x11].[0x18][0xffffffc2][0xffffffe5][\n]"
[DEBUG] http-outgoing-1 << "[0xffffffc2][0xffffffe1][0xffffff9a][0xf][0xffffff8c]0|[0xffffffcd][0xffffffe7]q[0x2][0x1e]a[0xfffffff0][0xffffff9a][0xffffffcf][0xffffffe3][0xffffffe9][0x14][0xffffffc2][0xffffffaf]_[0xfffffff3][0xffffffb9][0xffffffff][0xffffffd1]0Cx[0xffffffe0][0x8][0xf][0x3][0xffffff84][0x7][0xffffff8a][0xfffffff0][0xffffffc0][0x10][0x1e]W[0x10]>[0xffffffdc][0x18]>x[0xffffff88][0xf][0x7][0xffffff8a][0xf][0x16][0xffffffe3][0xffffff83][0xffffffe3][0xfffffff8][0xffffffb8][0x4]rq[0x3][0xffffffb9][0xfffffff0] [0x17][0x7][0xffffff90][0xb][0xb]r[0xffffffe1]@.[0xffffff97]@[0xffffff8e][0xffffffc3][0xfffffff9]0[0xffffffc8][0xffffffdc]p[0xfffffffe][0xffffffd7]#[0xfffffff0] 3[0xffffffc3][0xfffffff9]_[0x1f]O[0xffffff81][0xfffffffc][0xffffffd2]p[0xfffffffe][0xfffffff7][0xffffffbf]jn 7[0x1e][0xffffffe4][0xffffffe6][0x0]rcAn[0x1c][0xffffffc8][0xffffffed][0x12][0xffffffc8][0xffffffcb][0xffffffed][0xffffff85][0xfffffff1][0xffffffe2][0xffffffdf][0x18][0xffffffdf][0xffffff8f][0xffffffc0][0xffffff83][0xfffffffc]q[0x8][\n]"
[DEBUG] http-outgoing-1 << "[0xffffffe4][0xffffffc5][0xffffffbd]4^[0xffffff97][0xffffffde][0x1a][0x1f][0xffffffd5][0xffffffed][0xffffffa5][0xffffffdb][0xfffffffd]D8[0xffffffca]og[0xffffffe0]Y[0xfffffffe]v[\n]"
[DEBUG] http-outgoing-1 << "[\n]"
[DEBUG] http-outgoing-1 << "[0xffffffe6][0xffffffb7][0xffffffe7]S4[0x7f]<[0xfffffffb]7[0xffffffe2][0xffffffdc][0xffffffdf][0xffffffff]L[0xffffff8c][0xffffffeb][0xffffffd7][0xfffffff3]6[0xfffffff2]/[0x4]}[0xffffff9e][0xffffff87]B[0xfffffff9][0xffffffcb][0x9]0[0xffffff90][0xffffffb7]3$c[0xfffffffc][0xffffffe5][0xffffffe9][0xffffffc9][0x10][0xffffffff][0xfffffffa][0xffffffc9]/![0xffffffdc][0xffffffc4][0xffffffb8]~=[0xffffffeb][0xffffffcc][0xffffffbf][0xffffff96][0xfffffff9]y[0x1e][0x16][0xffffffe1][0xffffff86][0xffffff8e][0xffffffeb]og@[0x10]n[0xffffffc0][0xffffffb8][0xfffffffe][0xffffffaf][0xffffff9f][0xfffffffc][0x1a][0xffffffc2][0xffffff87]B[0xffffffb8][0xffffffb7][0xfffffffc][0xffffffa4][0xfffffff8]<[0xf][0xffffff8c][0xfffffff0]a[0xffffff80][0xfffffff0][0xffffff81]"|`[0x8][0x1f]W[0x10]V7[0xffffff8b][0xffffffcf][0xffffffbe]N[\n]"
[DEBUG] http-outgoing-1 << "a[0xfffffff0]f[0xfffffff1][0xffffff97][0x13][0xffffffd0][0x8]C7[0xffffff8b][0xffffffbf]<[0xffffff9d]A[0xfffffff8][0xffffffb5][0xffffff9b][0xffffffc5][0x1f][0x7f][0xffffffa4]n[0x16][0xffffff9f][0xffffffa3][0xffffffe5]/[0x10][0xfffffffc]<[0xf][0xffffff8c]0z[0xffffffb3]x;[0x3][0xffffff83]0p[0xffffffb3][0xfffffff8][0xffffffd7]O~[\r][0xffffffe1]&[0x11]^[0xfffffff9][0x1b]'>[0xffffffcf][0x3]#[0xffffffdc][0xc][0x10]n([0xffffffc2][\r]C[0xffffffb8]]A[0xfffffff8][0x14][0x8][0xffffffcf]R[0xffffffb0][0xffffff90]8q[0xffffff84]O[0x3][0xffffff84]O[0x14][0xffffffe1][0x13]C[0xfffffff8][0xffffffbc][0xffffff82][0xffffffb0]z[0xffffffa9]6g[0xffffffc7],[0xffffff8c][0xffffffbf]Tk[0x6]/[0xffffffd5][0x1a][0xfffffffa]R[0xffffffad]a/[0xffffffd5][0xffffffda][0xffffff95][0xffffff97]j][0xffffffbd]T[[0xffffffe5][0xffffffa0][0x10][0xffffffee][0xfffffff8]K[0xffffffb5]n[0xfffffff0]R[0xffffffad][0xffffffa3]/[0xffffffd5]:[0xfffffff6]R[0xffffffad]_y[0xffffffa9][0xffffffd6][0xffffffd5]K[0xffffffb5][0xffffffd5][\n]"
[DEBUG] http-outgoing-1 << "[0xfffffff5]R[0xffffffad][0xffffffe3]/[0xffffffd5][0xffffffba][0xffffffc1]K[0xffffffb5][0xffffff8e][0xffffffbe]T[0xffffffeb][0xffffffd8]K[0xffffffb5]~[0xffffffe5][0xffffffa5][0xffffffda][0xfffffffd][0xffffff8f][0xffffffe2][0xffffff88][0x12][0xffffff8b]06[0xffffffa2][0xfffffff4][0xffffffe5][0x4]<[0xffffffc2][0xffffffc8][0xffffff88][0xffffffd2][0xffffff97][0xffffffa7]S[0x8][0xffffffbf]2[0xffffffa2][0xfffffff4][0xfffffff1]GE!|[0xffffffef]j[\n]"
[DEBUG] http-outgoing-1 << "[0xffffffe1][0xffffff82]#\[0xc][0x10].([0xffffffc2][0x5]C[0xffffffb8]\A"
[DEBUG] http-outgoing-1 << "X[0xffffffbc][0x17]n[0xffffffb7][[0xffffffc9][0xffffffdf][0xffffffbe][0xfffffff6]y[0x1e][0x18]a[0xffffff83][0xfffffff7][0xffffffc2][0x1d]}/[0xffffffdc][0xffffffb1][0xfffffff7][0xffffffc2][0xfffffffd][0xffffffca]{[0xffffffe1][0xffffffde][0x15][0xffffffc2][0x1d][0xffffffd8]8[0xfffffff1]y[0x1e][0x18][0xffffffe1]n[0xffffff80]pG[0x11][0xffffffee][0x18][0xffffffc2][0xfffffffd][\n]"
[DEBUG] http-outgoing-1 << "[0xffffffc2][0xffffffe2][0xfffffff3]^w[0xffffff84][0xffffffb1][0xffffff9b]j[0x1d][0xfffffffc][0xffffffbc][0xffffffd7][0xffffff97][0x13][0xffffffd0][0x8]C[0xffffff9f][0xfffffff7][0xfffffffa][0xfffffff2]t[0x6][0xffffffe1][0xffffffd7]>[0xffffffef][0xfffffff5][0xfffffff1]G[0xffffffe2][0xffffffa7][0xffffff8d]v[0x1b][0xffffff9c][0xffffff85][0xfffffff1][0xffffff9f]6[0xffffffba][0xffffffc1]O[0x1b][0x1d][0xfffffffd]i[0xffffffa3]c?m[0xfffffff4]+?mt[0xffffffb1][0x3][0xfffffff3][0xffffff8e]0[0xfffffff0]a[0xffffff99][0xffffffcf][0xfffffff3][0xffffffc0][0x8][0xffffffa3];0[0xffffffb7]30[0x8][0x3];0[0x7f][0xfffffffd][0xffffffe4][0xffffffd7][0x10][0x16][0xffffffbf][0xffffffce][0xffffffb5][0xffffffdb]yR[0xfffffff7][0xffffff85];[0xfffffffe][0xffffffeb]\7[0xfffffff8]u[0xffffffae][0xffffffa3][0xffffffbf][0xffffffce]u[0xffffffec][0xffffffd7][0xffffffb9]~[0xffffffe5][0xffffffd7][0xffffffb9]!~[0xffffffda]h[0xffffffc8]W9>[0xffffffcf][0xffffffc3]"<[0xc]~[0xffffffda][0x18][0xffffffe8]O[0x1b][0x3][0xfffffffb]ic\[0xfffffff9]ic[0xffffff88][0xfffffffb][0xffffffc2][0xffffffed][0x18][0xffffff95]z[0xffffffa9]6[0xfffffff0][0xfffffffb][0xffffffc2][0xffffffc3][0xffffffe0][0xffffffbe][0xfffffff0]@[0xffffffef][0xb][0xf][0xffffffec][0xffffffbe][0xfffffff0][0xffffffb8]r_[0xfffffff8][0xfffffffe]G[0xffffffcd][0xc]a[0xffffffec][0xffffffc3]2_N[0xffffffc0]#[0xffffff8c]|X[0xffffffe6][0xffffffcb][0xffffffd3])[0xffffff84]_[0xfffffff9][0xffffffb0][0xffffffcc][0xffffffc7][0x1f][0xffffffa9][0xffffff9f]6[0xffffff8e]5[0xffffffa8][0x16][0x1e][0xfffffff8]O[0x1b][0xffffffc3][0xffffffe0][0xffffffa7][0xffffff8d][0xffffff81][0xfffffffe][0xffffffb4]1[0xffffffb0][0xffffff9f]6[0xffffffc6][0xf][0x7f][0xffffffda][0xfffffff8]/[0x1f][0x10][0xfffffffe][0xfffffff3]_[0xffffffff]t[0x7][0xffffff99]@[0xfffffff1][0xfffffffd][0xffffffc9][0xe]@~[0xffffff9c][0x4][0xffffffc7][0xfffffff2][0xffffffcb]9 8?N[0xffffff80]![0xfffffffa][0xfffffff9][0xfffffffc][0xffffffff][0xffffffad]k[0xffffffbb]pm[0x19][0xffffffc0]g[0xffffffc5]?[0xffffffcf][0x3][0xffffffbb][0xffffffb6][0x1b][0xffffffb8][0xffffffb6][0x7][0xffffffa8]3q[0xffffffee][0xffffff98]k[0xffffffbb][0xffffff93]k#[0xffffff8a][0xffffff8c]k[0x15][0xffffff90][0xffffff8c]k#[0xffffff96][0xfffffff9][0xffffffae][0xffffffdd][0xffffffe1][0xffffffcc]v[0xffffffed][0xffffff8e][0xffffffe8][0xb][0xffffffae]U[0xffffffbf][0xffffffb4][0xffffffd5]cb[0xffffffae][0xffffffc5][0x7f]i[0x1b][0x6][0xffffffbf][0xffffffb4][\r][0xfffffff4][0xffffff97][0xffffffb6][0xffffff81][0xfffffffd][0xffffffd2]6~[0xfffffff8]K[[0xffffffb6]k#[0xffffff8a][0xffffff8c]k[0x15][0xffffff90][0xffffff8c]k#[0xffffff96][0xfffffff9][0xffffffae][0xffffffdd][0xffffffe1][0xffffffcc]v[0xffffffed][0xffffff8e][0xffffffe8][0xb][0xffffffae]U?[0x9][0xffffffd7]^[0xffffffb1][0x1f]#[0xfffffff0][0xffffff9f][0xffffff84][0xffffff87][0xffffffc1]O[0xffffffc2][0x3][0xfffffffd]Ix`?[0x9][0xffffff8f][0x1f][0xfffffffe]$[0xffffff9c][0xffffffed][0xffffffda][0xffffff88]"[0xffffffe3]Z[0x5]$[0xffffffe3][0xffffffda][0xffffff88]e[0xffffffbe]kw8[0xffffffb3]][0xffffffbb]#[0xfffffffa][0xffffff82]k[0xffffffd5][0xffffffdd][0xffffff85]::[0xffffffb5][0xffffffa2]d[0xffffffe0]w[0x17][0xffffff86][0xffffffc1][0xffffffdd][0xffffff85][0xffffff81][0xffffffde]][0x18][0xffffffd8][0xffffffdd][0xffffff85][0xfffffff1][0xffffffc3][0xffffffbb][0xb][0xffffffd9][0xffffffae][0xffffff8d](2[0xffffffae]U@2[0xffffffae][0xffffff8d]X[0xffffffe6][0xffffffbb]v[0xffffff87]3[0xffffffdb][0xffffffb5];[0xffffffa2][0xffffffbf][0xffffffdd][0xffffffb5][0xffffffa7][0x18][0xffffff81]o[0xfffffff5]<[0xffffffa8][0xffffffc9][0xffffffb5][0x13][0x1f][0xffffff81]?[\r]F[0xffffffe0]Ot[0x4][0xfffffffe][0xffffffc4]F[0xffffffe0][0xffffffcf][0x1f][0xffffff8e][0xffffffc0]'[0xffffffbb]V[0xffffffa0][0xffffff88][0xffffffb8]V[0x2][0xffffff89][0xffffffb8]V`[0xffffff99][0xffffffee][0xffffffda][0x0]g[0xffffffb2]k[0x3][0xffffffa2]/[0xffffffb8]V]h[0xffffffac][0xfffffff7]R[0xffffffa6]\[0xffffff8b]_h<[\r].4[0xffffff9e][0xffffffe8][0xffffff85][0xffffffc6][0x13][0xffffffbb][0xffffffd0]x[0xfffffffe][0xfffffff0]Bc[0xffffffb6]k#[0xffffff8a][0xffffff8c]k[0x15][0xffffff90][0xffffff8c]k#[0xffffff96][0xfffffff9][0xffffffae][0xffffffdd][0xffffffe1][0xffffffcc]v[0xffffffed][0xffffff8e][0xffffffe8][0xb][0xffffffae]U7o[0xffffffeb]<[0xffffffa8]k[0xffffff8b]'~[0xfffffff3][0xfffffff6]4[0xffffffb8]y{[0xffffffa2]7oO[0xffffffec][0xffffffe6][0xffffffed][0xfffffff9][0xffffffc3][0xffffff9b][0xffffffb7][0xffffffd9][0xffffffae][0xffffff8d](2[0xffffffae]U@2[0xffffffae][0xffffff8d]X[0xffffffe6][0xffffffbb]v[0xffffff87]3[0xffffffdb][0xffffffb5];[0xffffffa2]/[0xffffffb8]V[0xffffffdd][0xffffffaf][0xffffffad][0xb][0xfffffff8]V[0xffffffd0][0xffffffe7]y`[0xffffffd7][0x1a][0xffffffdc][0xffffffaf]=[0xffffffe3]E[0xffffffc6]L[0xffffff9c][0xffffffb1][0xfffffffb][0xffffffb5][0xffffffe7]~y[0x11]u[0xffffffad][0xffffffc9][0xfffffffd]Z[0x9]$[0xffffffe3]Z[0xffffff83][0xfffffffb][0xffffffb5][0x1][0xffffffce]l[0xffffffd7]^[0xffffffbf]_{[0xffffffff][0xffffffd3]f[0xffffffe6]Zx[0x1c][0xffffffe7]q[0x2][0xffffffde][0xffffffb5][0xffffffe0]8[0xffffffce][0xffffffe3][0xffffffe9][0xffffff94]k[0x7f]0[0xffffff8e][0xffffff93][0xffffffef][0xffffffda][0x1d]E[0xffffffca][0xffffffb5][0x11]H[0xffffffca][0xffffffb5];[0xffffff96][0xffffff84]k[0x1b][0xffffffec][0xffffffda]v[0xffffffd5][0xffffffb5]j[0x19]S[[0xffffffd8]z[0xffffffe8][0x13]_[0xffffffc6]t[0x1a],c:[0xffffffd1]eL'[0xffffffb6][0xffffff8c][0xffffffe9][0xfffffffc][0xffffffe1]2[0xffffffa6]l[0xffffffd7]F[0x14][0x19][0xffffffd7]* [0x19][0xffffffd7]F,[0xfffffff3]][0xffffffbb][0xffffffc3][0xffffff99][0xffffffed][0xffffffda][0x1d][0xffffffd1][0x17]\[0xffffffab]f[0x19]z[0xffffffc1][0xffffffbe]&q[0xffffffe2][0xffffffb3][0xc][0xffffffa7][0xffffffc1],[0xffffffc3][0x19]/[0xffffff8d]g[0xffffffe2][0xffffff8c][0xffffffcd]2[0xffffff9c][0xfffffffb]Eq[0xffffffd4][0xffffffb5]&[0xffffffb3][0xc][0x12]H[0xffffffc6][0xffffffb5][0x6][0xffffffb3][0xc][0x1][0xffffffce]l[0xffffffd7]^[0xffffff9f]e[0xffffff98][0xffffffea][0x1e][0xffffffc2]h[0xffffffd8]'[0x0]'~[0xf]a[0x1a][0xffffffdc]C[0xffffff98][0xfffffff1][0x7][0xffffffdf]D[0xffffff9c]'v[0xf]a[0xffffffee]?[0xfffffff2][0xffffff92][0xffffffae][0x15]("[0xffffffae][0xffffff95]@"[0xffffffae][0x15]X[0xffffffa6][0xffffffbb]6[0xffffffc0][0xffffff99][0xffffffec][0xffffffda][0xffffff80][0xffffffe8][0xb][0xffffffae][0xffffffed][0xffffffca][0xffffffb5][0xffffffab]4[0xffffffca][0xffffffb5][0x1d]wm7pm[0xf]Pg[0xffffffe2][0xffffffdc]1[0xffffffd7]v'[0xffffffd7]F[0x14][0x19][0xffffffd7]* [0x19][0xffffffd7]F,[0xfffffff3]][0xffffffbb][0xffffffc3][0xffffff99][0xffffffed][0xffffffda][0x1d][0xffffffd1][0x17]\[0xffffffab][0xffffffe6][0xffffffc6][0xffffffce][0xfffffffb]?[0xffffff91]r->76[\r][0xffffffe6][0xffffffc6]f[0x1c][0xffffffd0][0xffffffc9][0xffffffc4][0x19][0xffffff9b][0x1b][0xffffff9b][0xfffffffb]P[0xe][0xffffffea]Z[0xffffff93][0xffffffb9]1[0x9]$[0xffffffe3]Z[0xffffff83][0xffffffb9][0xffffffb1][0x0]g[0xffffffb6]k[0xffffffaf][0xffffffcf][0xffffff8d][0xffffffad][0xffffffdb]/5[0xffffffb8]v[0xffffffde][0xffffffff][0xf][0xffffffe4][0xffffffda][0xffffffb7][0xfffffff3][0xffffffb0][0xffffffae]}[0xffffff9c][0x0]v[0xffffffed][0xfffffff7]3 [0xffffffae]}<[0x1d]q[0xffffffed][0xffffffb7]'[[0xffffffb8]V[0xffffffa0][0xffffff88][0xffffffb8]V[0x2][0xffffff89][0xffffffb8]V`[0xffffff99][0xffffffee][0xffffffda][0x0]g[0xffffffb2]k[0x3][0xffffffa2]/[0xffffffb9][0xfffffff6]p[0xffffff93][0xffffffed][0xffffffc1][0xffffffdb][0xfffffff6]p[0xffffffd0][0xffffffed][0xffffffc1][0xfffffffa][0xfffffff6][0xffffffe0][0xffffff84]{X[0x19]7[0xfffffff0]H)WPI97[0xffffffb0]IH[0xfffffff7][0xffffffa0][0xffffffad]{[0xfffffffc][0xffffff84]v[0x1f][0xffffffaf]i[0xffffff9d][0xffffffb4][[0xffffffe0][0xffffffcb][0xffffffb6][0xffffffef]G[0xffffffe0][0xffffffb5][[0xffffffc0][0xffffffeb][0xffffffb6][0xffffffef][0xffffff8f][0xffffffa7][0xffffffb4][|.[0xffffffdc]*[0x1e])[0xffffffed][\n]"
[DEBUG] http-outgoing-1 << "*)[0xffffffed][0x6]6[0x9][0xffffffed][0x16][0xfffffff4][0xffffffd2]m[0xffffffe4][0xfffffff4]%[0xffffffed][0xfffffff6]a[0xffffffa6][0xffffffdd]>p[0xffffffed][0xffffffde][0xffffff8f][0xffffffc0]k[0xfffffff7][0xffffffe3][0x10][0xffffff94]v[0xffffffef][0xffffff8f][0xffffffa7][0xffffffb4][0xfffffffb][0xfffffffe]h[0x17][0xffffffed][0x6][0x1e])[0xffffffed][\n]"
[DEBUG] http-outgoing-1 << "*)[0xffffffed][0x6]6[0x9][0xffffffed]n[0xffffff84][0xffffffe6]kw[0xffffffe3][0xfffffff4]%[0xffffffed][0xffffff9e][0xffffffdd]L[0xffffffbb]g[0xffffffc7][0xffffffb5]{?[0x2][0xffffffaf][0xffffffdd][0xffffff8f]CP[0xffffffda][0xffffffbd]?[0xffffff9e][0xffffffd2][0xffffffee][0xfffffffb][0xffffffa3]][0xffffffb4][0x1b]x[0xffffffa4][0xffffffb4]+[0xffffffa8][0xffffffa4][0xffffffb4][0x1b][0xffffffd8]$[0xffffffb4][0xffffffbb][0x11][0xffffff9a][0xffffffaf][0xffffffdd][0xffffff8d][0xffffffd3][0xffffff97][0xffffffb4][0xffffffbb][0xffffffe2][0xffffffa5][0x5]V[0xffffffbb][0xb][0xffffffbe][0xffffffb5][0xfffffff0]~[0x4]^[0xffffffbb][0x1f][0xffffff87][0xffffffa0][0xffffffb4][0xffffffbb][0xffffffa0][0xffffff8b][0xb][0xffffffdf][0x1f][0xffffffed][0xffffffa2][0xffffffdd][0xffffffc0]#[0xffffffa5]]A%[0xffffffa5][0xffffffdd][0xffffffc0]&[0xffffffa1][0xffffffdd][0xffffff85][0xffffffde]^[0xffffff88][0xffffff9c][0xffffffbe][0xffffffa6][0xffffffdd][0xffffffe9][0xffffffa6][0xffffffdd][0xffffffc9]kw:hw[0xffffffb2][0xffffffda][0xffffff9d][0xffffff9c]v[0xffffffa7][0xffffff95]vw[0x1e]1[0xffffffed]F*1[0xffffffed][0xffffffee]l"[0xffffffda][0xffffff9d][0xffffffb4]v[0xffffffe7]u[0xffffffed][0x1e][0xffffffb7]b[0xffffffe6][0xffffffdd][0xfffffffb][0xffffff89]p[0xfffffff1][0xffffffbe][0xffffff9d][0xffffff81]7[0xffffffef][0xffffffb7]SP[0xffffffea]}{>[0xffffffe5][0xffffffde][0xffffff8f]g[0xffffffbb][0xffffffc8]7BI[0xffffffd9]W[0xffffffa1]I[0xffffffe9]7[0x2]J[0xfffffff8]w[0xffffffc7]4_[0xffffffc0];[0xffffffac][0xffffffaf][0x19][0xfffffff8]t{[0xffffffe1]p?[0x11]o[0xffffffe0][0xfffffffb][0x19][0xc][0xc][0xfffffffc]q[\n]"
[DEBUG] http-outgoing-1 << "[0xffffffcc][0xffffffc0]'[0xfffffff7][0xffffffd2][0xffffffe1][0xffffffe3][0xffffffd9]6[0x6][0xe]Pb[0x6][0x16]hb[0x6][0xe][0xffffff80]"[0x6]>[0xffffffe9]7[0xf];[0xffffffac][0xffffffbf]"
[DEBUG] http-outgoing-1 << "[0xffffffc5][0xffffffc0][0xffffffe3][0xfffffffd][0xffffff8f][0xffffffd5][0xfffffff6][0xffffff85]y[0xffffffd6]|[0xffffffff]~[0xffffff9e][0xffffff87][0xffffffb2][0xffffffef][0xffffff97][0x13]`[0xffffffee][0xffffffdd][0xffffffce][0xffffff90]l[0xffffffde]/OO[0xfffffff6][0xffffffee][0xffffffaf][0xffffff9f][0xc][[0xfffffff7])[0xffffff8a][0xffffffc9][0xffffffce][0xfffffffd][0x1][0xffffff90][0xffffffc9][0xffffffc6]}[0xffffff8a]e[0xffffffa2]o[0xffffff9f][0xffffffc0][0xffffff99]f[0xffffffdb]'[0xffffff88][0xffffffbe][0xffffffe0]Z[0xffffffb5][0xffffff99]|[0xffffffd5]Q([0xffffffd7][0xffffff82][0xffffff9b][0xffffffc9][0xffffffbf][0xffffff9c][0xffffff80]v-[0xffffffb4][0xffffff99][0xfffffffc][0xffffffcb][0xffffffd3][0x19][0xffffffd7]zl&[0x7f][0xffffff8a]"[0xffffffe3]Z[0xffffff83][0xffffffcd][0xffffffe4]O[0xffffffb1][0xffffffcc]w-[0xffffffb6][0xffffff99][0xfffffffc][0x9][0xffffffa2]/[0xffffffb8][0xffffffb6])[0xffffffd7][0xffffff8e][0xffffff9e][0xffffffbf][0xffffff99][0xfffffffc][0xfffffff3]<[0xffffffb0]k[0xffffff9b][0xffffff81]k[[0xffffff80]:[0x13][0xffffffe7][0xffffff86][0xffffffb9][0xffffffb6]9[0xffffffb9]6[0xffffffa2][0xffffffc8][0xffffffb8]V[0x1][0xffffffc9][0xffffffb8]6b[0xffffff99][0xffffffef][0xffffffda][0x1d][0xffffffce]l[0xffffffd7][0xffffffee][0xffffff88][0xffffffbe][0xffffffe0][0xffffffda][0xffffffae]\[0xffffffbb][0xe][0xffffffcc][0xffffffb5][0x1d]wm7pm[0xf]Pg[0xffffffe2][0xffffffdc]1[0xffffffd7]v'[0xffffffd7]F[0x14][0x19][0xffffffd7]* [0x19][0xffffffd7]F,[0xfffffff3]][0xffffffbb][0xffffffc3][0xffffff99][0xffffffed][0xffffffda][0x1d][0xffffffd1][0x17]\;[0xffffffa2]k[0xfffffffb][0xffffffed]60[0xffffffd7][0xe][0xffffffdc][0xffffffb5][0xffffffc3][0xffffffc0][0xffffffb5]#@[0xffffff9d][0xffffff89][0xfffffff3][0xffffffc0]\;[0xffffff9c]\[0x1b]Qd\[0xffffffab][0xffffff80]d\[0x1b][0xffffffb1][0xffffffcc]w[0xffffffed][0xe]g[0xffffffb6]kwD_p[0xffffffad][0xfffffff8][\n]"
[DEBUG] http-outgoing-1 << "[0xffffffc4][0xffffffdd][0xffffffb5][0xb]{_[0xb]~[0x5][0xffffffe2][0xffffffcb][0x9]h[0xffffffd7]B_[0xffffff81][0xfffffff8][0xfffffff2]t[0xffffffc6][0xffffffb5][0x1e]_[0xffffff81]x[0xffffff8a]"[0xffffffe3]Z[0xffffff83][0xffffffaf]@<[0xffffffc5]2[0xffffffdf][0xffffffb5][0xffffffd8]W [0xffffff9e] [0xfffffffa][0xffffff82]k[0xffffffa7]r[0xffffffed]q[0xffffffe4][0x7f][0x5][0xffffffe2][0xfffffff3]<[0xffffffb0]k[0xffffffa7][0xffffff81]kg[0xffffff80]:[0x13][0xffffffe7][0xffffff89][0xffffffb9]v:[0xffffffb9]6[0xffffffa2][0xffffffc8][0xffffffb8]V[0x1][0xffffffc9][0xffffffb8]6b[0xffffff99][0xffffffef][0xffffffda][0x1d][0xffffffce]l[0xffffffd7][0xffffffee][0xffffff88][0xffffffbe][0xffffffe0]Z[0xffffffb1][0xffffff99][0xfffffffc][0xffffffee]Z[0xffffffe0][0xffffffeb]f[0xffffff9f][0xffffffe7][0xffffff81]][0xffffff8b]n&[0xffffffdf][0xffffffce][0xffffffc0][0xffffffb8][0x16][0xffffffd8]L[0xfffffffe][0xffffffeb]'{[0xffffffb8][0x16][0xffffffdf]L[0xfffffffe][0x3] [0x19][0xffffffd7][0xffffffa2][0xffffff9b][0xffffffc9][0xffffff9f][0xffffffc0][0xffffff99][0xffffffed][0xffffffda]+[0xffffff9b][0xffffffc9][0x1f][0x7f]:o7[0xffffffe5][0xffffffda]R![0xffffffd7]>[0xffffffce][0xffffff83][0xffffffba][0xfffffff6][0xfffffffd][0x4][0xffffffac]k?[0xffffffcf]@[0xffffffb8][0xfffffff6][0xfffffffd][0xffffffe9][0xffffff84]k[0xffffffbf]?[0xffffffd9][0xffffffc1][0xffffffb5][\n]"
[DEBUG] http-outgoing-1 << "E[0xffffffc2][0xffffffb5][0x1a]H[0xffffffc2][0xffffffb5][\n]"
[DEBUG] http-outgoing-1 << "[0xffffffcb]l[0xffffffd7]F8s][0x1b][0x11]}[0xffffffc1][0xffffffb5]b[0xffffff96][0xffffffa1][0xffffffdf]j[0xffffff85][0xffffffde]!<[0xffffffce][0x3][0xffffffbb][0xffffff96][0xffffff9f]e[0xfffffff8]<[0x3][0xffffffe3]Zj[0xffffff96][0xffffffe1][0xfffffffb][0xffffff93]=\[0xffffffeb]1[0xffffffcb][0xffffffa0][0xffffff81]d\[0xffffffcb][0xffffffcf]2D8[0xffffffb3]]{y[0xffffff96]a[0xffffffde][0xffffff8a]rm[0x1b]'[0xffffffe5][0xffffffda][0xffffff82][0xffffffbb][0xffffffb6][0x18][0xffffffb8][0xffffffb6][0x4][0xffffffa8]3q.[0xffffff98]k[0xffffff8b][0xffffff93]k#[0xffffff8a][0xffffff8c]k[0x15][0xffffff90][0xffffff8c]k#[0xffffff96][0xfffffff9][0xffffffae][0xffffffdd][0xffffffe1][0xffffffcc]v[0xffffffed][0xffffff8e][0xffffffe8][0xb][0xffffffae][0xffffffad][0xffffffbf][0xffffff84]-5[0xfffffffd][0xffffffb6][\n]"
[DEBUG] http-outgoing-1 << "[0xffffffe6][0xffffffda][0xfffffffb]y`[0xffffffd7][0xffffffbe][0xffffff9d][0xffffff80]v[0xffffffed][0xffffffb7]30[0xffffffae]}{:[0xffffffe3][0xffffffda][0xffffff8f]'{[0xffffffb8]6[0xffffffa2][0xffffffc8][0xffffffb8]V[0x1][0xffffffc9][0xffffffb8]6b[0xffffff99][0xffffffef][0xffffffda][0x1d][0xffffffce]l[0xffffffd7][0xffffffee][0xffffff88][0xffffffbe][0xffffffe0]Z17[0xffffffd6][0xffffff8f][0xffffffa3]b[0xffffffae][0xffffffa5][0xffffffe7][0xffffffc6][0xffffffde]O@[0xffffffbb][0xffffff96][0xffffff9c][0x1b]{[0x7f]:[0xffffffe3]Z[0xffffffa3][0xffffffb9]1[0xffffff85]"[0xffffffe3]Z[0xffffff97][0xffffffb9]1[0xffffff85]e[0xffffffbe]k[0xffffffd9][0xffffffb9][0xffffffb1][0xffffff88][0xffffffe8][0xb][0xffffffae][0x15]sc[0xfffffffd]h}R[0xffffffae][0xffffffa5][0xffffffe7][0xffffffc6][0xffffffde]O@[0xffffffbb][0xffffff96][0xffffff9c][0x1b]{[0x7f]:[0xffffffe3]Z[0xffffffa3][0xffffffb9]1[0xffffff85]"[0xffffffe3]Z[0xffffff97][0xffffffb9]1[0xffffff85]e[0xffffffbe]k[0xffffffd9][0xffffffb9][0xffffffb1][0xffffff88][0xffffffe8][0xb][0xffffffae][0x1d][0xffffffca][0xffffffb5]g[0xffffffc3][0xffffffba]v[0xffffffe0][0xffffffae][0x1d][0x6][0xffffffae][0x1d][0x1][0xffffffea]L[0xffffff9c][0x7][0xffffffe6][0xffffffda][0xffffffe1][0xffffffe4][0xffffffda][0xffffff88]"[0xffffffe3]Z[0x5]$[0xffffffe3][0xffffffda][0xffffff88]e[0xffffffbe]kw8[0xffffffb3]][0xffffffbb]#[0xfffffffa][0xffffff82]k[0xffffffd5][0xffffffdc]X9N[0xffffffcc][0xffffffb5][0xfffffff4][0xffffffdc][0xffffffd8][0xfffffffb][0x9]h[0xffffffd7][0xffffff92]sc[0xffffffef]Og\k47[0xffffffa6]Pd\[0xffffffeb]27[0xffffffa6][0xffffffb0][0xffffffcc]w-;7[0x16][0x11]}[0xffffffc1][0xffffffb5]jn[0xffffffac][0xffffffb4][0x1b][0xfffffff6][0xe][0xffffff81][0xffffff9e][0x1b]{?[0x1][0xffffffed]Zrn[0xffffffec][0xfffffffd][0xffffffe9][0xffffff8c]k[0xffffff8d][0xffffffe6][0xffffffc6][0x14][0xffffff8a][0xffffff8c]k][0xffffffe6][0xffffffc6][0x14][0xffffff96][0xfffffff9][0xffffffae]e[0xffffffe7][0xffffffc6]"[0xffffffa2]/[0xffffffb9]6[0xffffffde]C`]K[0xffffffdf]C[0xffffff98][0x6][0xfffffff7][0x10]f[0xfffffff8][0xffffffc1]7[0x17]g[0xffffffea][0x1e][0xffffffc2]t[0xffffffba][0xffffff87][0x10]Q[0xffffffa4]\[0xffffffeb]r[0xf]!bI[0xffffffb8][0xffffff96][0xffffffbd][0xffffff87][0xffffffb0]#[0xfffffffa][0xffffff82]k[0xffffffd5][0xffffff8c]n9Ol[0xffffff96][0xffffff81][0xffffff9e][0xffffffd1]}?[0x1][0xffffffed]ZrF[0xfffffff7][0xfffffffd][0xffffffe9][0xffffff8c]k[0xffffff8d]ft[0x15][0xffffff8a][0xffffff8c]k]ft[0x15][0xffffff96][0xfffffff9][0xffffffae]egt#[0xffffffa2]/[0xffffffb9]Vt-[0xffffffea]Z[0xffffffba]k[0xffffff97]A[0xffffffd7][0xffffffae][0x10][0x10][0xffffffb9]8S][0xffffffbb][0xffffff9c][0xffffffba]6[0xffffffa2]H[0xffffffb9][0xffffffd6][0xffffffa5]k#[0xffffff96][0xffffff84]k[0xffffffd9][0xffffffae][0xffffffdd][0x11][0xfffffffd][0xffffffed][0xffffffae]=[0xffffffd4]>[0xffffff84][0xffffffb2][0xffffff8e][0x3]r[0xffffffed][0xffffff81][0xffffffef]C8[0xc][0xfffffff6]![0x1c]q[0xfffffff0]<[0x11][0xffffffe7][0x3][0xffffffdb][0xffffff87]p[0xffffffec][0xffffffc3][0xffffffe6][0xffffffa4]k[0x5][0xffffff8a][0xffffff88]k%[0xffffff90][0xffffff88]k[0x5][0xffffff96][0xffffffe9][0xffffffae][\r]p&[0xffffffbb]6 [0xfffffffa][0xffffff82]k[0xffffffd5][0xffffff8c]nY[0xffffffb3]P[0xffffffae][0xffffffc5]gt[0xf][0xffffff83][0x19][0xffffffdd]#[0xe]Cf[0xffffffe2][0xffffff8c][0xffffffcd][0xffffffe8][0x1e][0xfffffffb][0x0]$[0xffffffea]Z[0xffffff93][0x19]][0x9]$[0xffffffe3]Z[0xffffff83][0x19][0xffffffdd][0x0]g[0xffffffb6]k[0xffffffaf][0xffffffcf][0xffffffe8][0x1e]j[0xffffff96][0xffffffa1][0xfffffff6][[0xffffffa7]\[0xffffff8b][0xffffffcf]2[0x1c][0x6][0xffffffb3][0xc]G[0xffffffbc]4[0xffffff9e][0xffffff89]36[0xffffffcb]p[0xffffffec][0x17][0xffffffc5]Q[0xffffffd7][0xffffff9a][0xffffffcc]2H [0x19][0xffffffd7][0x1a][0xffffffcc]2[0x4]8[0xffffffb3]]{}[0xffffff96][0xffffffe1][0xffffffed][0xffffffbf]D[0xffffffd7][0xffffff9e][0x13]{[0xffffff87]0p[0xffffffd7][0xe][0x3][0xffffffd7][0xffffff8e][0x0]u&[0xffffffce][0x3]s[0xffffffed]prmD[0xffffff91]q[0xffffffad][0x2][0xffffff92]qm[0xffffffc4]2[0xffffffdf][0xffffffb5];[0xffffff9c][0xffffffd9][0xffffffae][0xffffffdd][0x11]}[0xffffffc1][0xffffffb5]j[0xffffff96][0xffffffa1][0x1d][\r]{[0xffffff87][0xffffff80][0xffffffcf]2[0x1c][0x6][0xffffffb3][0xc]G[0xffffffbc]4[0xffffff9e][0xffffff89]36[0xffffffcb]p[0xffffffec][0x17][0xffffffc5]Q[0xffffffd7][0xffffff9a][0xffffffcc]2H [0x19][0xffffffd7][0x1a][0xffffffcc]2[0x4]8[0xffffffb3]]{}[0xffffff96][0xffffffe1]P[0xffffffb3][0xc][0xffffffad]6[0xffffffac]k[0xfffffff1]Y[0xffffff86][0xffffffc3]`[0xffffff96][0xffffffe1][0xffffff88][0xffffff97][0xffffffc6]3q[0xffffffc6]f[0x19][0xffffff8e][0xfffffffd][0xffffffa2]8[0xffffffea]Z[0xffffff93]Y[0x6][0x9]$[0xffffffe3]Z[0xffffff83]Y[0xffffff86][0x0]g[0xffffffb6]k[0xffffffaf][0xffffffcf]2[0x14][0xfffffff5][0xffffffbe][0xffffffb6][0xffffffaf][0x6]}G[0xfffffff7]q[0x1e][0xffffffd6][0xffffffb5][0xffffffc5][0xffffffe0]}m[0xffffff89]/[0xffffffc6][0x12]q.[0xffffffd8][0xfffffffb][0xffffffda][0xffffffb2][0xffffffbf][0xc]#]+PD\+[0xffffff81]D\+[0xffffffb0]Lwm[0xffffff80]3[0xffffffd9][0xffffffb5][0x1][0xffffffd1][0x17]\[0xffffffab][0xffffffde]![0xffffff8c][0x1b][0xfffffff5]m[0xffffffc7][0xffffffc7]y`[0xffffffd7][0x1a][0xffffffbc]C([0xfffffff1]_[0xffffffd6]2q[0xffffffc6][0xffffffde]![0xffffff94][0xfffffffd]_[0xffffffd0]P[0xffffffd7][0xffffff9a][0xffffffbc]C[0xffffff90]@2[0xffffffae]5x[0xffffff87][0x10][0xffffffe0][0xffffffcc]v[0xffffffed][0xfffffff5]w[0x8]E[0xffffffbd]C[0x18][0x7][0xfffffff6][0xffffffbd][0xffffffb1][0xffffff82][0xffffffbf]C([0x6][0xffffffef][0x10]J[0xfffffffc][0xffffff97][0xffffffb5]L[0xffffff9c][0xffffffb1]w[0x8]e[0xffffffff][0x17]4[0xffffffd4][0xffffffb5]&[0xffffffef][0x10]$[0xffffff90][0xffffff8c]k[\r][0xffffffde]![0x4]8[0xffffffb3]][0xfffffffb][0x13][0xffffffef][0x10][0xffffffd4][0xffffff8c][0xffffffee]hg[0xffffffa3]\[0xffffff8b][0xffffffcf][0xffffffe8][0x16][0xffffff83][0x19][0xffffffdd][0x12][0xffffff87]!3q[0xffffffc6]ft[0xffffffcb]>[0x0][0xffffff89][0xffffffba][0xffffffd6]"
[DEBUG] http-outgoing-1 << "dFW[0x2][0xffffffc9][0xffffffb8][0xffffffd6]`F7[0xffffffc0][0xffffff99][0xffffffed][0xffffffda][0xffffffeb]3[0xffffffba]U[0xffffffcd]2[0xffffff9c][0xffffffad]S[0xffffffae][0xffffffad][0xfffffff8],C5[0xffffff98]e[0xffffffa8][0xfffffff1][0xffffffd2]x"[0xffffffce][0x15][0xffffff9b]e[0xffffffa8][0xfffffffb]Eq[0xffffffd2][0xffffffb5][0x2]E[0xffffffc4][0xffffffb5][0x12]H[0xffffffc4][0xffffffb5][0x2][0xffffffcb]t[0xffffffd7][0x6]8[0xffffff93]][0x1b][0x10]}[0xffffffc1][0xffffffb5][0xffffffea][0xffffffb7][0xffffffb1][0xffffffd9]N[0xffffffea][0x1d]B[0xffffffc5][0x7f][0x1b][0xffffffab][0x6][0xffffffbf][0xffffff8d][0xffffffd5][0xfffffff8]#D&[0xffffffce][0xffffffd8]ocu[0xffffffff][0xffffffe1][0x1]u[0xffffffad][0xffffffc9]oc[0x12]H[0xffffffc6][0xffffffb5][0x6][0xffffffbf][0xffffff8d][0x5]8[0xffffffb3]]{[0xfffffffd][0xffffffb7][0xffffffb1][0xffffffaa][0xffffffde]![0xffffffac]Z[0xffffffa9][0xffffff9d][0xffffff8a][0x15][0x7f][0xffffff87]P[\r][0xffffffde]![0xffffffd4][0xfffffff8]/k[0xffffff99]8c[0xffffffef][0x10][0xffffffea][0xfffffffe]/h[0xffffffa8]kM[0xffffffde]!H [0x19][0xffffffd7][0x1a][0xffffffbc]C[0x8]pf[0xffffffbb][0xfffffff6][0xfffffffa];[0xffffff84][0xffffffa6]v[0xffffffcf][0xffffffac][0xffffff8a][0xffffffcd][0xffffff8d]5|[0xfffffff7]L3[0xffffffd8]=[0xffffffd3][0xffffffe2][0xffffff92][0xffffff8f]D[0xffffff9c][0x1b][0xffffffb6]{[0xffffffa6][0xffffffed][0xffffff8b]=H[0xffffffd7][\n]"
[DEBUG] http-outgoing-1 << "[0x14][0x11][0xffffffd7]J [0x11][0xffffffd7][\n]"
[DEBUG] http-outgoing-1 << ",[0xffffffd3]][0x1b][0xffffffe0]Lvm@[0xfffffff4][0x5][0xffffffd7][0x1e][0xffffffca][0xffffffb5][0xffffffed][0xffffffa0][0xffffffbe][0xffffff81][0xfffffff3]v[0x1e][0xffffffd8][0xffffffb5][0xffffff87][0xffffff81]k[0xffffff8f][0x0]u&[0xffffffce][0x7][0xffffffe6][0xffffffda][0xffffffc3][0xffffffc9][0xffffffb5][0x11]E[0xffffffc6][0xffffffb5][\n]"
[DEBUG] http-outgoing-1 << "H[0xffffffc6][0xffffffb5][0x11][0xffffffcb]|[0xffffffd7][0xffffffee]pf[0xffffffbb]vG[0xfffffff4][0x5][0xffffffd7][0xffffffaa][0xffffffdf][0xffffffc6]V[0xffffffaf][0xffffffd4][0xfffffffd][0xffffffda][0xffffff86][0xffffffff]6[0xffffffd6][0xc]~[0x1b]k[0xfffffff1]G[0xffffff88]L[0xffffff9c][0xffffffb1][0xffffffdf][0xffffffc6][0xffffffda][0xfffffffe][0xffffffc3][0x3][0xffffffea]Z[0xffffff93][0xffffffdf][0xffffffc6]$[0xffffff90][0xffffff8c]k[\r]~[0x1b][0xb]pf[0xffffffbb][0xfffffff6][0xfffffffa]oc[0xffffffad]*[0xffffffd7][0xffffff9e][0xffffffd8]>[0xffffff84][0xffffffb7][0xfffffff3][0xffffffc0][0xffffffae][0xffffffad][0x6][0xffffffae][0xffffffad][0x1][0xffffffea]L[0xffffff9c]+[0xffffffe6][0xffffffda][0xffffffea][0xffffffe4][0xffffffda][0xffffff88]"[0xffffffe3]Z[0x5]$[0xffffffe3][0xffffffda][0xffffff88]e[0xffffffbe]kw8[0xffffffb3]][0xffffffbb]#[0xfffffffa][0xffffff82]k[0xffffff9b]r[0xffffffed]jX[0xffffffd7]6[0xffffffdc][0xffffffb5][0xffffffcd][0xffffffc0][0xffffffb5]-@[0xffffff9d][0xffffff89]s[0xffffffc3]\[0xffffffdb][0xffffff9c]\[0x1b]Qd\[0xffffffab][0xffffff80]d\[0x1b][0xffffffb1][0xffffffcc]w[0xffffffed][0xe]g[0xffffffb6]kwD_p[0xffffffad][0xffffffb8][0xfffffff3]5n[0xffffffb5]`[0xffffffbf][0xffffff8d][0xffffffe1]w[0xffffffbe][0xffffff9a][0xffffffc1][0xffffff9d][0xffffffaf][0x16]/[0xffffffd7]d[0xffffffe2][0xffffff8c][0xffffffdd][0xfffffff9]j[0xfffffffb][0xffffff85][0x1a][0xffffffd4][0xffffffb5]&w[0xffffffbe]$[0xffffff90][0xffffff8c]k[\r][0xffffffee]|[0x5]8[0xffffffb3]]{[0xfffffffd][0xffffffce][0xffffffd7][0xfffffffd]O[0xffffff8b][0xffffff99]k[0xffffffe1][0xffffffef][0xffffff8d]=N[0xffffffc0][0xffffffbb][0x16][0xfffffffc][0xffffffde][0xffffffd8][0xffffffe3][0xffffffe9][0xffffff94]k}[0xffffffbe]7&P[0xffffffa4]\k[0xfffffff2][0xffffffbd]1[0xffffff81]%[0xffffffe1]Z[0xfffffff4]{c[0x1][0xffffffd1][0xffffff97]\[[0xffffffcd]\[q[0xffffffd7]V[0x3][0xffffffd7]V[0xffffffd4][0xffffffb5][0x15]smur[0xffffffed][0xffffff8e]"[0xffffffe5][0xffffffda][0x8]$[0xffffffe5][0xffffffda][0x1d]K[0xffffffc2][0xffffffb5][0x15]vm[0xffffffbd][0xffffffee][0xffffffda]f[0xffffffe6][0xffffffda][0xffffff86][0xffffffbb][0xffffffb6][0x19][0xffffffb8][0xffffffb6][0xffffffa1][0xffffffae]m[0xffffff98]k[0xffffff9b][0xffffff93]kw[0x14])[0xffffffd7]F )[0xffffffd7][0xffffffee]X[0x12][0xffffffae]m[0xffffffb0]k[0xffffffdb]u[0xffffffd7][0x1e]n[0xffffffb2]=x[0xffffffdb][0x1e][0xe][0xffffffba]=X[0xffffffdf][0x1e][0xffffff9c]p[0xf]+[0xffffffe3][0x6][0x1e])[0xffffffe5][\n]"
[DEBUG] http-outgoing-1 << "*)[0xffffffe7][0x6]6[0x9][0xffffffe9][0x1e][0xffffffb4]u[0xffffff8f][0xffffff9f][0xffffffd0]nu{w[[0xfffffff9][0xffffff97][0xffffffb7][0xffffffd5][0xffffffe1][0xffffffed]me_[0xffffffdf]V[0xffffffee][0xfffffffd]m[0xffffffb5]z[0xffffff81][0x1b]x[0xffffffa4][0xffffffb4]+[0xffffffa8][0xffffffa4][0xffffffb4][0x1b][0xffffffd8]$[0xffffffb4][[0xffffffe9][0xffffff97][0xffffffb8][0xfffffff5]'[0xffffffde][0xffffffe2]67[0xffffffed]6^[0xffffffbb][0xffffffcd]A[0xffffffbb][0xffffff8d][0xffffffd5]n[0xffffffe3][0xffffffb4][0xffffffdb][0xffffffac][0xffffffb4][0x1b]x[0xffffffa4][0xffffffb4]+[0xffffffa8][0xffffffa4][0xffffffb4][0x1b][0xffffffd8]$[0xffffffb4][0xffffffdb]h[0xffffffed][0xffffffb6][0xffffff9f][0xffffffd1][0xffffffee]r[0xffffffd3][0xffffffee][0xffffffe2][0xffffffb5][0xffffffbb][0x1c][0xffffffb4][0xffffffbb]X[0xffffffed].N[0xffffffbb][0xffffffcb]J[0xffffffbb];[0xffffff8f][0xffffff98]v#[0xffffff95][0xffffff98]vw6[0x11][0xffffffed].Z[0xffffffbb][0xffffffeb][0xffffffba]v[0xffffff87][[0xffffffed][0xe][0xffffffbe]v[0xffffff87]C[0xffffffed][0xe][0xffffffb6]v[0x7]W[0xffffffbb][0xffffffc3][0xffffffaa]v[0x3][0xffffff8f][0xffffff94]v[0x5][0xffffff95][0xffffff94]v[0x3][0xffffff9b][0xffffff84]v[0x7]][0xffffffbb][0xffffffe3]'jw[0xffffffba]iw[0xfffffff2][0xffffffda][0xffffff9d][0xe][0xffffffda][0xffffff9d][0xffffffac]v'[0xffffffa7][0xffffffdd]i[0xffffffa5][0xffffffdd][0xffffffc0]#[0xffffffa5]]A%[0xffffffa5][0xffffffdd][0xffffffc0]&[0xffffffa1][0xffffffdd]Ikw[0xfffffffe][0xffffff84]v[0xffffffd7]0[0xffffffd3][0xffffffee][0x1a][0xffffffb8]v[0xffffffef]G[0xffffffe0][0xffffffb5][0xfffffffb]q[0x8]J[0xffffffbb][0xfffffff7][0xffffffc7]S[0xffffffda]}[0x7f][0xffffffb4][0xffffff8b]v[0x3][0xffffff8f][0xffffff94]v[0x5][0xffffff95][0xffffff94]v[0x3][0xffffff9b][0xffffff84]v7B[0xfffffff3][0xffffffb5][0xffffffbb]q[0xfffffffa][[0xffffffb4]{[0xffffffbe][0xffffffff][0xffffffed]P[0x3][0xffffffbf][0xffffffab][0xffffffb4]t[0xffffffeb]~[0xffffff9e][0xffffff87][0xffffff92][0xffffffee][0xffffff97][0x13]`[0xffffffce][0xffffffdd][0xffffffce][0xffffff90][0xffffffac][0xffffffdc]/OO6[0xffffffee][0xffffffaf][0xffffff9f][0xc][0xb][0xfffffff7])[0xffffff8a][0xffffffc9][0xffffffbe][0xfffffffd][0x1][0xffffff90][0xffffffc9][0xffffffba]}[0xffffff8a]e[0xffffffa2]m[0xffffff9f][0xffffffc0][0xffffff99]&[0xffffffdb]'[0xffffff88][0xffffffbe][0xffffffe0]Z[0xfffffff1][0x1][0xfffffff4]q[0x1c][0xffffffc0][0xffffff82][0xffffffc6][0xffffffcf][0xfffffff3][0xffffffc0][0xffffffae]E?[0xffffff80][0xffffffbe][0xffffff9d][0xffffff81]q-[0xfffffff0][0x1][0xfffffff4]_?[0xffffffd9][0xffffffc3][0xffffffb5][0xfffffff8][0x7][0xffffffd0][0x7f][0x0]$[0xffffffe3]Z[0xfffffff4][0x3][0xffffffe8]O[0xffffffe0][0xffffffcc]v[0xffffffed][0xffffff8e][0xffffffe8][0xb][0xffffffae][0xffffff9d]b[0xffffffb9][0xffffffc2][0xffffffd1]J[0xfffffffe][0x7]u>[0xffffffcf][0x3][0xffffffbb]v[0xffffff92][0xffffffcb][0x15][0xffffffb6]30[0xffffffae][0xffffff9d][0xfffffff9][0xffffffcb][0x15]~[0xfffffffd]d[0xf][0xffffffd7]F[0x14][0x19][0xffffffd7]* [0x19][0xffffffd7]F,[0xfffffff3]][0xffffffbb][0xffffffc3][0xffffff99][0xffffffed][0xffffffda][0x1d][0xffffffd1][0x17]\[0xffffffbb][0xffffff94]k[0xffffffc7][0xffffff99][0xffffffff][0xffffff91][0xffffff87][0xffffffcf][0xfffffff3][0xffffffc0][0xffffffae]][0x6][0xffffffae]][0x1][0xffffffea]L[0xffffff9c][0x17][0xffffffe6][0xffffffda][0xffffffe5][0xffffffe4][0xffffffda][0xffffff88]"[0xffffffe3]Z[0x5]$[0xffffffe3][0xffffffda][0xffffff88]e[0xffffffbe]kw8[0xffffffb3]][0xffffffbb]#[0xfffffffa][0xffffffdb]][0xffffffdb][0xffffffc5][0x7]uF[0xffffffb9][0xffffffad][0xfffffffc]_[0xffffffc9]>[0xffffffcf][0xffffffc3][0xffffffba][0xffffffb6][0xffffffa3][0x1f][0xffffffd4][0xffffffd9][0xffffffce][0xffffff80][0xffffffb8][0xffffffb6][0x3][0x1f][0xffffffd4][0xfffffff9][0xfffffff5][0xffffff93]-\+PD\+[0xffffff81]D\+[0xffffffb0]Lwm[0xffffff80]3[0xffffffd9][0xffffffb5][0x1][0xffffffd1][0x17]\+>[0xfffffff2]0[0xffffffca]1[0xffffffa8][0xfffffff7][0xffffffb5][0x1d][0xfffffffc][0xffffffc8][0xffffffc3][0xffffff97][0x13][0xffffffd0][0xffffffae][0xffffff85]>[0xfffffff2][0xfffffff0][0xffffffe5][0xffffffe9][0xffffff8c]k=>[0xfffffff2][0xfffffff0][0x14]E[0xffffffc6][0xffffffb5][0x6][0x1f]yx[0xffffff8a]e[0xffffffbe]k[0xffffffb1][0xffffff8f]<<A[0xfffffff4][0x5][0xffffffd7][0xffffff8a][0xffffff8f]<[0xffffff8c]Rn[0xffffff95]r-[0xfffffff8][0xffffff91][0xffffff87]/'[0xffffffa0]][0xb]}[0xffffffe4][0xffffffe1][0xffffffcb][0xffffffd3][0x19][0xffffffd7]z|[0xffffffe4][0xffffffe1])[0xffffff8a][0xffffff8c]k[\r]>[0xfffffff2][0xfffffff0][0x14][0xffffffcb]|[0xffffffd7]b[0x1f]yx[0xffffff82][0xffffffe8][0xb][0xffffffae]U[0x1f]y([0xfffffff5][0xffffff86]u-[0xfffffff8][0xffffff91][0xffffff87]/'[0xffffffa0]][0xb]}[0xffffffe4][0xffffffe1][0xffffffcb][0xffffffd3][0x19][0xffffffd7]z|[0xffffffe4][0xffffffe1])[0xffffff8a][0xffffff8c]k[\r]>[0xfffffff2][0xfffffff0][0x14][0xffffffcb]|[0xffffffd7]b[0x1f]yx[0xffffff82][0xffffffe8][0xb][0xffffffae]=[0xffffff95]k[0xffffffe7][0xffffffe8][0xffffff94]kO[0xffffffdc][0xffffffb5][0xffffffa7][0xffffff81]k[0xffffffcf][0x0]u&[0xffffffce]'[0xffffffe6][0xffffffda][0xffffffd3][0xffffffc9][0xffffffb5][0x11]E[0xffffffc6][0xffffffb5][\n]"
[DEBUG] http-outgoing-1 << "H[0xffffffc6][0xffffffb5][0x11][0xffffffcb]|[0xffffffd7][0xffffffee]pf[0xffffffbb]vG[0xfffffff4]%[0xffffffd7][0xffffffc6]{[0x8][0xffffffac]k[0xffffffe1]{[0x8][0xffffff8f][0x13][0xfffffff0][0xffffffae][0x5][0xffffffef]!<[0xffffff9e]N[0xffffffb9][0xffffffd6][0xffffffe7][0x1e][0xffffff82]@[0xffffff91]r[0xffffffad][0xffffffc9]=[0x4][0xffffff81]%[0xffffffe1]Z[0xfffffff4][0x1e]B@[0xfffffff4][0x5][0xffffffd7]N[0xffffffd1][0xffffffb5][0xffffffb5][0xffffff9c][0xffffffd8][0xfffffffb][0xffffffda][0xffffff89]w[0xffffffed]4[0xffffffe8][0xffffffda][0x19][0x2]"[0x13][0xffffffe7][0xffffff89]u[0xffffffed]t[0xffffffea][0xffffffda][0xffffff88]"[0xffffffe3]Z[0x5]$[0xffffffe3][0xffffffda][0xffffff88]e[0xffffffbe]kw8[0xffffffb3]][0xffffffbb]#[0xfffffffa][0xffffff82]k[0xffffff97]rm;[0xb][0xffffffe5][0xffffffda][0xffffff85][0xffffffbb]v[0x19][0xffffffb8]v[0x5][0xffffffa8]3q^[0xffffff98]k"
[DEBUG] http-outgoing-1 << "[0xffffff97][0xffffff93]k#[0xffffff8a][0xffffff8c]k[0x15][0xffffff90][0xffffff8c]k#[0xffffff96][0xfffffff9][0xffffffae][0xffffffdd][0xffffffe1][0xffffffcc]v[0xffffffed][0xffffff8e][0xffffffe8]ow[0xffffffed][0xffffffb8][0xffffff89]w[0x8][0xfffffff5][0xffffffc4][0xffffffe6][0xffffffc6][0xffffffde][0xffffffce][0xffffffc3][0xffffffba][0xfffffff6]q[0x2][0xffffffd8][0xffffffb5][0xffffffdf][0xffffffcf][0xffffff80][0xffffffb8][0xfffffff6][0xfffffff1]t[0xffffffc4][0xffffffb5][0xffffffdf][0xffffff9e]l[0xffffffe1]Z[0xffffff81]"[0xffffffe2]Z[0x9]$[0xffffffe2]Z[0xffffff81]e[0xffffffba]k[0x3][0xffffff9c][0xffffffc9][0xffffffae][\r][0xffffff88][0xffffffbe][0xffffffe0]Zu[0xffffffbf][0xffffffb6]u[0xffffffac]k[0x7]~[0xffffffbf]v[0x18][0xffffffdc][0xffffffaf][0x1d][0xfffffff1]"c&[0xffffffce][0xffffffd8][0xfffffffd][0xffffffda][0xffffffb1]_^D]kr[0xffffffbf]V[0x2][0xffffffc9][0xffffffb8][0xffffffd6][0xffffffe0]~m[0xffffff80]3[0xffffffdb][0xffffffb5][0xffffffd7][0xffffffef][0xffffffd7][0xe]u[0xffffffbf][0xffffffb6][0xffffffad][0xffffff82][0xffffffb9][0x16][0xffffffbf]_;[0xc][0xffffffee][0xffffffd7][0xffffff8e]x[0xffffff91]1[0x13]g[0xffffffec]~[0xffffffed][0xffffffd8]//[0xffffffa2][0xffffffae]5[0xffffffb9]_+[0xffffff81]d\kp[0xffffffbf]6[0xffffffc0][0xffffff99][0xffffffed][0xffffffda][0xffffffeb][0xfffffff7]k[0xffffff87][0xffffffba]_[0xffffffdb]ouP[0xffffffae][0xffffffc5][0xffffffef][0xffffffd7][0xe][0xffffff83][0xfffffffb][0xffffffb5]#^d[0xffffffcc][0xffffffc4][0x19][0xffffffbb]_;[0xfffffff6][0xffffffcb][0xffffff8b][0xffffffa8]kM[0xffffffee][0xffffffd7]J [0x19][0xffffffd7][0x1a][0xffffffdc][0xffffffaf][\r]pf[0xffffffbb][0xfffffff6][0xfffffffa][0xfffffffd][0xffffffda][0xffffffa1][0xfffffff6][0xffffffd7][0xfffffff6][0xffffffdb][0xffffffa4][0xfffffff6]![0xc]|[0x7f][0xffffffed]0[0xffffffd8]_;[0xffffffe2][0xffffffa2][0xffffffd0]L[0xffffff9c][0xffffffb1][0xfffffffd][0xffffffb5]c_[0xe][0xffffff8a][0xffffffba][0xffffffd6]d[0x7f][0xffffffad][0x4][0xffffff92]q[0xffffffad][0xffffffc1][0xfffffffe][0xffffffda][0x0]g[0xffffffb6]k[0xffffffaf][0xffffffef][0xffffffaf][0x1d][0xffffffa7]r[0xffffffed]q[0xffffffa3][0xfffffff6]|[0xffffffbd][0xffffff9d][0x7]v[0xffffffed]i[0xffffffe0][0xffffffda]3@[0xffffff9d][0xffffff89][0xfffffff3][0xffffff89][0xffffffb9][0xfffffff6]trmD[0xffffff91]q[0xffffffad][0x2][0xffffff92]qm[0xffffffc4]2[0xffffffdf][0xffffffb5];[0xffffff9c][0xffffffd9][0xffffffae][0xffffffdd][0x11]}[0xffffffc1][0xffffffb5][0xffffffea][0xffffffce]W/[0x1d]{[0xffffff87][0xffffff80][0xffffffdf][0xfffffff9][0x1a][0x6]w[0xffffffbe]F[0xffffffbc]\[0xffffff93][0xffffff89]3v[0xffffffe7]k[0xffffffec][0x17]jP[0xffffffd7][0xffffff9a][0xffffffdc][0xfffffff9][0xffffff92]@2[0xffffffae]5[0xffffffb8][0xfffffff3][0x15][0xffffffe0][0xffffffcc]v[0xffffffed][0xfffffff5];_[0xffffffe7]M[0xffffffb9][0xffffffb6]a[0xfffffffb][0x10][0xffffffde][0xffffffce][0xffffffc3][0xffffffba][0xfffffff6]q[0x2][0xffffffd8][0xffffffb5][0xffffffdf][0xffffffcf][0xffffff80][0xffffffb8][0xfffffff6][0xfffffff1]t[0xffffffc4][0xffffffb5][0xffffffdf][0xffffff9e]l[0xffffffe1]Z[0xffffff81]"[0xffffffe2]Z[0x9]$[0xffffffe2]Z[0xffffff81]e[0xffffffba]k[0x3][0xffffff9c][0xffffffc9][0xffffffae][\r][0xffffff88][0xffffffbe][0xffffffe0]Z[0xffffffb5][0xffffffbf][0xffffffb6][0xfffffff7]J[0xffffffcd][0xffffff8d][0xffffff9d][0xfffffff8][0xfffffffe][0xffffffda][0xffffffd3]`[0x7f][0xffffffed][0x19][0x17][0xffffff85]f[0xffffffe2][0xffffff8c][0xffffffed][0xffffffaf]=[0xfffffff7][0xffffffe5][0xffffffa0][0xffffffa8]kM[0xfffffff6][0xffffffd7]J [0x19][0xffffffd7][0x1a][0xffffffec][0xffffffaf][\r]pf[0xffffffbb][0xfffffff6][0xfffffffa][0xfffffffe][0xffffffda][0xffffffb3]([0xffffffd7][0xffffff9e]7[0xffffffea][0xffffffb7][0xffffffb1][0xffffffb7][0xfffffff3][0xffffffc0][0xffffffae]-[0x6][0xffffffae]-[0x1][0xffffffea]L[0xffffff9c][0xb][0xffffffe6][0xffffffda][0xffffffe2][0xffffffe4][0xffffffda][0xffffff88]"[0xffffffe3]Z[0x5]$[0xffffffe3][0xffffffda][0xffffff88]e[0xffffffbe]kw8[0xffffffb3]][0xffffffbb]#[0xfffffffa][0xffffff82]k[0xffffffd5],C[0xffffff9f][0x3][0xffffffeb]Z|[0xffffff96][0xffffffe1]4[0xffffff98]e8[0xffffffe3][0xffffffa5][0xfffffff1]L[0xffffff9c][0xffffffb1]Y[0xffffff86]s[0xffffffbf]([0xffffff8e][0xffffffba][0xffffffd6]d[0xffffff96]A[0x2][0xffffffc9][0xffffffb8][0xffffffd6]`[0xffffff96]![0xffffffc0][0xffffff99][0xffffffed][0xffffffda][0xffffffeb][0xffffffb3][0xc][0xffffffa7][0xffffff9a]e[0x18][0xffffffa5][0xffffffdd]([0xffffffd7][0xffffffe2][0xffffffb3][0xc][0xffffffa7][0xffffffc1],[0xffffffc3][0x19]/[0xffffff8d]g[0xffffffe2][0xffffff8c][0xffffffcd]2[0xffffff9c][0xfffffffb]Eq[0xffffffd4][0xffffffb5]&[0xffffffb3][0xc][0x12]H[0xffffffc6][0xffffffb5][0x6][0xffffffb3][0xc][0x1][0xffffffce]l[0xffffffd7]^[0xffffff9f]e8[0xffffffd5],[0xffffffc3][0xffffffa8][0xffffff93][0xffffffda][0xffffff87]p[0xffffffe2][0xffffffb3][0xc][0xffffffa7][0xffffffc1],[0xffffffc3][0x19]/[0xffffff8d]g[0xffffffe2][0xffffff8c][0xffffffcd]2[0xffffff9c][0xfffffffb]Eq[0xffffffd4][0xffffffb5]&[0xffffffb3][0xc][0x12]H[0xffffffc6][0xffffffb5][0x6][0xffffffb3][0xc][0x1][0xffffffce]l[0xffffffd7]^[0xffffff9f]e8[0xffffffd5],[0xffffffc3]8;u[0xffffffbf][0xfffffff6][0xffffffc4]g[0x19]N[0xffffff83]Y[0xffffff86]3^[0x1a][0xffffffcf][0xffffffc4][0x19][0xffffff9b]e8[0xfffffff7][0xffffff8b][0xffffffe2][0xffffffa8]kMf[0x19]$[0xffffff90][0xffffff8c]k[\r]f[0x19][0x2][0xffffff9c][0xffffffd9][0xffffffae][0xffffffbd]>[0xffffffcb]p[0xffffff9e][0xffffffc2][0xffffffb5]g[0xffffffe5]\{[0xffffffe2][0xffffffae]=[\r]\{[0x6][0xffffffa8]3q>1[0xffffffd7][0xffffff9e]N[0xffffffae][0xffffff8d](2[0xffffffae]U@2[0xffffffae][0xffffff8d]X[0xffffffe6][0xffffffbb]v[0xffffff87]3[0xffffffdb][0xffffffb5];[0xffffffa2]/[0xffffffb8]V[0xffffffed][\n]"
[DEBUG] http-outgoing-1 << "?G[0xffffffa3]f[0x19]N|W[0xfffffff8]i[0xffffffb0]+[0xfffffffc][0xffffff8c]K[0xffffff99]3q[0xffffffc6]v[0xffffff85][0xffffff9f][0xfffffffb]"f[0xffffffd4][0xffffffb5]&[0xffffffbb][0xffffffc2]%[0xffffff90][0xffffff8c]k[\r]v[0xffffff85][0x7]8[0xffffffb3]]{}W[0xfffffff8][0xffffffa9][0xffffffe6][0xffffffc6][0xffffffce][0xffffffb3]c[0xffffffbf][0xffffff8d][0xffffffe1]sc[0xffffffa7][0xffffffc1][0xffffffdc][0xffffffd8][0x19][0x7]t2q[0xffffffc6][0xffffffe6][0xffffffc6][0xffffffce]}([0x7]u[0xffffffad][0xffffffc9][0xffffffdc][0xffffff98][0x4][0xffffff92]q[0xffffffad][0xffffffc1][0xffffffdc]X[0xffffff80]3[0xffffffdb][0xffffffb5][0xffffffd7][0xffffffe7][0xffffffc6][0xffffffe6][0xffffffed][0xffffff97][0x16]];[0xffffffb1][0xfffffffb][0xffffffb5]o[0xffffffe7]a][0xfffffffb]8[0x1][0xffffffec][0xffffffda][0xffffffef]g@\[0xfffffffb]x:[0xffffffe2][0xffffffda]oO[0xffffffb6]p[0xffffffad]@[0x11]q[0xffffffad][0x4][0x12]q[0xffffffad][0xffffffc0]2[0xffffffdd][0xffffffb5][0x1][0xffffffce]d[0xffffffd7][0x6]D_p[0xffffffad][0xffffff9a][0x1b];W[0xffffffc7]\[0xffffff8b][0xffffffcf][0xffffff8d]M[0xffffff83][0xffffffb9][0xffffffb1][0x19][0x7]t2q[0xffffffc6][0xffffffe6][0xffffffc6][0xffffffe6]>[0xffffff94][0xffffff83][0xffffffba][0xffffffd6]dnL[0x2][0xffffffc9][0xffffffb8][0xffffffd6]`n,[0xffffffc0][0xffffff99][0xffffffed][0xffffffda][0xffffffeb]scS[0xffffffcd][0xffffff8d][0xffffffcd]2[0xffffffa9][0xffffffef][0xffffffe8]N|nl[0x1a][0xffffffcc][0xffffff8d][0xffffffcd]8[0xffffffa0][0xffffff93][0xffffff89]3676[0xfffffff7][0xffffffa1][0x1c][0xffffffd4][0xffffffb5]&sc[0x12]H[0xffffffc6][0xffffffb5][0x6]sc[0x1][0xffffffce]l[0xffffffd7]^[0xffffff9f][0x1b][0xffffff9b]jnl[0xfffffff6]E[0xffffffed][0xffffff9e][0xffffff99][0xfffffff8][0xffffffdc][0xffffffd8]4[0xffffff98][0x1b][0xffffff9b]q@'[0x13]glnl[0xffffffee]C9[0xffffffa8]kM[0xffffffe6][0xffffffc6]$[0xffffff90][0xffffff8c]k[\r][0xffffffe6][0xffffffc6][0x2][0xffffff9c][0xffffffd9][0xffffffae][0xffffffbd]>76[0xffffffd5][0xffffffdc][0xffffffd8]\[0xffffff8d][0xffffff9a][0xffffffd1][0xffffff9d][0xfffffff8][0xffffffdc][0xffffffd8]4[0xffffff98][0x1b][0xffffff9b]q@'[0x13]glnl[0xffffffee]C9[0xffffffa8]kM[0xffffffe6][0xffffffc6]$[0xffffff90][0xffffff8c]k[\r][0xffffffe6][0xffffffc6][0x2][0xffffff9c][0xffffffd9][0xffffffae][0xffffffbd]>76[0xffffffd5][0xffffffdc][0xffffffd8]*[0x7]576[0xfffffff1][0xffffffb9][0xffffffb1]i076[0xffffffe3][0xffffff80]N&[0xffffffce][0xffffffd8][0xffffffdc][0xffffffd8][0xffffffdc][0xffffff87]rP[0xffffffd7][0xffffff9a][0xffffffcc][0xffffff8d]I [0x19][0xffffffd7][0x1a][0xffffffcc][0xffffff8d][0x5]8[0xffffffb3]]{}nl[0xffffffaa][0xffffffb9][0xffffffb1][0xffffffd5][0xffffffb0];_[0x13][0xffffff9f][0x1b][0xffffff9b][0x6]sc3[0xe][0xffffffe8]d[0xffffffe2][0xffffff8c][0xffffffcd][0xffffff8d][0xffffffcd]}([0x7]u[0xffffffad][0xffffffc9][0xffffffdc][0xffffff98][0x4][0xffffff92]q[0xffffffad][0xffffffc1][0xffffffdc]X[0xffffff80]3[0xffffffdb][0xffffffb5][0xffffffd7][0xffffffe7][0xffffffc6][0xffffffe6][0xffffffa9]\;+57[0xfffffff6]v[0x1e][0xffffffd8][0xffffffb5][0xffffffa7][0xffffff81]k[0xffffffcf][0x0]u&[0xffffffce]'[0xffffffe6][0xffffffda][0xffffffd3][0xffffffc9][0xffffffb5][0x11]E[0xffffffc6][0xffffffb5][\n]"
[DEBUG] http-outgoing-1 << "H[0xffffffc6][0xffffffb5][0x11][0xffffffcb]|[0xffffffd7][0xffffffee]pf[0xffffffbb]vG[0xfffffff4][0x5][0xffffffd7][0xffffff8a][0xffffffb9][0xffffffb1][0xfffffff3]v[0x1b][0xffffffd8][0xffffff9d]/|nl[0x1a][0xffffffcc][0xffffff8d][0xffffffcd]8[0xffffffa0][0xffffff93][0xffffff89]3676[0xfffffff7][0xffffffa1][0x1c][0xffffffd4][0xffffffb5]&sc[0x12]H[0xffffffc6][0xffffffb5][0x6]sc[0x1][0xffffffce]l[0xffffffd7]^[0xffffff9f][0x1b][0xffffff9b]bn[0xffffffec][0xffffffbc]U[0xffffffee][0xffffffce][0x17]>76[\r][0xffffffe6][0xffffffc6]f[0x1c][0xffffffd0][0xffffffc9][0xffffffc4][0x19][0xffffff9b][0x1b][0xffffff9b][0xfffffffb]P[0xe][0xffffffea]Z[0xffffff93][0xffffffb9]1[0x9]$[0xffffffe3]Z[0xffffff83][0xffffffb9][0xffffffb1][0x0]g[0xffffffb6]k[0xffffffaf][0xffffffcf][0xffffff8d]-[0xfffffff1][0xffffffbd][0xffffffb1][0xfffffff3]6[0xffffffb0]][0xffffffe1][0xb][0xffffffff][0xffffffde][0xffffffd8]2[0xfffffff8][0xffffffde][0xffffffd8][0xffffff8a][0x1f]vJ[0xffffffc4]ya[0xffffffdf][0x1b][[0xfffffffb][0xffffffc7][0xffffff9c]H[0xffffffd7][\n]"
[DEBUG] http-outgoing-1 << "[0x14][0x11][0xffffffd7]J [0x11][0xffffffd7][\n]"
[DEBUG] http-outgoing-1 << ",[0xffffffd3]][0x1b][0xffffffe0]Lvm@[0xfffffff4][0x5][0xffffffd7][0xffffff8a]Y[0xffffff86][0xfffffff3][0xffffffb6][\n]"
[DEBUG] http-outgoing-1 << "[0xffffffe6]Z|[0xffffff96]a[0x19][0xffffffcc]2[0xffffffac]xi<[0x13]gl[0xffffff96]a[0xffffffed][0x17][0xffffffc5]Q[0xffffffd7][0xffffff9a][0xffffffcc]2H [0x19]"
[...]
0xffffffb8][0xffffffe1][0xffffffec][0xffffffe3][0xfffffff5]P[0x13]U[\r][0x1f][0xffffffce]n[0x1][0xffffffc3][0xffffffd9][0xffffffcd][0xffffffac][0xffffffbb][0x16][0x6][0x1c][0x1b][0xffffffce]n[0xffffffb2][0xffffffdf]JR"d8[0xffffffdb][0x6][0xffffff92][0xffffffa1]D[0xffffffc0]p[0xffffffb6][0xffffff84][0xffffffb3][0xffffff9a][0x12][0xffffffc1][0xffffffc3][0xffffffd9][0xffffffae]<YJ[0xffffffe4][\r]g[0xffffffbb]j[0xffffffe5]([0xffffff91]2[0xffffff9c][0xffffffad][0xffffffc5][0xffffffbb]A[0xffffff89][0xffffffcb]Q[0xffffffe2]x[0xffffffb0][0xffffffa7][0x12][0x17]N[0xffffff89]+[0xffffff80][0x12][0xffffff97][0xffffffe6][0xffffffbd]0[0xffffffe0][0x17]F[0xffffff89]+[0xffffff89][0x12][0x1a]E[0xffffff86][0x12].[0xffffff90][0xc]%4[0xffffff96][0xfffffff5][0xffffff94]X[0xffffffc3]YM[0xffffff89]5[0xffffffa2]I[0xffffff94]0[0xffffffe5][0xffffffc9]R[0xffffffc2]v)K[0x9]S[0xffffffad][0x1c]%[0xffffffa4]i)JH[0xfffffff1]nQ[0xffffffa2][0xffffff87]Q[0x2]>[0xffffff83][0xffffffe3][0xfffffff3][0xe]xJ[0xffffff80]gp|^[0xffffff9d][0xffffffa2]D[0xffffffce][0x19][0x1c]&[0xffffff8a][0x14]%B[0xffffffce][0xffffffe0]0[0xffffffb1]$([0xffffff81][0xffffff9e][0xffffffc1]![0x11][0xffffffcd][0xffffffa2]D[0xffffffd6][0x19][0x1c][0xffffffbe]KiJ[0xffffffe4][0xffffff9c][0xffffffc1][0xffffffa1]M[0xffffffcb]Q[0xffffffe2][0xffffffdb]gp47[0xffffff9c]}[0xffffffcc][0xffffff8b]:[0xffffffce][0xffffffab][0xffffffe1][0xffffffc3][0xffffffd9]-`8[0xffffffbb][0xffffff99]u[0xffffffd7][0xffffffc2][0xffffff80]c[0xffffffc3][0xffffffd9]M[0xfffffff6][IJ[0xffffff84][0xc]g[0xffffffdb]@2[0xffffff94][0x8][0x18][0xffffffce][0xffffff96]pVS"x8[0xffffffdb][0xffffff95]'K[0xffffff89][0xffffffbc][0xffffffe1]lW[0xffffffad][0x1c]%R[0xffffff86][0xffffffb3][0xffffffb5]x[0xffffffb7](a[0xffffff9e]J[0xffffffa0][0xffffff94][0xffffffa0][0xffffff9f]J[0xffffffdc][0x1]O%n[0xffffffa5]si[0xffffffc0][0xffffffa9][0xffffffa7][0x12]w[0xffffffd2]S[0x9][0xffffff8d]"E[0xffffff89][0xffffff94][0xffffffa7][0x12][0x1a]K[0xffffff82][0x12][0xffffffec]S[0xffffff89]5[0xffffffa2]Y[0xffffff94][0x8]{*a[0xffffffbb][0xffffff94][0xffffffa6]D[0xffffffd0]S[0x9]iZ[0xffffff8e][0x12][0xffffffdf][0x7f]*[0xffffffe1][0xffffffce][0xffffffe0]8_'u[0xffffff9c]W[0xffffffc3][0xffffffcf][0xffffffe0]h[0x1]gp43[0x14]_[0x18]p[0xffffffec][0xc][0xffffff8e]&S[0xfffffff0]$%B[0xffffffce][0xffffffe0][0xffffffb0][0xffffff81]d([0x11]p[0x6][0xffffff87][0xffffff84][0xffffffb3][0xffffff9a][0x12][0xffffffc1]gp[0xffffffb8][0xfffffff2]d)[0xffffff91]w[0x6][0xffffff87][0xffffffab]V[0xffffff8e][0x12])gph[0xfffffff1][0xfffffffe]=%[0xffffffba];[0xffffff83][0xffffffe3][0xffffffec][0xffffffd8]pv[0xffffffc7][0xffffffcf][0xffffffe0][0xffffffe8][0x1]gpt3[0x14]_[0x17][0xfffffff0][0xffffff8e][0xffffff9d][0xffffffc1][0xffffffd1]e[\n]"
[DEBUG] http-outgoing-1 << "[0x1e][0xffffffa4][0xffffff84][0xffffff89]"B[0x9][0x1b]H[0xffffff84][0x12]&[0xffffff96][0xffffffe5][0xffffff94][0xffffff90]p[0x16]SB"[0x1a]D[0x9]W[0xffffff9e](%|[0xffffff97][0xffffffa2][0xffffff94]p[0xffffffd5][0xffffff8a]QB[0xffffff9b][0x16][0xffffffa2][0xffffff84][0x16][0xffffffef][0x6]%[0xffffffdc][0x19][0x1c][0xffffffe7][0x1c][0xffffffd4]DU[0xffffffc7][0xffffffcf][0xffffffe0][0xffffffe8][0x1]gpt3[0x14]_[0x18]p[0xffffffec][0xc][0xffffff8e].S[0xfffffff0]$%B[0xffffffce][0xffffffe0][0xffffffb0][0xffffff81]d([0x11]p[0x6][0xffffff87][0xffffff84][0xffffffb3][0xffffff9a][0x12][0xffffffc1]gp[0xffffffb8][0xfffffff2]d)[0xffffff91]w[0x6][0xffffff87][0xffffffab]V[0xffffff8e][0x12])gph[0xfffffff1]nP[0xffffffc2][0xffffff9d][0xffffffc1]q[0xffffffde][0x1c]%[0xfffffff0]38z[0xffffffc0][0x19][0x1c][0xffffffdd][0xc][0xffffffc5][0x17][0x6][0x1c];[0xffffff83][0xffffffa3][0xffffffcb][0x14]<I[0xffffff89][0xffffff90]38l [0x19]J[0x4][0xffffff9c][0xffffffc1]![0xffffffe1][0xffffffac][0xffffffa6]D[0xfffffff0][0x19][0x1c][0xffffffae]<YJ[0xffffffe4][0xffffff9d][0xffffffc1][0xffffffe1][0xffffffaa][0xffffff95][0xffffffa3]D[0xffffffca][0x19][0x1c]Z[0xffffffbc][0x1b][0xffffff94]pgp[0xffffffcc][0xffffffd6][0xffffffa9]38:~[0x6]G[0xf]8[0xffffff83][0xffffffa3][0xffffff9b][0xffffffa1][0xfffffff8][0xffffffc2][0xffffff80]cgpt[0xffffff99][0xffffff82]')[0x11]r[0x6][0xffffff87][\r]$C[0xffffff89][0xffffff80]38$[0xffffff9c][0xffffffd5][0xffffff94][0x8]>[0xffffff83][0xffffffc3][0xffffff95]'K[0xffffff89][0xffffffbc]38\[0xffffffb5]r[0xffffff94]H9[0xffffff83]C[0xffffff8b]w[0xffffff83][0x12]n[0xffffffed][0xfffffff2]z[\r]j[0xffffffed][0xffffffb2][0xffffffe3]k[0xffffff97]=`[0xffffffed][0xffffffb2][0xffffff9b]I[0xffffffb6][0xffffffc2][0xffffff80]ck[0xffffff97]]F[0xffffffd7]HJ[0xffffff84][0xffffffac]][0xffffffda]@2[0xffffff94][0x8]X[0xffffffbb][0xffffff94]pVS"x[0xffffffed][0xffffffd2][0xffffff95]'K[0xffffff89][0xffffffbc][0xffffffb5]KW[0xffffffad][0x1c]%R[0xffffffd6].[0xffffffb5]x[0xffffffff]H[0xffffff89][0xffffffff][0xfffffffb][0xffffffff][0xfffffffe][0xffffffbf][0xffffffff][0x1f]{[0x18][0xffffffeb]bb[0xf]*[0x0]"
[DEBUG] ep-0000000002 releasing valid endpoint
[DEBUG] ep-0000000002 releasing endpoint
[DEBUG] ep-0000000002 connection http-outgoing-1 can be kept alive for 3 MINUTES
[DEBUG] ep-0000000002 connection released [route: {s}->https://googlechromelabs.github.io:443][total available: 2; route allocated: 1 of 5; total allocated: 2 of 25]
[INFO] Using chromedriver 134.0.6998.165 (resolved driver for Chrome 134)
[DEBUG] Storing resolution chrome=134 in cache (valid until 16:38:08 16/04/2025 IST)
[DEBUG] Storing resolution chrome134=134.0.6998.165 in cache (valid until 15:38:08 17/04/2025 IST)
[DEBUG] Driver chromedriver 134.0.6998.165 found in cache
[INFO] Exporting webdriver.chrome.driver as C:\Users\CSCSPV868\.cache\selenium\chromedriver\win64\134.0.6998.165\chromedriver.exe
[INFO ] 2025-04-16 15:38:11.397 [main] StepDef - launched chrome browser.
  Given User Lauch chrome browser                                       # StepDefinition.StepDef.user_lauch_chrome_browser()
[INFO ] 2025-04-16 15:38:13.758 [main] StepDef - Opened url
  When User opens URL "https://test.csccloud.in:8443/csc-invoice/login" # StepDefinition.StepDef.user_opens_url(java.lang.String)
[INFO ] 2025-04-16 15:38:13.964 [main] StepDef - EmailAddress and password entered.
  And User enters Email as "admin@gmail.com" and Password as "Test@123" # StepDefinition.StepDef.user_enters_email_as_and_password_as(java.lang.String,java.lang.String)
[INFO ] 2025-04-16 15:38:14.060 [main] StepDef - clicked on login button.
  And Click on Login                                                    # StepDefinition.StepDef.click_on_login()
[WARN ] 2025-04-16 15:38:21.083 [main] StepDef - Test Passed : User can view dashboard page title matched.
  Then User can view Dashboard                                          # StepDefinition.StepDef.user_can_view_dashboard()
[INFO ] 2025-04-16 15:38:21.246 [main] StepDef - clicked on bills.
  And Click on Bills                                                    # StepDefinition.StepDef.click_on_bills()
[INFO ] 2025-04-16 15:38:22.704 [main] StepDef - Clicked on view & updated bills.
  And Click on View & Update Bills                                      # StepDefinition.StepDef.click_on_view_update_bills()
[INFO ] 2025-04-16 15:38:22.779 [main] StepDef - Entered receipt number on the search page.
  And Enter Receipt Number                                              # StepDefinition.StepDef.enter_receipt_number()
[INFO ] 2025-04-16 15:38:22.860 [main] StepDef - Clicked on search button.
  When Click on Search button                                           # StepDefinition.StepDef.click_on_search_button()
[WARN ] 2025-04-16 15:38:24.953 [main] StepDef - Test Passed : User should found Receipt Number in the Search table.
  Then User should found Receipt Number in the Search table             # StepDefinition.StepDef.user_should_found_receipt_number_in_the_search_table()
[INFO ] 2025-04-16 15:38:26.080 [main] StepDef - browser closed.
  And Close browser                                                     # StepDefinition.CloseStep.close_browser()
teardown-sanity method executed...
]]></system-out>
    <system-err><![CDATA[Apr 16, 2025 3:38:11 PM org.openqa.selenium.devtools.CdpVersionFinder findNearestMatch
WARNING: Unable to find an exact match for CDP version 134, returning the closest version; found: 132; Please update to a Selenium version that supports CDP version 134
Apr 16, 2025 3:38:25 PM org.openqa.selenium.remote.http.WebSocket$Listener onError
WARNING: Connection reset
java.net.SocketException: Connection reset
	at java.base/sun.nio.ch.SocketChannelImpl.throwConnectionReset(SocketChannelImpl.java:394)
	at java.base/sun.nio.ch.SocketChannelImpl.read(SocketChannelImpl.java:426)
	at java.net.http/jdk.internal.net.http.SocketTube.readAvailable(SocketTube.java:1170)
	at java.net.http/jdk.internal.net.http.SocketTube$InternalReadPublisher$InternalReadSubscription.read(SocketTube.java:833)
	at java.net.http/jdk.internal.net.http.SocketTube$SocketFlowTask.run(SocketTube.java:181)
	at java.net.http/jdk.internal.net.http.common.SequentialScheduler$SchedulableTask.run(SequentialScheduler.java:230)
	at java.net.http/jdk.internal.net.http.common.SequentialScheduler.runOrSchedule(SequentialScheduler.java:303)
	at java.net.http/jdk.internal.net.http.common.SequentialScheduler.runOrSchedule(SequentialScheduler.java:256)
	at java.net.http/jdk.internal.net.http.SocketTube$InternalReadPublisher$InternalReadSubscription.signalReadable(SocketTube.java:774)
	at java.net.http/jdk.internal.net.http.SocketTube$InternalReadPublisher$ReadEvent.signalEvent(SocketTube.java:957)
	at java.net.http/jdk.internal.net.http.SocketTube$SocketFlowEvent.handle(SocketTube.java:253)
	at java.net.http/jdk.internal.net.http.HttpClientImpl$SelectorManager.handleEvent(HttpClientImpl.java:979)
	at java.net.http/jdk.internal.net.http.HttpClientImpl$SelectorManager.lambda$run$3(HttpClientImpl.java:934)
	at java.base/java.util.ArrayList.forEach(ArrayList.java:1511)
	at java.net.http/jdk.internal.net.http.HttpClientImpl$SelectorManager.run(HttpClientImpl.java:934)

]]></system-err>
  </testcase>
  <testcase name="runScenario[&quot;Search Bill by Department Name&quot;, &quot;Bill&quot;](2)" classname="TestRunner.Run" time="9.724">
    <system-out><![CDATA[
@Sanity
Scenario: Search Bill by Department Name                                # Features/AddBill.feature:36
[INFO ] 2025-04-16 15:38:26.095 [main] StepDef - Before setup method executed.
[DEBUG] Using WebDriverManager 5.9.2
[DEBUG] Resolution chrome=134 in cache (valid until 16:38:08 16/04/2025 IST)
[DEBUG] Resolution chrome134=134.0.6998.165 in cache (valid until 15:38:08 17/04/2025 IST)
[INFO] Using chromedriver 134.0.6998.165 (resolved driver for Chrome 134)
[DEBUG] Driver chromedriver 134.0.6998.165 found in cache
[INFO] Exporting webdriver.chrome.driver as C:\Users\CSCSPV868\.cache\selenium\chromedriver\win64\134.0.6998.165\chromedriver.exe
[INFO ] 2025-04-16 15:38:28.168 [main] StepDef - launched chrome browser.
  Given User Lauch chrome browser                                       # StepDefinition.StepDef.user_lauch_chrome_browser()
[INFO ] 2025-04-16 15:38:28.706 [main] StepDef - Opened url
  When User opens URL "https://test.csccloud.in:8443/csc-invoice/login" # StepDefinition.StepDef.user_opens_url(java.lang.String)
[INFO ] 2025-04-16 15:38:28.864 [main] StepDef - EmailAddress and password entered.
  And User enters Email as "admin@gmail.com" and Password as "Test@123" # StepDefinition.StepDef.user_enters_email_as_and_password_as(java.lang.String,java.lang.String)
[INFO ] 2025-04-16 15:38:28.938 [main] StepDef - clicked on login button.
  And Click on Login                                                    # StepDefinition.StepDef.click_on_login()
[WARN ] 2025-04-16 15:38:30.333 [main] StepDef - Test Passed : User can view dashboard page title matched.
  Then User can view Dashboard                                          # StepDefinition.StepDef.user_can_view_dashboard()
[INFO ] 2025-04-16 15:38:30.467 [main] StepDef - clicked on bills.
  And Click on Bills                                                    # StepDefinition.StepDef.click_on_bills()
[INFO ] 2025-04-16 15:38:30.933 [main] StepDef - Clicked on view & updated bills.
  And Click on View & Update Bills                                      # StepDefinition.StepDef.click_on_view_update_bills()
[INFO ] 2025-04-16 15:38:31.058 [main] StepDef - Selected department from dropdown as e-Mobility.
  And Select department name from dropdown menu                         # StepDefinition.StepDef.select_department_name_from_dropdown_menu()
[INFO ] 2025-04-16 15:38:31.160 [main] StepDef - Selected status of bill from dropdown menu as In-Process.
  And Select status of bill from dropdown menu as "In-Process"          # StepDefinition.StepDef.select_status_of_bill_from_dropdown_menu_as(java.lang.String)
[INFO ] 2025-04-16 15:38:31.227 [main] StepDef - Clicked on search button.
  When Click on Search button                                           # StepDefinition.StepDef.click_on_search_button()
[WARN ] 2025-04-16 15:38:34.300 [main] StepDef - Test Passed : Department name founded in the search table as e-Mobility.
  Then User should found Name in the search table                       # StepDefinition.StepDef.user_should_found_name_in_the_search_table()
[INFO ] 2025-04-16 15:38:35.809 [main] StepDef - browser closed.
  And Close browser                                                     # StepDefinition.CloseStep.close_browser()
teardown-sanity method executed...
]]></system-out>
    <system-err><![CDATA[Apr 16, 2025 3:38:28 PM org.openqa.selenium.devtools.CdpVersionFinder findNearestMatch
WARNING: Unable to find an exact match for CDP version 134, returning the closest version; found: 132; Please update to a Selenium version that supports CDP version 134
Apr 16, 2025 3:38:34 PM org.openqa.selenium.remote.http.WebSocket$Listener onError
WARNING: Connection reset
java.net.SocketException: Connection reset
	at java.base/sun.nio.ch.SocketChannelImpl.throwConnectionReset(SocketChannelImpl.java:394)
	at java.base/sun.nio.ch.SocketChannelImpl.read(SocketChannelImpl.java:426)
	at java.net.http/jdk.internal.net.http.SocketTube.readAvailable(SocketTube.java:1170)
	at java.net.http/jdk.internal.net.http.SocketTube$InternalReadPublisher$InternalReadSubscription.read(SocketTube.java:833)
	at java.net.http/jdk.internal.net.http.SocketTube$SocketFlowTask.run(SocketTube.java:181)
	at java.net.http/jdk.internal.net.http.common.SequentialScheduler$SchedulableTask.run(SequentialScheduler.java:230)
	at java.net.http/jdk.internal.net.http.common.SequentialScheduler.runOrSchedule(SequentialScheduler.java:303)
	at java.net.http/jdk.internal.net.http.common.SequentialScheduler.runOrSchedule(SequentialScheduler.java:256)
	at java.net.http/jdk.internal.net.http.SocketTube$InternalReadPublisher$InternalReadSubscription.signalReadable(SocketTube.java:774)
	at java.net.http/jdk.internal.net.http.SocketTube$InternalReadPublisher$ReadEvent.signalEvent(SocketTube.java:957)
	at java.net.http/jdk.internal.net.http.SocketTube$SocketFlowEvent.handle(SocketTube.java:253)
	at java.net.http/jdk.internal.net.http.HttpClientImpl$SelectorManager.handleEvent(HttpClientImpl.java:979)
	at java.net.http/jdk.internal.net.http.HttpClientImpl$SelectorManager.lambda$run$3(HttpClientImpl.java:934)
	at java.base/java.util.ArrayList.forEach(ArrayList.java:1511)
	at java.net.http/jdk.internal.net.http.HttpClientImpl$SelectorManager.run(HttpClientImpl.java:934)

]]></system-err>
  </testcase>
  <testcase name="runScenario[&quot;Successful Login with Valid Credentials&quot;, &quot;Login&quot;](3)" classname="TestRunner.Run" time="5.141">
    <system-out><![CDATA[
@Sanity
Scenario: Successful Login with Valid Credentials                       # Features/LoginFeature.feature:4
[INFO ] 2025-04-16 15:38:35.820 [main] StepDef - Before setup method executed.
[DEBUG] Using WebDriverManager 5.9.2
[DEBUG] Resolution chrome=134 in cache (valid until 16:38:08 16/04/2025 IST)
[DEBUG] Resolution chrome134=134.0.6998.165 in cache (valid until 15:38:08 17/04/2025 IST)
[INFO] Using chromedriver 134.0.6998.165 (resolved driver for Chrome 134)
[DEBUG] Driver chromedriver 134.0.6998.165 found in cache
[INFO] Exporting webdriver.chrome.driver as C:\Users\CSCSPV868\.cache\selenium\chromedriver\win64\134.0.6998.165\chromedriver.exe
[INFO ] 2025-04-16 15:38:37.317 [main] StepDef - launched chrome browser.
  Given User Lauch chrome browser                                       # StepDefinition.StepDef.user_lauch_chrome_browser()
[INFO ] 2025-04-16 15:38:37.724 [main] StepDef - Opened url
  When User opens URL "https://test.csccloud.in:8443/csc-invoice/login" # StepDefinition.StepDef.user_opens_url(java.lang.String)
[INFO ] 2025-04-16 15:38:37.873 [main] StepDef - EmailAddress and password entered.
  And User enters Email as "admin@gmail.com" and Password as "Test@123" # StepDefinition.StepDef.user_enters_email_as_and_password_as(java.lang.String,java.lang.String)
[INFO ] 2025-04-16 15:38:39.197 [main] StepDef - clicked on login button.
  And Click on Login                                                    # StepDefinition.StepDef.click_on_login()
[WARN ] 2025-04-16 15:38:39.207 [main] StepDef - Test Passed : Page title matched.
  Then Page Title should be "Invoice Management System"                 # StepDefinition.StepDef.page_title_should_be(java.lang.String)
[INFO ] 2025-04-16 15:38:39.853 [main] StepDef - clicked on logout button.
  When User click on Log out link                                       # StepDefinition.StepDef.user_click_on_log_out_link()
[WARN ] 2025-04-16 15:38:39.856 [main] StepDef - Test Passed : Page title matched.
  Then Page Titel should be "IMS Login"                                 # StepDefinition.StepDef.page_titel_should_be(java.lang.String)
[INFO ] 2025-04-16 15:38:40.949 [main] StepDef - browser closed.
  And Close browser                                                     # StepDefinition.CloseStep.close_browser()
teardown-sanity method executed...
]]></system-out>
    <system-err><![CDATA[Apr 16, 2025 3:38:37 PM org.openqa.selenium.devtools.CdpVersionFinder findNearestMatch
WARNING: Unable to find an exact match for CDP version 134, returning the closest version; found: 132; Please update to a Selenium version that supports CDP version 134
Apr 16, 2025 3:38:39 PM org.openqa.selenium.remote.http.WebSocket$Listener onError
WARNING: Connection reset
java.net.SocketException: Connection reset
	at java.base/sun.nio.ch.SocketChannelImpl.throwConnectionReset(SocketChannelImpl.java:394)
	at java.base/sun.nio.ch.SocketChannelImpl.read(SocketChannelImpl.java:426)
	at java.net.http/jdk.internal.net.http.SocketTube.readAvailable(SocketTube.java:1170)
	at java.net.http/jdk.internal.net.http.SocketTube$InternalReadPublisher$InternalReadSubscription.read(SocketTube.java:833)
	at java.net.http/jdk.internal.net.http.SocketTube$SocketFlowTask.run(SocketTube.java:181)
	at java.net.http/jdk.internal.net.http.common.SequentialScheduler$SchedulableTask.run(SequentialScheduler.java:230)
	at java.net.http/jdk.internal.net.http.common.SequentialScheduler.runOrSchedule(SequentialScheduler.java:303)
	at java.net.http/jdk.internal.net.http.common.SequentialScheduler.runOrSchedule(SequentialScheduler.java:256)
	at java.net.http/jdk.internal.net.http.SocketTube$InternalReadPublisher$InternalReadSubscription.signalReadable(SocketTube.java:774)
	at java.net.http/jdk.internal.net.http.SocketTube$InternalReadPublisher$ReadEvent.signalEvent(SocketTube.java:957)
	at java.net.http/jdk.internal.net.http.SocketTube$SocketFlowEvent.handle(SocketTube.java:253)
	at java.net.http/jdk.internal.net.http.HttpClientImpl$SelectorManager.handleEvent(HttpClientImpl.java:979)
	at java.net.http/jdk.internal.net.http.HttpClientImpl$SelectorManager.lambda$run$3(HttpClientImpl.java:934)
	at java.base/java.util.ArrayList.forEach(ArrayList.java:1511)
	at java.net.http/jdk.internal.net.http.HttpClientImpl$SelectorManager.run(HttpClientImpl.java:934)

]]></system-err>
  </testcase>
</testsuite>